{"/home/anhnt/projects/privacyjs/src/address.js":{"path":"/home/anhnt/projects/privacyjs/src/address.js","statementMap":{"0":{"start":{"line":3,"column":15},"end":{"line":3,"column":30}},"1":{"start":{"line":5,"column":11},"end":{"line":5,"column":33}},"2":{"start":{"line":8,"column":18},"end":{"line":8,"column":37}},"3":{"start":{"line":15,"column":31},"end":{"line":15,"column":111}},"4":{"start":{"line":15,"column":42},"end":{"line":15,"column":111}},"5":{"start":{"line":24,"column":31},"end":{"line":30,"column":1}},"6":{"start":{"line":25,"column":20},"end":{"line":25,"column":33}},"7":{"start":{"line":26,"column":17},"end":{"line":26,"column":41}},"8":{"start":{"line":27,"column":20},"end":{"line":27,"column":46}},"9":{"start":{"line":29,"column":4},"end":{"line":29,"column":51}},"10":{"start":{"line":38,"column":28},"end":{"line":51,"column":1}},"11":{"start":{"line":39,"column":19},"end":{"line":39,"column":28}},"12":{"start":{"line":40,"column":19},"end":{"line":40,"column":42}},"13":{"start":{"line":41,"column":18},"end":{"line":41,"column":41}},"14":{"start":{"line":42,"column":18},"end":{"line":42,"column":41}},"15":{"start":{"line":44,"column":4},"end":{"line":50,"column":6}}},"fnMap":{"0":{"name":"(anonymous_0)","decl":{"start":{"line":15,"column":31},"end":{"line":15,"column":32}},"loc":{"start":{"line":15,"column":42},"end":{"line":15,"column":111}},"line":15},"1":{"name":"(anonymous_1)","decl":{"start":{"line":24,"column":31},"end":{"line":24,"column":32}},"loc":{"start":{"line":24,"column":55},"end":{"line":30,"column":1}},"line":24},"2":{"name":"(anonymous_2)","decl":{"start":{"line":38,"column":28},"end":{"line":38,"column":29}},"loc":{"start":{"line":38,"column":49},"end":{"line":51,"column":1}},"line":38}},"branchMap":{},"s":{"0":0,"1":0,"2":0,"3":0,"4":0,"5":0,"6":0,"7":0,"8":0,"9":0,"10":0,"11":0,"12":0,"13":0,"14":0,"15":0},"f":{"0":0,"1":0,"2":0},"b":{}},"/home/anhnt/projects/privacyjs/src/bullet_proof.js":{"path":"/home/anhnt/projects/privacyjs/src/bullet_proof.js","statementMap":{"0":{"start":{"line":20,"column":11},"end":{"line":20,"column":33}},"1":{"start":{"line":22,"column":18},"end":{"line":22,"column":37}},"2":{"start":{"line":24,"column":14},"end":{"line":24,"column":25}},"3":{"start":{"line":25,"column":14},"end":{"line":28,"column":1}},"4":{"start":{"line":30,"column":10},"end":{"line":30,"column":12}},"5":{"start":{"line":31,"column":19},"end":{"line":31,"column":57}},"6":{"start":{"line":39,"column":13},"end":{"line":47,"column":1}},"7":{"start":{"line":40,"column":17},"end":{"line":40,"column":31}},"8":{"start":{"line":42,"column":4},"end":{"line":45,"column":5}},"9":{"start":{"line":43,"column":8},"end":{"line":43,"column":70}},"10":{"start":{"line":43,"column":46},"end":{"line":43,"column":68}},"11":{"start":{"line":44,"column":8},"end":{"line":44,"column":42}},"12":{"start":{"line":46,"column":4},"end":{"line":46,"column":38}},"13":{"start":{"line":54,"column":27},"end":{"line":76,"column":1}},"14":{"start":{"line":55,"column":15},"end":{"line":55,"column":17}},"15":{"start":{"line":56,"column":15},"end":{"line":56,"column":17}},"16":{"start":{"line":58,"column":4},"end":{"line":65,"column":5}},"17":{"start":{"line":58,"column":17},"end":{"line":58,"column":18}},"18":{"start":{"line":59,"column":8},"end":{"line":61,"column":10}},"19":{"start":{"line":62,"column":8},"end":{"line":64,"column":10}},"20":{"start":{"line":67,"column":14},"end":{"line":69,"column":5}},"21":{"start":{"line":71,"column":4},"end":{"line":75,"column":6}},"22":{"start":{"line":78,"column":18},"end":{"line":88,"column":1}},"23":{"start":{"line":79,"column":19},"end":{"line":79,"column":36}},"24":{"start":{"line":81,"column":4},"end":{"line":85,"column":5}},"25":{"start":{"line":81,"column":17},"end":{"line":81,"column":18}},"26":{"start":{"line":82,"column":8},"end":{"line":84,"column":28}},"27":{"start":{"line":87,"column":4},"end":{"line":87,"column":18}},"28":{"start":{"line":91,"column":17},"end":{"line":115,"column":1}},"29":{"start":{"line":92,"column":17},"end":{"line":92,"column":34}},"30":{"start":{"line":95,"column":15},"end":{"line":95,"column":41}},"31":{"start":{"line":96,"column":15},"end":{"line":96,"column":42}},"32":{"start":{"line":97,"column":15},"end":{"line":97,"column":53}},"33":{"start":{"line":101,"column":19},"end":{"line":101,"column":88}},"34":{"start":{"line":102,"column":13},"end":{"line":102,"column":30}},"35":{"start":{"line":104,"column":4},"end":{"line":110,"column":5}},"36":{"start":{"line":104,"column":17},"end":{"line":104,"column":18}},"37":{"start":{"line":105,"column":19},"end":{"line":107,"column":27}},"38":{"start":{"line":108,"column":21},"end":{"line":108,"column":53}},"39":{"start":{"line":109,"column":8},"end":{"line":109,"column":44}},"40":{"start":{"line":112,"column":4},"end":{"line":112,"column":42}},"41":{"start":{"line":114,"column":4},"end":{"line":114,"column":18}},"42":{"start":{"line":126,"column":27},"end":{"line":141,"column":1}},"43":{"start":{"line":127,"column":15},"end":{"line":129,"column":5}},"44":{"start":{"line":130,"column":15},"end":{"line":130,"column":65}},"45":{"start":{"line":132,"column":4},"end":{"line":138,"column":5}},"46":{"start":{"line":133,"column":8},"end":{"line":137,"column":10}},"47":{"start":{"line":140,"column":4},"end":{"line":140,"column":16}},"48":{"start":{"line":151,"column":17},"end":{"line":164,"column":1}},"49":{"start":{"line":152,"column":4},"end":{"line":152,"column":74}},"50":{"start":{"line":153,"column":19},"end":{"line":153,"column":21}},"51":{"start":{"line":154,"column":4},"end":{"line":161,"column":5}},"52":{"start":{"line":154,"column":17},"end":{"line":154,"column":18}},"53":{"start":{"line":155,"column":8},"end":{"line":160,"column":10}},"54":{"start":{"line":163,"column":4},"end":{"line":163,"column":18}},"55":{"start":{"line":166,"column":18},"end":{"line":166,"column":101}},"56":{"start":{"line":166,"column":38},"end":{"line":166,"column":101}},"57":{"start":{"line":166,"column":63},"end":{"line":166,"column":100}},"58":{"start":{"line":167,"column":24},"end":{"line":167,"column":125}},"59":{"start":{"line":167,"column":45},"end":{"line":167,"column":125}},"60":{"start":{"line":167,"column":79},"end":{"line":167,"column":124}},"61":{"start":{"line":175,"column":21},"end":{"line":189,"column":1}},"62":{"start":{"line":176,"column":16},"end":{"line":176,"column":18}},"63":{"start":{"line":177,"column":4},"end":{"line":177,"column":28}},"64":{"start":{"line":177,"column":17},"end":{"line":177,"column":28}},"65":{"start":{"line":179,"column":4},"end":{"line":179,"column":30}},"66":{"start":{"line":181,"column":4},"end":{"line":181,"column":28}},"67":{"start":{"line":181,"column":17},"end":{"line":181,"column":28}},"68":{"start":{"line":183,"column":4},"end":{"line":183,"column":15}},"69":{"start":{"line":184,"column":4},"end":{"line":186,"column":5}},"70":{"start":{"line":184,"column":17},"end":{"line":184,"column":18}},"71":{"start":{"line":185,"column":8},"end":{"line":185,"column":53}},"72":{"start":{"line":188,"column":4},"end":{"line":188,"column":15}},"73":{"start":{"line":192,"column":15},"end":{"line":192,"column":61}},"74":{"start":{"line":192,"column":28},"end":{"line":192,"column":61}},"75":{"start":{"line":193,"column":24},"end":{"line":193,"column":125}},"76":{"start":{"line":193,"column":45},"end":{"line":193,"column":125}},"77":{"start":{"line":193,"column":79},"end":{"line":193,"column":124}},"78":{"start":{"line":194,"column":18},"end":{"line":194,"column":101}},"79":{"start":{"line":194,"column":38},"end":{"line":194,"column":101}},"80":{"start":{"line":194,"column":63},"end":{"line":194,"column":100}},"81":{"start":{"line":196,"column":40},"end":{"line":232,"column":1}},"82":{"start":{"line":197,"column":15},"end":{"line":197,"column":31}},"83":{"start":{"line":198,"column":15},"end":{"line":198,"column":17}},"84":{"start":{"line":201,"column":21},"end":{"line":201,"column":23}},"85":{"start":{"line":202,"column":17},"end":{"line":202,"column":39}},"86":{"start":{"line":204,"column":4},"end":{"line":213,"column":5}},"87":{"start":{"line":204,"column":17},"end":{"line":204,"column":18}},"88":{"start":{"line":205,"column":8},"end":{"line":205,"column":40}},"89":{"start":{"line":206,"column":8},"end":{"line":212,"column":9}},"90":{"start":{"line":206,"column":21},"end":{"line":206,"column":22}},"91":{"start":{"line":207,"column":12},"end":{"line":211,"column":13}},"92":{"start":{"line":208,"column":16},"end":{"line":208,"column":66}},"93":{"start":{"line":209,"column":16},"end":{"line":209,"column":76}},"94":{"start":{"line":210,"column":16},"end":{"line":210,"column":86}},"95":{"start":{"line":214,"column":13},"end":{"line":214,"column":29}},"96":{"start":{"line":215,"column":16},"end":{"line":215,"column":38}},"97":{"start":{"line":217,"column":4},"end":{"line":217,"column":27}},"98":{"start":{"line":218,"column":4},"end":{"line":218,"column":39}},"99":{"start":{"line":219,"column":15},"end":{"line":219,"column":32}},"100":{"start":{"line":222,"column":17},"end":{"line":222,"column":37}},"101":{"start":{"line":223,"column":17},"end":{"line":223,"column":37}},"102":{"start":{"line":225,"column":13},"end":{"line":225,"column":30}},"103":{"start":{"line":226,"column":4},"end":{"line":226,"column":42}},"104":{"start":{"line":227,"column":15},"end":{"line":227,"column":53}},"105":{"start":{"line":229,"column":4},"end":{"line":231,"column":6}},"106":{"start":{"line":234,"column":21},"end":{"line":234,"column":96}},"107":{"start":{"line":234,"column":60},"end":{"line":234,"column":96}},"108":{"start":{"line":236,"column":21},"end":{"line":242,"column":1}},"109":{"start":{"line":237,"column":16},"end":{"line":237,"column":18}},"110":{"start":{"line":238,"column":4},"end":{"line":240,"column":5}},"111":{"start":{"line":238,"column":17},"end":{"line":238,"column":18}},"112":{"start":{"line":239,"column":8},"end":{"line":239,"column":47}},"113":{"start":{"line":241,"column":4},"end":{"line":241,"column":15}},"114":{"start":{"line":243,"column":34},"end":{"line":243,"column":89}},"115":{"start":{"line":243,"column":49},"end":{"line":243,"column":89}},"116":{"start":{"line":245,"column":34},"end":{"line":245,"column":89}},"117":{"start":{"line":245,"column":49},"end":{"line":245,"column":89}},"118":{"start":{"line":247,"column":46},"end":{"line":259,"column":1}},"119":{"start":{"line":248,"column":15},"end":{"line":248,"column":26}},"120":{"start":{"line":249,"column":16},"end":{"line":249,"column":24}},"121":{"start":{"line":250,"column":4},"end":{"line":250,"column":53}},"122":{"start":{"line":252,"column":17},"end":{"line":252,"column":39}},"123":{"start":{"line":253,"column":4},"end":{"line":256,"column":5}},"124":{"start":{"line":253,"column":17},"end":{"line":253,"column":18}},"125":{"start":{"line":254,"column":8},"end":{"line":254,"column":58}},"126":{"start":{"line":255,"column":8},"end":{"line":255,"column":73}},"127":{"start":{"line":258,"column":4},"end":{"line":258,"column":16}},"128":{"start":{"line":262,"column":13},"end":{"line":263,"column":12}},"129":{"start":{"line":289,"column":8},"end":{"line":289,"column":84}},"130":{"start":{"line":291,"column":26},"end":{"line":291,"column":28}},"131":{"start":{"line":292,"column":17},"end":{"line":292,"column":19}},"132":{"start":{"line":293,"column":17},"end":{"line":293,"column":19}},"133":{"start":{"line":294,"column":18},"end":{"line":294,"column":20}},"134":{"start":{"line":295,"column":8},"end":{"line":295,"column":26}},"135":{"start":{"line":297,"column":8},"end":{"line":297,"column":92}},"136":{"start":{"line":309,"column":30},"end":{"line":309,"column":55}},"137":{"start":{"line":311,"column":8},"end":{"line":328,"column":9}},"138":{"start":{"line":311,"column":21},"end":{"line":311,"column":22}},"139":{"start":{"line":312,"column":12},"end":{"line":314,"column":13}},"140":{"start":{"line":313,"column":16},"end":{"line":313,"column":69}},"141":{"start":{"line":316,"column":12},"end":{"line":320,"column":13}},"142":{"start":{"line":319,"column":16},"end":{"line":319,"column":70}},"143":{"start":{"line":322,"column":12},"end":{"line":322,"column":59}},"144":{"start":{"line":323,"column":12},"end":{"line":323,"column":39}},"145":{"start":{"line":324,"column":12},"end":{"line":327,"column":14}},"146":{"start":{"line":325,"column":40},"end":{"line":325,"column":53}},"147":{"start":{"line":326,"column":38},"end":{"line":326,"column":54}},"148":{"start":{"line":331,"column":8},"end":{"line":331,"column":28}},"149":{"start":{"line":333,"column":8},"end":{"line":333,"column":60}},"150":{"start":{"line":333,"column":45},"end":{"line":333,"column":58}},"151":{"start":{"line":334,"column":8},"end":{"line":334,"column":27}},"152":{"start":{"line":337,"column":8},"end":{"line":337,"column":77}},"153":{"start":{"line":340,"column":22},"end":{"line":340,"column":32}},"154":{"start":{"line":341,"column":18},"end":{"line":341,"column":80}},"155":{"start":{"line":343,"column":8},"end":{"line":343,"column":24}},"156":{"start":{"line":346,"column":19},"end":{"line":346,"column":56}},"157":{"start":{"line":346,"column":45},"end":{"line":346,"column":55}},"158":{"start":{"line":347,"column":19},"end":{"line":347,"column":56}},"159":{"start":{"line":347,"column":45},"end":{"line":347,"column":55}},"160":{"start":{"line":348,"column":20},"end":{"line":348,"column":30}},"161":{"start":{"line":350,"column":18},"end":{"line":350,"column":78}},"162":{"start":{"line":352,"column":8},"end":{"line":352,"column":24}},"163":{"start":{"line":356,"column":24},"end":{"line":356,"column":85}},"164":{"start":{"line":356,"column":49},"end":{"line":356,"column":83}},"165":{"start":{"line":360,"column":8},"end":{"line":363,"column":10}},"166":{"start":{"line":365,"column":19},"end":{"line":367,"column":9}},"167":{"start":{"line":369,"column":8},"end":{"line":369,"column":26}},"168":{"start":{"line":372,"column":8},"end":{"line":372,"column":72}},"169":{"start":{"line":373,"column":19},"end":{"line":375,"column":9}},"170":{"start":{"line":377,"column":8},"end":{"line":377,"column":26}},"171":{"start":{"line":383,"column":12},"end":{"line":383,"column":67}},"172":{"start":{"line":386,"column":21},"end":{"line":386,"column":31}},"173":{"start":{"line":387,"column":19},"end":{"line":387,"column":47}},"174":{"start":{"line":389,"column":8},"end":{"line":389,"column":26}},"175":{"start":{"line":392,"column":21},"end":{"line":392,"column":31}},"176":{"start":{"line":393,"column":19},"end":{"line":393,"column":47}},"177":{"start":{"line":395,"column":8},"end":{"line":395,"column":26}},"178":{"start":{"line":400,"column":8},"end":{"line":400,"column":109}},"179":{"start":{"line":401,"column":19},"end":{"line":403,"column":9}},"180":{"start":{"line":405,"column":8},"end":{"line":405,"column":26}},"181":{"start":{"line":408,"column":18},"end":{"line":408,"column":55}},"182":{"start":{"line":409,"column":18},"end":{"line":409,"column":55}},"183":{"start":{"line":410,"column":18},"end":{"line":410,"column":36}},"184":{"start":{"line":412,"column":8},"end":{"line":412,"column":25}},"185":{"start":{"line":415,"column":21},"end":{"line":415,"column":85}},"186":{"start":{"line":417,"column":8},"end":{"line":417,"column":29}},"187":{"start":{"line":420,"column":19},"end":{"line":420,"column":59}},"188":{"start":{"line":422,"column":8},"end":{"line":422,"column":26}},"189":{"start":{"line":426,"column":24},"end":{"line":428,"column":10}},"190":{"start":{"line":426,"column":49},"end":{"line":428,"column":9}},"191":{"start":{"line":430,"column":18},"end":{"line":430,"column":61}},"192":{"start":{"line":432,"column":8},"end":{"line":432,"column":71}},"193":{"start":{"line":434,"column":8},"end":{"line":434,"column":25}},"194":{"start":{"line":443,"column":26},"end":{"line":446,"column":9}},"195":{"start":{"line":447,"column":8},"end":{"line":447,"column":82}},"196":{"start":{"line":447,"column":50},"end":{"line":447,"column":71}},"197":{"start":{"line":448,"column":8},"end":{"line":448,"column":50}},"198":{"start":{"line":449,"column":8},"end":{"line":449,"column":50}},"199":{"start":{"line":450,"column":8},"end":{"line":450,"column":49}},"200":{"start":{"line":451,"column":8},"end":{"line":451,"column":49}},"201":{"start":{"line":452,"column":8},"end":{"line":452,"column":52}},"202":{"start":{"line":453,"column":8},"end":{"line":453,"column":52}},"203":{"start":{"line":454,"column":8},"end":{"line":454,"column":49}},"204":{"start":{"line":455,"column":8},"end":{"line":455,"column":49}},"205":{"start":{"line":456,"column":8},"end":{"line":456,"column":51}},"206":{"start":{"line":457,"column":8},"end":{"line":457,"column":49}},"207":{"start":{"line":458,"column":8},"end":{"line":458,"column":90}},"208":{"start":{"line":458,"column":54},"end":{"line":458,"column":79}},"209":{"start":{"line":459,"column":8},"end":{"line":459,"column":90}},"210":{"start":{"line":459,"column":54},"end":{"line":459,"column":79}},"211":{"start":{"line":461,"column":8},"end":{"line":461,"column":55}},"212":{"start":{"line":462,"column":8},"end":{"line":462,"column":55}},"213":{"start":{"line":463,"column":8},"end":{"line":463,"column":99}},"214":{"start":{"line":463,"column":69},"end":{"line":463,"column":88}},"215":{"start":{"line":465,"column":8},"end":{"line":465,"column":25}},"216":{"start":{"line":469,"column":8},"end":{"line":469,"column":29}},"217":{"start":{"line":470,"column":24},"end":{"line":470,"column":93}},"218":{"start":{"line":470,"column":57},"end":{"line":470,"column":91}},"219":{"start":{"line":471,"column":8},"end":{"line":474,"column":10}},"220":{"start":{"line":476,"column":19},"end":{"line":478,"column":9}},"221":{"start":{"line":480,"column":8},"end":{"line":483,"column":9}},"222":{"start":{"line":481,"column":12},"end":{"line":481,"column":61}},"223":{"start":{"line":482,"column":12},"end":{"line":482,"column":25}},"224":{"start":{"line":486,"column":8},"end":{"line":486,"column":76}},"225":{"start":{"line":487,"column":19},"end":{"line":489,"column":9}},"226":{"start":{"line":491,"column":8},"end":{"line":494,"column":9}},"227":{"start":{"line":492,"column":12},"end":{"line":492,"column":61}},"228":{"start":{"line":493,"column":12},"end":{"line":493,"column":25}},"229":{"start":{"line":497,"column":8},"end":{"line":497,"column":117}},"230":{"start":{"line":498,"column":19},"end":{"line":500,"column":9}},"231":{"start":{"line":502,"column":8},"end":{"line":505,"column":9}},"232":{"start":{"line":503,"column":12},"end":{"line":503,"column":60}},"233":{"start":{"line":504,"column":12},"end":{"line":504,"column":25}},"234":{"start":{"line":507,"column":20},"end":{"line":507,"column":43}},"235":{"start":{"line":508,"column":20},"end":{"line":508,"column":55}},"236":{"start":{"line":511,"column":20},"end":{"line":511,"column":43}},"237":{"start":{"line":512,"column":19},"end":{"line":512,"column":47}},"238":{"start":{"line":514,"column":8},"end":{"line":526,"column":9}},"239":{"start":{"line":514,"column":21},"end":{"line":514,"column":22}},"240":{"start":{"line":515,"column":12},"end":{"line":525,"column":13}},"241":{"start":{"line":516,"column":16},"end":{"line":520,"column":18}},"242":{"start":{"line":522,"column":16},"end":{"line":524,"column":18}},"243":{"start":{"line":529,"column":20},"end":{"line":533,"column":25}},"244":{"start":{"line":535,"column":8},"end":{"line":540,"column":9}},"245":{"start":{"line":536,"column":12},"end":{"line":536,"column":78}},"246":{"start":{"line":537,"column":12},"end":{"line":537,"column":29}},"247":{"start":{"line":538,"column":12},"end":{"line":538,"column":29}},"248":{"start":{"line":539,"column":12},"end":{"line":539,"column":25}},"249":{"start":{"line":543,"column":21},"end":{"line":543,"column":47}},"250":{"start":{"line":545,"column":30},"end":{"line":545,"column":55}},"251":{"start":{"line":547,"column":8},"end":{"line":551,"column":9}},"252":{"start":{"line":547,"column":21},"end":{"line":547,"column":22}},"253":{"start":{"line":548,"column":12},"end":{"line":550,"column":46}},"254":{"start":{"line":549,"column":16},"end":{"line":549,"column":49}},"255":{"start":{"line":550,"column":21},"end":{"line":550,"column":44}},"256":{"start":{"line":553,"column":28},"end":{"line":553,"column":65}},"257":{"start":{"line":557,"column":23},"end":{"line":557,"column":25}},"258":{"start":{"line":559,"column":8},"end":{"line":562,"column":9}},"259":{"start":{"line":559,"column":21},"end":{"line":559,"column":22}},"260":{"start":{"line":560,"column":23},"end":{"line":560,"column":47}},"261":{"start":{"line":561,"column":12},"end":{"line":561,"column":38}},"262":{"start":{"line":564,"column":8},"end":{"line":577,"column":9}},"263":{"start":{"line":564,"column":21},"end":{"line":564,"column":22}},"264":{"start":{"line":565,"column":12},"end":{"line":576,"column":13}},"265":{"start":{"line":565,"column":25},"end":{"line":565,"column":26}},"266":{"start":{"line":566,"column":29},"end":{"line":566,"column":51}},"267":{"start":{"line":567,"column":27},"end":{"line":569,"column":35}},"268":{"start":{"line":570,"column":29},"end":{"line":570,"column":69}},"269":{"start":{"line":571,"column":16},"end":{"line":575,"column":17}},"270":{"start":{"line":572,"column":20},"end":{"line":572,"column":75}},"271":{"start":{"line":574,"column":20},"end":{"line":574,"column":65}},"272":{"start":{"line":581,"column":18},"end":{"line":581,"column":91}},"273":{"start":{"line":583,"column":8},"end":{"line":586,"column":9}},"274":{"start":{"line":584,"column":12},"end":{"line":584,"column":79}},"275":{"start":{"line":585,"column":12},"end":{"line":585,"column":25}},"276":{"start":{"line":588,"column":8},"end":{"line":588,"column":20}}},"fnMap":{"0":{"name":"(anonymous_0)","decl":{"start":{"line":39,"column":13},"end":{"line":39,"column":14}},"loc":{"start":{"line":39,"column":58},"end":{"line":47,"column":1}},"line":39},"1":{"name":"(anonymous_1)","decl":{"start":{"line":54,"column":27},"end":{"line":54,"column":28}},"loc":{"start":{"line":54,"column":51},"end":{"line":76,"column":1}},"line":54},"2":{"name":"(anonymous_2)","decl":{"start":{"line":78,"column":18},"end":{"line":78,"column":19}},"loc":{"start":{"line":78,"column":25},"end":{"line":88,"column":1}},"line":78},"3":{"name":"(anonymous_3)","decl":{"start":{"line":91,"column":17},"end":{"line":91,"column":18}},"loc":{"start":{"line":91,"column":30},"end":{"line":115,"column":1}},"line":91},"4":{"name":"(anonymous_4)","decl":{"start":{"line":126,"column":27},"end":{"line":126,"column":28}},"loc":{"start":{"line":126,"column":45},"end":{"line":141,"column":1}},"line":126},"5":{"name":"(anonymous_5)","decl":{"start":{"line":151,"column":17},"end":{"line":151,"column":18}},"loc":{"start":{"line":151,"column":29},"end":{"line":164,"column":1}},"line":151},"6":{"name":"(anonymous_6)","decl":{"start":{"line":166,"column":18},"end":{"line":166,"column":19}},"loc":{"start":{"line":166,"column":38},"end":{"line":166,"column":101}},"line":166},"7":{"name":"(anonymous_7)","decl":{"start":{"line":166,"column":52},"end":{"line":166,"column":53}},"loc":{"start":{"line":166,"column":63},"end":{"line":166,"column":100}},"line":166},"8":{"name":"(anonymous_8)","decl":{"start":{"line":167,"column":24},"end":{"line":167,"column":25}},"loc":{"start":{"line":167,"column":45},"end":{"line":167,"column":125}},"line":167},"9":{"name":"(anonymous_9)","decl":{"start":{"line":167,"column":59},"end":{"line":167,"column":60}},"loc":{"start":{"line":167,"column":79},"end":{"line":167,"column":124}},"line":167},"10":{"name":"(anonymous_10)","decl":{"start":{"line":175,"column":21},"end":{"line":175,"column":22}},"loc":{"start":{"line":175,"column":31},"end":{"line":189,"column":1}},"line":175},"11":{"name":"(anonymous_11)","decl":{"start":{"line":192,"column":15},"end":{"line":192,"column":16}},"loc":{"start":{"line":192,"column":28},"end":{"line":192,"column":61}},"line":192},"12":{"name":"(anonymous_12)","decl":{"start":{"line":193,"column":24},"end":{"line":193,"column":25}},"loc":{"start":{"line":193,"column":45},"end":{"line":193,"column":125}},"line":193},"13":{"name":"(anonymous_13)","decl":{"start":{"line":193,"column":59},"end":{"line":193,"column":60}},"loc":{"start":{"line":193,"column":79},"end":{"line":193,"column":124}},"line":193},"14":{"name":"(anonymous_14)","decl":{"start":{"line":194,"column":18},"end":{"line":194,"column":19}},"loc":{"start":{"line":194,"column":38},"end":{"line":194,"column":101}},"line":194},"15":{"name":"(anonymous_15)","decl":{"start":{"line":194,"column":52},"end":{"line":194,"column":53}},"loc":{"start":{"line":194,"column":63},"end":{"line":194,"column":100}},"line":194},"16":{"name":"(anonymous_16)","decl":{"start":{"line":196,"column":40},"end":{"line":196,"column":41}},"loc":{"start":{"line":196,"column":66},"end":{"line":232,"column":1}},"line":196},"17":{"name":"(anonymous_17)","decl":{"start":{"line":234,"column":21},"end":{"line":234,"column":22}},"loc":{"start":{"line":234,"column":60},"end":{"line":234,"column":96}},"line":234},"18":{"name":"(anonymous_18)","decl":{"start":{"line":236,"column":21},"end":{"line":236,"column":22}},"loc":{"start":{"line":236,"column":31},"end":{"line":242,"column":1}},"line":236},"19":{"name":"(anonymous_19)","decl":{"start":{"line":243,"column":34},"end":{"line":243,"column":35}},"loc":{"start":{"line":243,"column":49},"end":{"line":243,"column":89}},"line":243},"20":{"name":"(anonymous_20)","decl":{"start":{"line":245,"column":34},"end":{"line":245,"column":35}},"loc":{"start":{"line":245,"column":49},"end":{"line":245,"column":89}},"line":245},"21":{"name":"(anonymous_21)","decl":{"start":{"line":247,"column":46},"end":{"line":247,"column":47}},"loc":{"start":{"line":247,"column":75},"end":{"line":259,"column":1}},"line":247},"22":{"name":"(anonymous_22)","decl":{"start":{"line":288,"column":4},"end":{"line":288,"column":5}},"loc":{"start":{"line":288,"column":32},"end":{"line":435,"column":5}},"line":288},"23":{"name":"(anonymous_23)","decl":{"start":{"line":325,"column":29},"end":{"line":325,"column":30}},"loc":{"start":{"line":325,"column":40},"end":{"line":325,"column":53}},"line":325},"24":{"name":"(anonymous_24)","decl":{"start":{"line":326,"column":32},"end":{"line":326,"column":33}},"loc":{"start":{"line":326,"column":38},"end":{"line":326,"column":54}},"line":326},"25":{"name":"(anonymous_25)","decl":{"start":{"line":333,"column":34},"end":{"line":333,"column":35}},"loc":{"start":{"line":333,"column":45},"end":{"line":333,"column":58}},"line":333},"26":{"name":"(anonymous_26)","decl":{"start":{"line":346,"column":39},"end":{"line":346,"column":40}},"loc":{"start":{"line":346,"column":45},"end":{"line":346,"column":55}},"line":346},"27":{"name":"(anonymous_27)","decl":{"start":{"line":347,"column":39},"end":{"line":347,"column":40}},"loc":{"start":{"line":347,"column":45},"end":{"line":347,"column":55}},"line":347},"28":{"name":"(anonymous_28)","decl":{"start":{"line":356,"column":43},"end":{"line":356,"column":44}},"loc":{"start":{"line":356,"column":49},"end":{"line":356,"column":83}},"line":356},"29":{"name":"(anonymous_29)","decl":{"start":{"line":426,"column":34},"end":{"line":426,"column":35}},"loc":{"start":{"line":426,"column":49},"end":{"line":428,"column":9}},"line":426},"30":{"name":"(anonymous_30)","decl":{"start":{"line":442,"column":4},"end":{"line":442,"column":5}},"loc":{"start":{"line":442,"column":29},"end":{"line":466,"column":5}},"line":442},"31":{"name":"(anonymous_31)","decl":{"start":{"line":447,"column":45},"end":{"line":447,"column":46}},"loc":{"start":{"line":447,"column":50},"end":{"line":447,"column":71}},"line":447},"32":{"name":"(anonymous_32)","decl":{"start":{"line":458,"column":45},"end":{"line":458,"column":46}},"loc":{"start":{"line":458,"column":54},"end":{"line":458,"column":79}},"line":458},"33":{"name":"(anonymous_33)","decl":{"start":{"line":459,"column":45},"end":{"line":459,"column":46}},"loc":{"start":{"line":459,"column":54},"end":{"line":459,"column":79}},"line":459},"34":{"name":"(anonymous_34)","decl":{"start":{"line":463,"column":63},"end":{"line":463,"column":64}},"loc":{"start":{"line":463,"column":69},"end":{"line":463,"column":88}},"line":463},"35":{"name":"(anonymous_35)","decl":{"start":{"line":468,"column":4},"end":{"line":468,"column":5}},"loc":{"start":{"line":468,"column":33},"end":{"line":589,"column":5}},"line":468},"36":{"name":"(anonymous_36)","decl":{"start":{"line":470,"column":51},"end":{"line":470,"column":52}},"loc":{"start":{"line":470,"column":57},"end":{"line":470,"column":91}},"line":470}},"branchMap":{"0":{"loc":{"start":{"line":42,"column":4},"end":{"line":45,"column":5}},"type":"if","locations":[{"start":{"line":42,"column":4},"end":{"line":45,"column":5}},{"start":{"line":42,"column":4},"end":{"line":45,"column":5}}],"line":42},"1":{"loc":{"start":{"line":43,"column":32},"end":{"line":43,"column":41}},"type":"binary-expr","locations":[{"start":{"line":43,"column":32},"end":{"line":43,"column":36}},{"start":{"line":43,"column":40},"end":{"line":43,"column":41}}],"line":43},"2":{"loc":{"start":{"line":130,"column":15},"end":{"line":130,"column":65}},"type":"cond-expr","locations":[{"start":{"line":130,"column":44},"end":{"line":130,"column":50}},{"start":{"line":130,"column":53},"end":{"line":130,"column":65}}],"line":130},"3":{"loc":{"start":{"line":132,"column":4},"end":{"line":138,"column":5}},"type":"if","locations":[{"start":{"line":132,"column":4},"end":{"line":138,"column":5}},{"start":{"line":132,"column":4},"end":{"line":138,"column":5}}],"line":132},"4":{"loc":{"start":{"line":177,"column":4},"end":{"line":177,"column":28}},"type":"if","locations":[{"start":{"line":177,"column":4},"end":{"line":177,"column":28}},{"start":{"line":177,"column":4},"end":{"line":177,"column":28}}],"line":177},"5":{"loc":{"start":{"line":181,"column":4},"end":{"line":181,"column":28}},"type":"if","locations":[{"start":{"line":181,"column":4},"end":{"line":181,"column":28}},{"start":{"line":181,"column":4},"end":{"line":181,"column":28}}],"line":181},"6":{"loc":{"start":{"line":207,"column":12},"end":{"line":211,"column":13}},"type":"if","locations":[{"start":{"line":207,"column":12},"end":{"line":211,"column":13}},{"start":{"line":207,"column":12},"end":{"line":211,"column":13}}],"line":207},"7":{"loc":{"start":{"line":207,"column":16},"end":{"line":207,"column":45}},"type":"binary-expr","locations":[{"start":{"line":207,"column":16},"end":{"line":207,"column":32}},{"start":{"line":207,"column":36},"end":{"line":207,"column":45}}],"line":207},"8":{"loc":{"start":{"line":312,"column":12},"end":{"line":314,"column":13}},"type":"if","locations":[{"start":{"line":312,"column":12},"end":{"line":314,"column":13}},{"start":{"line":312,"column":12},"end":{"line":314,"column":13}}],"line":312},"9":{"loc":{"start":{"line":316,"column":12},"end":{"line":320,"column":13}},"type":"if","locations":[{"start":{"line":316,"column":12},"end":{"line":320,"column":13}},{"start":{"line":316,"column":12},"end":{"line":320,"column":13}}],"line":316},"10":{"loc":{"start":{"line":480,"column":8},"end":{"line":483,"column":9}},"type":"if","locations":[{"start":{"line":480,"column":8},"end":{"line":483,"column":9}},{"start":{"line":480,"column":8},"end":{"line":483,"column":9}}],"line":480},"11":{"loc":{"start":{"line":491,"column":8},"end":{"line":494,"column":9}},"type":"if","locations":[{"start":{"line":491,"column":8},"end":{"line":494,"column":9}},{"start":{"line":491,"column":8},"end":{"line":494,"column":9}}],"line":491},"12":{"loc":{"start":{"line":502,"column":8},"end":{"line":505,"column":9}},"type":"if","locations":[{"start":{"line":502,"column":8},"end":{"line":505,"column":9}},{"start":{"line":502,"column":8},"end":{"line":505,"column":9}}],"line":502},"13":{"loc":{"start":{"line":515,"column":12},"end":{"line":525,"column":13}},"type":"if","locations":[{"start":{"line":515,"column":12},"end":{"line":525,"column":13}},{"start":{"line":515,"column":12},"end":{"line":525,"column":13}}],"line":515},"14":{"loc":{"start":{"line":535,"column":8},"end":{"line":540,"column":9}},"type":"if","locations":[{"start":{"line":535,"column":8},"end":{"line":540,"column":9}},{"start":{"line":535,"column":8},"end":{"line":540,"column":9}}],"line":535},"15":{"loc":{"start":{"line":548,"column":12},"end":{"line":550,"column":46}},"type":"if","locations":[{"start":{"line":548,"column":12},"end":{"line":550,"column":46}},{"start":{"line":548,"column":12},"end":{"line":550,"column":46}}],"line":548},"16":{"loc":{"start":{"line":571,"column":16},"end":{"line":575,"column":17}},"type":"if","locations":[{"start":{"line":571,"column":16},"end":{"line":575,"column":17}},{"start":{"line":571,"column":16},"end":{"line":575,"column":17}}],"line":571},"17":{"loc":{"start":{"line":583,"column":8},"end":{"line":586,"column":9}},"type":"if","locations":[{"start":{"line":583,"column":8},"end":{"line":586,"column":9}},{"start":{"line":583,"column":8},"end":{"line":586,"column":9}}],"line":583}},"s":{"0":0,"1":0,"2":0,"3":0,"4":0,"5":0,"6":0,"7":0,"8":0,"9":0,"10":0,"11":0,"12":0,"13":0,"14":0,"15":0,"16":0,"17":0,"18":0,"19":0,"20":0,"21":0,"22":0,"23":0,"24":0,"25":0,"26":0,"27":0,"28":0,"29":0,"30":0,"31":0,"32":0,"33":0,"34":0,"35":0,"36":0,"37":0,"38":0,"39":0,"40":0,"41":0,"42":0,"43":0,"44":0,"45":0,"46":0,"47":0,"48":0,"49":0,"50":0,"51":0,"52":0,"53":0,"54":0,"55":0,"56":0,"57":0,"58":0,"59":0,"60":0,"61":0,"62":0,"63":0,"64":0,"65":0,"66":0,"67":0,"68":0,"69":0,"70":0,"71":0,"72":0,"73":0,"74":0,"75":0,"76":0,"77":0,"78":0,"79":0,"80":0,"81":0,"82":0,"83":0,"84":0,"85":0,"86":0,"87":0,"88":0,"89":0,"90":0,"91":0,"92":0,"93":0,"94":0,"95":0,"96":0,"97":0,"98":0,"99":0,"100":0,"101":0,"102":0,"103":0,"104":0,"105":0,"106":0,"107":0,"108":0,"109":0,"110":0,"111":0,"112":0,"113":0,"114":0,"115":0,"116":0,"117":0,"118":0,"119":0,"120":0,"121":0,"122":0,"123":0,"124":0,"125":0,"126":0,"127":0,"128":0,"129":0,"130":0,"131":0,"132":0,"133":0,"134":0,"135":0,"136":0,"137":0,"138":0,"139":0,"140":0,"141":0,"142":0,"143":0,"144":0,"145":0,"146":0,"147":0,"148":0,"149":0,"150":0,"151":0,"152":0,"153":0,"154":0,"155":0,"156":0,"157":0,"158":0,"159":0,"160":0,"161":0,"162":0,"163":0,"164":0,"165":0,"166":0,"167":0,"168":0,"169":0,"170":0,"171":0,"172":0,"173":0,"174":0,"175":0,"176":0,"177":0,"178":0,"179":0,"180":0,"181":0,"182":0,"183":0,"184":0,"185":0,"186":0,"187":0,"188":0,"189":0,"190":0,"191":0,"192":0,"193":0,"194":0,"195":0,"196":0,"197":0,"198":0,"199":0,"200":0,"201":0,"202":0,"203":0,"204":0,"205":0,"206":0,"207":0,"208":0,"209":0,"210":0,"211":0,"212":0,"213":0,"214":0,"215":0,"216":0,"217":0,"218":0,"219":0,"220":0,"221":0,"222":0,"223":0,"224":0,"225":0,"226":0,"227":0,"228":0,"229":0,"230":0,"231":0,"232":0,"233":0,"234":0,"235":0,"236":0,"237":0,"238":0,"239":0,"240":0,"241":0,"242":0,"243":0,"244":0,"245":0,"246":0,"247":0,"248":0,"249":0,"250":0,"251":0,"252":0,"253":0,"254":0,"255":0,"256":0,"257":0,"258":0,"259":0,"260":0,"261":0,"262":0,"263":0,"264":0,"265":0,"266":0,"267":0,"268":0,"269":0,"270":0,"271":0,"272":0,"273":0,"274":0,"275":0,"276":0},"f":{"0":0,"1":0,"2":0,"3":0,"4":0,"5":0,"6":0,"7":0,"8":0,"9":0,"10":0,"11":0,"12":0,"13":0,"14":0,"15":0,"16":0,"17":0,"18":0,"19":0,"20":0,"21":0,"22":0,"23":0,"24":0,"25":0,"26":0,"27":0,"28":0,"29":0,"30":0,"31":0,"32":0,"33":0,"34":0,"35":0,"36":0},"b":{"0":[0,0],"1":[0,0],"2":[0,0],"3":[0,0],"4":[0,0],"5":[0,0],"6":[0,0],"7":[0,0],"8":[0,0],"9":[0,0],"10":[0,0],"11":[0,0],"12":[0,0],"13":[0,0],"14":[0,0],"15":[0,0],"16":[0,0],"17":[0,0]}},"/home/anhnt/projects/privacyjs/src/commitment.js":{"path":"/home/anhnt/projects/privacyjs/src/commitment.js","statementMap":{"0":{"start":{"line":5,"column":11},"end":{"line":5,"column":33}},"1":{"start":{"line":7,"column":18},"end":{"line":7,"column":37}},"2":{"start":{"line":29,"column":22},"end":{"line":29,"column":33}},"3":{"start":{"line":31,"column":8},"end":{"line":35,"column":9}},"4":{"start":{"line":32,"column":12},"end":{"line":34,"column":37}},"5":{"start":{"line":37,"column":8},"end":{"line":43,"column":9}},"6":{"start":{"line":38,"column":12},"end":{"line":42,"column":37}},"7":{"start":{"line":45,"column":8},"end":{"line":52,"column":38}},"8":{"start":{"line":61,"column":23},"end":{"line":61,"column":27}},"9":{"start":{"line":62,"column":8},"end":{"line":70,"column":9}},"10":{"start":{"line":62,"column":25},"end":{"line":62,"column":26}},"11":{"start":{"line":63,"column":31},"end":{"line":63,"column":78}},"12":{"start":{"line":65,"column":12},"end":{"line":69,"column":13}},"13":{"start":{"line":66,"column":16},"end":{"line":66,"column":38}},"14":{"start":{"line":68,"column":16},"end":{"line":68,"column":52}},"15":{"start":{"line":72,"column":8},"end":{"line":72,"column":24}},"16":{"start":{"line":83,"column":29},"end":{"line":85,"column":9}},"17":{"start":{"line":86,"column":8},"end":{"line":86,"column":85}}},"fnMap":{"0":{"name":"(anonymous_0)","decl":{"start":{"line":28,"column":4},"end":{"line":28,"column":5}},"loc":{"start":{"line":28,"column":55},"end":{"line":53,"column":5}},"line":28},"1":{"name":"(anonymous_1)","decl":{"start":{"line":60,"column":4},"end":{"line":60,"column":5}},"loc":{"start":{"line":60,"column":39},"end":{"line":73,"column":5}},"line":60},"2":{"name":"(anonymous_2)","decl":{"start":{"line":82,"column":4},"end":{"line":82,"column":5}},"loc":{"start":{"line":82,"column":54},"end":{"line":87,"column":5}},"line":82}},"branchMap":{"0":{"loc":{"start":{"line":28,"column":39},"end":{"line":28,"column":53}},"type":"default-arg","locations":[{"start":{"line":28,"column":49},"end":{"line":28,"column":53}}],"line":28},"1":{"loc":{"start":{"line":31,"column":8},"end":{"line":35,"column":9}},"type":"if","locations":[{"start":{"line":31,"column":8},"end":{"line":35,"column":9}},{"start":{"line":31,"column":8},"end":{"line":35,"column":9}}],"line":31},"2":{"loc":{"start":{"line":31,"column":12},"end":{"line":31,"column":48}},"type":"binary-expr","locations":[{"start":{"line":31,"column":12},"end":{"line":31,"column":19}},{"start":{"line":31,"column":23},"end":{"line":31,"column":48}}],"line":31},"3":{"loc":{"start":{"line":37,"column":8},"end":{"line":43,"column":9}},"type":"if","locations":[{"start":{"line":37,"column":8},"end":{"line":43,"column":9}},{"start":{"line":37,"column":8},"end":{"line":43,"column":9}}],"line":37},"4":{"loc":{"start":{"line":37,"column":12},"end":{"line":37,"column":44}},"type":"binary-expr","locations":[{"start":{"line":37,"column":12},"end":{"line":37,"column":17}},{"start":{"line":37,"column":21},"end":{"line":37,"column":44}}],"line":37},"5":{"loc":{"start":{"line":65,"column":12},"end":{"line":69,"column":13}},"type":"if","locations":[{"start":{"line":65,"column":12},"end":{"line":69,"column":13}},{"start":{"line":65,"column":12},"end":{"line":69,"column":13}}],"line":65}},"s":{"0":0,"1":0,"2":0,"3":0,"4":0,"5":0,"6":0,"7":0,"8":0,"9":0,"10":0,"11":0,"12":0,"13":0,"14":0,"15":0,"16":0,"17":0},"f":{"0":0,"1":0,"2":0},"b":{"0":[0],"1":[0,0],"2":[0,0],"3":[0,0],"4":[0,0],"5":[0,0]}},"/home/anhnt/projects/privacyjs/src/constants.js":{"path":"/home/anhnt/projects/privacyjs/src/constants.js","statementMap":{"0":{"start":{"line":4,"column":34},"end":{"line":4,"column":36}},"1":{"start":{"line":5,"column":34},"end":{"line":5,"column":36}},"2":{"start":{"line":6,"column":38},"end":{"line":6,"column":40}},"3":{"start":{"line":7,"column":38},"end":{"line":7,"column":40}},"4":{"start":{"line":8,"column":37},"end":{"line":8,"column":40}},"5":{"start":{"line":10,"column":33},"end":{"line":10,"column":44}},"6":{"start":{"line":11,"column":27},"end":{"line":11,"column":37}},"7":{"start":{"line":13,"column":11},"end":{"line":13,"column":33}},"8":{"start":{"line":15,"column":18},"end":{"line":15,"column":37}},"9":{"start":{"line":16,"column":21},"end":{"line":19,"column":1}},"10":{"start":{"line":21,"column":30},"end":{"line":21,"column":32}},"11":{"start":{"line":22,"column":43},"end":{"line":22,"column":44}},"12":{"start":{"line":23,"column":32},"end":{"line":25,"column":1}},"13":{"start":{"line":27,"column":31},"end":{"line":29,"column":1}},"14":{"start":{"line":31,"column":34},"end":{"line":33,"column":1}}},"fnMap":{},"branchMap":{},"s":{"0":0,"1":0,"2":0,"3":0,"4":0,"5":0,"6":0,"7":0,"8":0,"9":0,"10":0,"11":0,"12":0,"13":0,"14":0},"f":{},"b":{}},"/home/anhnt/projects/privacyjs/src/index.js":{"path":"/home/anhnt/projects/privacyjs/src/index.js","statementMap":{"0":{"start":{"line":10,"column":0},"end":{"line":18,"column":2}}},"fnMap":{},"branchMap":{},"s":{"0":0},"f":{},"b":{}},"/home/anhnt/projects/privacyjs/src/inner_product.js":{"path":"/home/anhnt/projects/privacyjs/src/inner_product.js","statementMap":{"0":{"start":{"line":16,"column":13},"end":{"line":16,"column":30}},"1":{"start":{"line":17,"column":11},"end":{"line":17,"column":33}},"2":{"start":{"line":18,"column":14},"end":{"line":18,"column":39}},"3":{"start":{"line":20,"column":14},"end":{"line":20,"column":36}},"4":{"start":{"line":22,"column":18},"end":{"line":22,"column":37}},"5":{"start":{"line":24,"column":14},"end":{"line":24,"column":25}},"6":{"start":{"line":35,"column":27},"end":{"line":45,"column":1}},"7":{"start":{"line":36,"column":4},"end":{"line":36,"column":88}},"8":{"start":{"line":37,"column":14},"end":{"line":37,"column":41}},"9":{"start":{"line":38,"column":4},"end":{"line":44,"column":5}},"10":{"start":{"line":39,"column":25},"end":{"line":39,"column":70}},"11":{"start":{"line":40,"column":8},"end":{"line":42,"column":9}},"12":{"start":{"line":41,"column":12},"end":{"line":41,"column":28}},"13":{"start":{"line":43,"column":8},"end":{"line":43,"column":29}},"14":{"start":{"line":47,"column":21},"end":{"line":51,"column":1}},"15":{"start":{"line":47,"column":29},"end":{"line":51,"column":1}},"16":{"start":{"line":55,"column":19},"end":{"line":55,"column":42}},"17":{"start":{"line":57,"column":19},"end":{"line":57,"column":21}},"18":{"start":{"line":58,"column":19},"end":{"line":58,"column":21}},"19":{"start":{"line":60,"column":17},"end":{"line":60,"column":36}},"20":{"start":{"line":62,"column":4},"end":{"line":65,"column":5}},"21":{"start":{"line":62,"column":17},"end":{"line":62,"column":18}},"22":{"start":{"line":63,"column":8},"end":{"line":63,"column":63}},"23":{"start":{"line":64,"column":8},"end":{"line":64,"column":63}},"24":{"start":{"line":67,"column":15},"end":{"line":67,"column":41}},"25":{"start":{"line":68,"column":18},"end":{"line":68,"column":38}},"26":{"start":{"line":70,"column":19},"end":{"line":70,"column":53}},"27":{"start":{"line":72,"column":4},"end":{"line":74,"column":6}},"28":{"start":{"line":77,"column":24},"end":{"line":77,"column":125}},"29":{"start":{"line":77,"column":45},"end":{"line":77,"column":125}},"30":{"start":{"line":77,"column":79},"end":{"line":77,"column":124}},"31":{"start":{"line":79,"column":23},"end":{"line":79,"column":106}},"32":{"start":{"line":79,"column":43},"end":{"line":79,"column":106}},"33":{"start":{"line":79,"column":68},"end":{"line":79,"column":105}},"34":{"start":{"line":83,"column":23},"end":{"line":83,"column":52}},"35":{"start":{"line":84,"column":22},"end":{"line":84,"column":24}},"36":{"start":{"line":85,"column":22},"end":{"line":85,"column":24}},"37":{"start":{"line":87,"column":43},"end":{"line":93,"column":9}},"38":{"start":{"line":96,"column":18},"end":{"line":98,"column":11}},"39":{"start":{"line":101,"column":8},"end":{"line":101,"column":57}},"40":{"start":{"line":103,"column":23},"end":{"line":103,"column":45}},"41":{"start":{"line":105,"column":19},"end":{"line":105,"column":40}},"42":{"start":{"line":107,"column":8},"end":{"line":107,"column":69}},"43":{"start":{"line":121,"column":8},"end":{"line":126,"column":9}},"44":{"start":{"line":123,"column":12},"end":{"line":123,"column":27}},"45":{"start":{"line":124,"column":12},"end":{"line":124,"column":27}},"46":{"start":{"line":125,"column":12},"end":{"line":125,"column":25}},"47":{"start":{"line":128,"column":22},"end":{"line":128,"column":55}},"48":{"start":{"line":130,"column":23},"end":{"line":130,"column":45}},"49":{"start":{"line":132,"column":19},"end":{"line":132,"column":78}},"50":{"start":{"line":133,"column":19},"end":{"line":133,"column":78}},"51":{"start":{"line":135,"column":18},"end":{"line":135,"column":154}},"52":{"start":{"line":136,"column":18},"end":{"line":136,"column":154}},"53":{"start":{"line":138,"column":8},"end":{"line":138,"column":27}},"54":{"start":{"line":139,"column":8},"end":{"line":139,"column":27}},"55":{"start":{"line":143,"column":18},"end":{"line":146,"column":11}},"56":{"start":{"line":148,"column":18},"end":{"line":148,"column":19}},"57":{"start":{"line":150,"column":8},"end":{"line":150,"column":36}},"58":{"start":{"line":153,"column":43},"end":{"line":153,"column":80}},"59":{"start":{"line":154,"column":21},"end":{"line":154,"column":40}},"60":{"start":{"line":156,"column":23},"end":{"line":159,"column":9}},"61":{"start":{"line":161,"column":23},"end":{"line":164,"column":9}},"62":{"start":{"line":166,"column":8},"end":{"line":166,"column":79}},"63":{"start":{"line":171,"column":19},"end":{"line":173,"column":11}},"64":{"start":{"line":176,"column":22},"end":{"line":176,"column":24}},"65":{"start":{"line":178,"column":19},"end":{"line":178,"column":31}},"66":{"start":{"line":179,"column":20},"end":{"line":179,"column":45}},"67":{"start":{"line":181,"column":8},"end":{"line":184,"column":9}},"68":{"start":{"line":182,"column":12},"end":{"line":182,"column":63}},"69":{"start":{"line":183,"column":12},"end":{"line":183,"column":25}},"70":{"start":{"line":186,"column":8},"end":{"line":186,"column":19}},"71":{"start":{"line":188,"column":21},"end":{"line":188,"column":23}},"72":{"start":{"line":189,"column":21},"end":{"line":189,"column":23}},"73":{"start":{"line":190,"column":21},"end":{"line":190,"column":37}},"74":{"start":{"line":192,"column":8},"end":{"line":212,"column":9}},"75":{"start":{"line":193,"column":25},"end":{"line":193,"column":37}},"76":{"start":{"line":194,"column":25},"end":{"line":194,"column":37}},"77":{"start":{"line":197,"column":22},"end":{"line":200,"column":15}},"78":{"start":{"line":202,"column":26},"end":{"line":202,"column":27}},"79":{"start":{"line":204,"column":12},"end":{"line":207,"column":13}},"80":{"start":{"line":205,"column":16},"end":{"line":205,"column":90}},"81":{"start":{"line":206,"column":16},"end":{"line":206,"column":29}},"82":{"start":{"line":209,"column":12},"end":{"line":209,"column":104}},"83":{"start":{"line":211,"column":12},"end":{"line":211,"column":23}},"84":{"start":{"line":215,"column":22},"end":{"line":215,"column":56}},"85":{"start":{"line":217,"column":23},"end":{"line":217,"column":43}},"86":{"start":{"line":218,"column":23},"end":{"line":218,"column":43}},"87":{"start":{"line":219,"column":23},"end":{"line":219,"column":36}},"88":{"start":{"line":220,"column":22},"end":{"line":220,"column":52}},"89":{"start":{"line":222,"column":8},"end":{"line":225,"column":9}},"90":{"start":{"line":223,"column":12},"end":{"line":223,"column":71}},"91":{"start":{"line":224,"column":12},"end":{"line":224,"column":25}},"92":{"start":{"line":227,"column":8},"end":{"line":227,"column":20}}},"fnMap":{"0":{"name":"(anonymous_0)","decl":{"start":{"line":35,"column":27},"end":{"line":35,"column":28}},"loc":{"start":{"line":35,"column":47},"end":{"line":45,"column":1}},"line":35},"1":{"name":"(anonymous_1)","decl":{"start":{"line":47,"column":21},"end":{"line":47,"column":22}},"loc":{"start":{"line":47,"column":29},"end":{"line":51,"column":1}},"line":47},"2":{"name":"GenerateNewParams","decl":{"start":{"line":54,"column":9},"end":{"line":54,"column":26}},"loc":{"start":{"line":54,"column":108},"end":{"line":75,"column":1}},"line":54},"3":{"name":"(anonymous_3)","decl":{"start":{"line":77,"column":24},"end":{"line":77,"column":25}},"loc":{"start":{"line":77,"column":45},"end":{"line":77,"column":125}},"line":77},"4":{"name":"(anonymous_4)","decl":{"start":{"line":77,"column":59},"end":{"line":77,"column":60}},"loc":{"start":{"line":77,"column":79},"end":{"line":77,"column":124}},"line":77},"5":{"name":"(anonymous_5)","decl":{"start":{"line":79,"column":23},"end":{"line":79,"column":24}},"loc":{"start":{"line":79,"column":43},"end":{"line":79,"column":106}},"line":79},"6":{"name":"(anonymous_6)","decl":{"start":{"line":79,"column":57},"end":{"line":79,"column":58}},"loc":{"start":{"line":79,"column":68},"end":{"line":79,"column":105}},"line":79},"7":{"name":"(anonymous_7)","decl":{"start":{"line":82,"column":4},"end":{"line":82,"column":5}},"loc":{"start":{"line":82,"column":147},"end":{"line":108,"column":5}},"line":82},"8":{"name":"(anonymous_8)","decl":{"start":{"line":114,"column":4},"end":{"line":114,"column":5}},"loc":{"start":{"line":120,"column":18},"end":{"line":167,"column":5}},"line":120},"9":{"name":"(anonymous_9)","decl":{"start":{"line":169,"column":4},"end":{"line":169,"column":5}},"loc":{"start":{"line":169,"column":117},"end":{"line":228,"column":5}},"line":169}},"branchMap":{"0":{"loc":{"start":{"line":36,"column":11},"end":{"line":36,"column":50}},"type":"binary-expr","locations":[{"start":{"line":36,"column":11},"end":{"line":36,"column":25}},{"start":{"line":36,"column":29},"end":{"line":36,"column":50}}],"line":36},"1":{"loc":{"start":{"line":40,"column":8},"end":{"line":42,"column":9}},"type":"if","locations":[{"start":{"line":40,"column":8},"end":{"line":42,"column":9}},{"start":{"line":40,"column":8},"end":{"line":42,"column":9}}],"line":40},"2":{"loc":{"start":{"line":121,"column":8},"end":{"line":126,"column":9}},"type":"if","locations":[{"start":{"line":121,"column":8},"end":{"line":126,"column":9}},{"start":{"line":121,"column":8},"end":{"line":126,"column":9}}],"line":121},"3":{"loc":{"start":{"line":181,"column":8},"end":{"line":184,"column":9}},"type":"if","locations":[{"start":{"line":181,"column":8},"end":{"line":184,"column":9}},{"start":{"line":181,"column":8},"end":{"line":184,"column":9}}],"line":181},"4":{"loc":{"start":{"line":204,"column":12},"end":{"line":207,"column":13}},"type":"if","locations":[{"start":{"line":204,"column":12},"end":{"line":207,"column":13}},{"start":{"line":204,"column":12},"end":{"line":207,"column":13}}],"line":204},"5":{"loc":{"start":{"line":222,"column":8},"end":{"line":225,"column":9}},"type":"if","locations":[{"start":{"line":222,"column":8},"end":{"line":225,"column":9}},{"start":{"line":222,"column":8},"end":{"line":225,"column":9}}],"line":222}},"s":{"0":0,"1":0,"2":0,"3":0,"4":0,"5":0,"6":0,"7":0,"8":0,"9":0,"10":0,"11":0,"12":0,"13":0,"14":0,"15":0,"16":0,"17":0,"18":0,"19":0,"20":0,"21":0,"22":0,"23":0,"24":0,"25":0,"26":0,"27":0,"28":0,"29":0,"30":0,"31":0,"32":0,"33":0,"34":0,"35":0,"36":0,"37":0,"38":0,"39":0,"40":0,"41":0,"42":0,"43":0,"44":0,"45":0,"46":0,"47":0,"48":0,"49":0,"50":0,"51":0,"52":0,"53":0,"54":0,"55":0,"56":0,"57":0,"58":0,"59":0,"60":0,"61":0,"62":0,"63":0,"64":0,"65":0,"66":0,"67":0,"68":0,"69":0,"70":0,"71":0,"72":0,"73":0,"74":0,"75":0,"76":0,"77":0,"78":0,"79":0,"80":0,"81":0,"82":0,"83":0,"84":0,"85":0,"86":0,"87":0,"88":0,"89":0,"90":0,"91":0,"92":0},"f":{"0":0,"1":0,"2":0,"3":0,"4":0,"5":0,"6":0,"7":0,"8":0,"9":0},"b":{"0":[0,0],"1":[0,0],"2":[0,0],"3":[0,0],"4":[0,0],"5":[0,0]}},"/home/anhnt/projects/privacyjs/src/mlsag.js":{"path":"/home/anhnt/projects/privacyjs/src/mlsag.js","statementMap":{"0":{"start":{"line":11,"column":11},"end":{"line":11,"column":33}},"1":{"start":{"line":13,"column":18},"end":{"line":13,"column":37}},"2":{"start":{"line":15,"column":14},"end":{"line":15,"column":25}},"3":{"start":{"line":23,"column":27},"end":{"line":36,"column":1}},"4":{"start":{"line":24,"column":4},"end":{"line":24,"column":86}},"5":{"start":{"line":26,"column":4},"end":{"line":28,"column":5}},"6":{"start":{"line":27,"column":8},"end":{"line":27,"column":44}},"7":{"start":{"line":29,"column":17},"end":{"line":29,"column":61}},"8":{"start":{"line":31,"column":4},"end":{"line":33,"column":5}},"9":{"start":{"line":32,"column":8},"end":{"line":32,"column":30}},"10":{"start":{"line":34,"column":21},"end":{"line":34,"column":58}},"11":{"start":{"line":35,"column":4},"end":{"line":35,"column":20}},"12":{"start":{"line":45,"column":4},"end":{"line":49,"column":24}},"13":{"start":{"line":59,"column":24},"end":{"line":61,"column":1}},"14":{"start":{"line":59,"column":65},"end":{"line":61,"column":1}},"15":{"start":{"line":83,"column":29},"end":{"line":83,"column":42}},"16":{"start":{"line":86,"column":25},"end":{"line":86,"column":41}},"17":{"start":{"line":87,"column":18},"end":{"line":87,"column":20}},"18":{"start":{"line":88,"column":19},"end":{"line":88,"column":21}},"19":{"start":{"line":89,"column":18},"end":{"line":89,"column":20}},"20":{"start":{"line":90,"column":18},"end":{"line":90,"column":20}},"21":{"start":{"line":91,"column":18},"end":{"line":91,"column":20}},"22":{"start":{"line":92,"column":18},"end":{"line":92,"column":20}},"23":{"start":{"line":94,"column":17},"end":{"line":94,"column":31}},"24":{"start":{"line":98,"column":8},"end":{"line":110,"column":9}},"25":{"start":{"line":99,"column":12},"end":{"line":99,"column":23}},"26":{"start":{"line":100,"column":12},"end":{"line":100,"column":23}},"27":{"start":{"line":104,"column":12},"end":{"line":104,"column":89}},"28":{"start":{"line":105,"column":12},"end":{"line":108,"column":15}},"29":{"start":{"line":106,"column":16},"end":{"line":106,"column":82}},"30":{"start":{"line":107,"column":16},"end":{"line":107,"column":71}},"31":{"start":{"line":109,"column":12},"end":{"line":109,"column":91}},"32":{"start":{"line":109,"column":60},"end":{"line":109,"column":88}},"33":{"start":{"line":112,"column":8},"end":{"line":115,"column":9}},"34":{"start":{"line":113,"column":12},"end":{"line":113,"column":49}},"35":{"start":{"line":114,"column":12},"end":{"line":114,"column":56}},"36":{"start":{"line":117,"column":8},"end":{"line":117,"column":57}},"37":{"start":{"line":118,"column":8},"end":{"line":118,"column":47}},"38":{"start":{"line":120,"column":16},"end":{"line":120,"column":38}},"39":{"start":{"line":121,"column":21},"end":{"line":121,"column":36}},"40":{"start":{"line":123,"column":8},"end":{"line":128,"column":9}},"41":{"start":{"line":124,"column":12},"end":{"line":127,"column":15}},"42":{"start":{"line":131,"column":8},"end":{"line":131,"column":34}},"43":{"start":{"line":132,"column":8},"end":{"line":148,"column":9}},"44":{"start":{"line":133,"column":12},"end":{"line":133,"column":37}},"45":{"start":{"line":134,"column":12},"end":{"line":145,"column":13}},"46":{"start":{"line":135,"column":16},"end":{"line":137,"column":18}},"47":{"start":{"line":138,"column":16},"end":{"line":140,"column":18}},"48":{"start":{"line":141,"column":16},"end":{"line":144,"column":19}},"49":{"start":{"line":146,"column":12},"end":{"line":146,"column":35}},"50":{"start":{"line":147,"column":12},"end":{"line":147,"column":38}},"51":{"start":{"line":153,"column":8},"end":{"line":163,"column":9}},"52":{"start":{"line":154,"column":12},"end":{"line":162,"column":14}},"53":{"start":{"line":165,"column":8},"end":{"line":171,"column":10}},"54":{"start":{"line":185,"column":29},"end":{"line":185,"column":42}},"55":{"start":{"line":186,"column":25},"end":{"line":186,"column":41}},"56":{"start":{"line":187,"column":18},"end":{"line":187,"column":20}},"57":{"start":{"line":188,"column":18},"end":{"line":188,"column":20}},"58":{"start":{"line":189,"column":19},"end":{"line":189,"column":21}},"59":{"start":{"line":191,"column":17},"end":{"line":191,"column":31}},"60":{"start":{"line":193,"column":8},"end":{"line":202,"column":9}},"61":{"start":{"line":193,"column":21},"end":{"line":193,"column":22}},"62":{"start":{"line":194,"column":12},"end":{"line":194,"column":23}},"63":{"start":{"line":195,"column":12},"end":{"line":195,"column":23}},"64":{"start":{"line":196,"column":12},"end":{"line":201,"column":15}},"65":{"start":{"line":197,"column":16},"end":{"line":199,"column":19}},"66":{"start":{"line":200,"column":16},"end":{"line":200,"column":71}},"67":{"start":{"line":204,"column":8},"end":{"line":204,"column":57}},"68":{"start":{"line":205,"column":8},"end":{"line":205,"column":47}},"69":{"start":{"line":207,"column":18},"end":{"line":207,"column":22}},"70":{"start":{"line":208,"column":16},"end":{"line":208,"column":17}},"71":{"start":{"line":209,"column":8},"end":{"line":226,"column":9}},"72":{"start":{"line":210,"column":25},"end":{"line":210,"column":40}},"73":{"start":{"line":212,"column":12},"end":{"line":223,"column":13}},"74":{"start":{"line":213,"column":16},"end":{"line":215,"column":18}},"75":{"start":{"line":216,"column":16},"end":{"line":218,"column":18}},"76":{"start":{"line":219,"column":16},"end":{"line":222,"column":19}},"77":{"start":{"line":224,"column":12},"end":{"line":224,"column":16}},"78":{"start":{"line":225,"column":12},"end":{"line":225,"column":38}},"79":{"start":{"line":227,"column":8},"end":{"line":227,"column":64}},"80":{"start":{"line":247,"column":29},"end":{"line":247,"column":42}},"81":{"start":{"line":250,"column":25},"end":{"line":250,"column":41}},"82":{"start":{"line":252,"column":30},"end":{"line":252,"column":47}},"83":{"start":{"line":253,"column":28},"end":{"line":253,"column":45}},"84":{"start":{"line":257,"column":8},"end":{"line":261,"column":11}},"85":{"start":{"line":258,"column":12},"end":{"line":260,"column":32}},"86":{"start":{"line":264,"column":8},"end":{"line":272,"column":11}},"87":{"start":{"line":265,"column":12},"end":{"line":271,"column":13}},"88":{"start":{"line":266,"column":16},"end":{"line":266,"column":53}},"89":{"start":{"line":268,"column":16},"end":{"line":270,"column":18}},"90":{"start":{"line":275,"column":27},"end":{"line":275,"column":29}},"91":{"start":{"line":276,"column":8},"end":{"line":292,"column":9}},"92":{"start":{"line":276,"column":21},"end":{"line":276,"column":22}},"93":{"start":{"line":277,"column":12},"end":{"line":277,"column":60}},"94":{"start":{"line":278,"column":12},"end":{"line":278,"column":100}},"95":{"start":{"line":279,"column":12},"end":{"line":279,"column":96}},"96":{"start":{"line":281,"column":12},"end":{"line":291,"column":13}},"97":{"start":{"line":281,"column":25},"end":{"line":281,"column":26}},"98":{"start":{"line":283,"column":16},"end":{"line":285,"column":46}},"99":{"start":{"line":288,"column":16},"end":{"line":290,"column":18}},"100":{"start":{"line":295,"column":8},"end":{"line":299,"column":9}},"101":{"start":{"line":295,"column":21},"end":{"line":295,"column":22}},"102":{"start":{"line":296,"column":12},"end":{"line":298,"column":14}},"103":{"start":{"line":302,"column":24},"end":{"line":304,"column":30}},"104":{"start":{"line":306,"column":8},"end":{"line":309,"column":10}}},"fnMap":{"0":{"name":"(anonymous_0)","decl":{"start":{"line":23,"column":27},"end":{"line":23,"column":28}},"loc":{"start":{"line":23,"column":54},"end":{"line":36,"column":1}},"line":23},"1":{"name":"hashRingCT","decl":{"start":{"line":44,"column":9},"end":{"line":44,"column":19}},"loc":{"start":{"line":44,"column":37},"end":{"line":50,"column":1}},"line":44},"2":{"name":"(anonymous_2)","decl":{"start":{"line":59,"column":24},"end":{"line":59,"column":25}},"loc":{"start":{"line":59,"column":65},"end":{"line":61,"column":1}},"line":59},"3":{"name":"(anonymous_3)","decl":{"start":{"line":81,"column":4},"end":{"line":81,"column":5}},"loc":{"start":{"line":81,"column":122},"end":{"line":172,"column":5}},"line":81},"4":{"name":"(anonymous_4)","decl":{"start":{"line":105,"column":37},"end":{"line":105,"column":38}},"loc":{"start":{"line":105,"column":47},"end":{"line":108,"column":13}},"line":105},"5":{"name":"(anonymous_5)","decl":{"start":{"line":109,"column":54},"end":{"line":109,"column":55}},"loc":{"start":{"line":109,"column":60},"end":{"line":109,"column":88}},"line":109},"6":{"name":"(anonymous_6)","decl":{"start":{"line":184,"column":4},"end":{"line":184,"column":5}},"loc":{"start":{"line":184,"column":148},"end":{"line":228,"column":5}},"line":184},"7":{"name":"(anonymous_7)","decl":{"start":{"line":196,"column":37},"end":{"line":196,"column":38}},"loc":{"start":{"line":196,"column":47},"end":{"line":201,"column":13}},"line":196},"8":{"name":"(anonymous_8)","decl":{"start":{"line":245,"column":4},"end":{"line":245,"column":5}},"loc":{"start":{"line":245,"column":115},"end":{"line":310,"column":5}},"line":245},"9":{"name":"(anonymous_9)","decl":{"start":{"line":257,"column":29},"end":{"line":257,"column":30}},"loc":{"start":{"line":257,"column":39},"end":{"line":261,"column":9}},"line":257},"10":{"name":"(anonymous_10)","decl":{"start":{"line":264,"column":29},"end":{"line":264,"column":30}},"loc":{"start":{"line":264,"column":39},"end":{"line":272,"column":9}},"line":264}},"branchMap":{"0":{"loc":{"start":{"line":24,"column":11},"end":{"line":24,"column":48}},"type":"binary-expr","locations":[{"start":{"line":24,"column":11},"end":{"line":24,"column":24}},{"start":{"line":24,"column":28},"end":{"line":24,"column":48}}],"line":24},"1":{"loc":{"start":{"line":26,"column":4},"end":{"line":28,"column":5}},"type":"if","locations":[{"start":{"line":26,"column":4},"end":{"line":28,"column":5}},{"start":{"line":26,"column":4},"end":{"line":28,"column":5}}],"line":26},"2":{"loc":{"start":{"line":31,"column":4},"end":{"line":33,"column":5}},"type":"if","locations":[{"start":{"line":31,"column":4},"end":{"line":33,"column":5}},{"start":{"line":31,"column":4},"end":{"line":33,"column":5}}],"line":31},"3":{"loc":{"start":{"line":117,"column":13},"end":{"line":117,"column":56}},"type":"cond-expr","locations":[{"start":{"line":117,"column":23},"end":{"line":117,"column":51}},{"start":{"line":117,"column":54},"end":{"line":117,"column":56}}],"line":117},"4":{"loc":{"start":{"line":204,"column":13},"end":{"line":204,"column":56}},"type":"cond-expr","locations":[{"start":{"line":204,"column":23},"end":{"line":204,"column":51}},{"start":{"line":204,"column":54},"end":{"line":204,"column":56}}],"line":204},"5":{"loc":{"start":{"line":265,"column":12},"end":{"line":271,"column":13}},"type":"if","locations":[{"start":{"line":265,"column":12},"end":{"line":271,"column":13}},{"start":{"line":265,"column":12},"end":{"line":271,"column":13}}],"line":265},"6":{"loc":{"start":{"line":283,"column":32},"end":{"line":285,"column":45}},"type":"cond-expr","locations":[{"start":{"line":283,"column":48},"end":{"line":285,"column":17}},{"start":{"line":285,"column":20},"end":{"line":285,"column":45}}],"line":283}},"s":{"0":0,"1":0,"2":0,"3":0,"4":0,"5":0,"6":0,"7":0,"8":0,"9":0,"10":0,"11":0,"12":0,"13":0,"14":0,"15":0,"16":0,"17":0,"18":0,"19":0,"20":0,"21":0,"22":0,"23":0,"24":0,"25":0,"26":0,"27":0,"28":0,"29":0,"30":0,"31":0,"32":0,"33":0,"34":0,"35":0,"36":0,"37":0,"38":0,"39":0,"40":0,"41":0,"42":0,"43":0,"44":0,"45":0,"46":0,"47":0,"48":0,"49":0,"50":0,"51":0,"52":0,"53":0,"54":0,"55":0,"56":0,"57":0,"58":0,"59":0,"60":0,"61":0,"62":0,"63":0,"64":0,"65":0,"66":0,"67":0,"68":0,"69":0,"70":0,"71":0,"72":0,"73":0,"74":0,"75":0,"76":0,"77":0,"78":0,"79":0,"80":0,"81":0,"82":0,"83":0,"84":0,"85":0,"86":0,"87":0,"88":0,"89":0,"90":0,"91":0,"92":0,"93":0,"94":0,"95":0,"96":0,"97":0,"98":0,"99":0,"100":0,"101":0,"102":0,"103":0,"104":0},"f":{"0":0,"1":0,"2":0,"3":0,"4":0,"5":0,"6":0,"7":0,"8":0,"9":0,"10":0},"b":{"0":[0,0],"1":[0,0],"2":[0,0],"3":[0,0],"4":[0,0],"5":[0,0],"6":[0,0]}},"/home/anhnt/projects/privacyjs/src/stealth.js":{"path":"/home/anhnt/projects/privacyjs/src/stealth.js","statementMap":{"0":{"start":{"line":9,"column":19},"end":{"line":9,"column":36}},"1":{"start":{"line":10,"column":15},"end":{"line":10,"column":32}},"2":{"start":{"line":11,"column":13},"end":{"line":11,"column":28}},"3":{"start":{"line":13,"column":11},"end":{"line":13,"column":33}},"4":{"start":{"line":15,"column":18},"end":{"line":15,"column":37}},"5":{"start":{"line":17,"column":23},"end":{"line":42,"column":1}},"6":{"start":{"line":18,"column":4},"end":{"line":20,"column":5}},"7":{"start":{"line":19,"column":8},"end":{"line":19,"column":36}},"8":{"start":{"line":23,"column":4},"end":{"line":25,"column":5}},"9":{"start":{"line":24,"column":8},"end":{"line":24,"column":27}},"10":{"start":{"line":28,"column":4},"end":{"line":33,"column":5}},"11":{"start":{"line":29,"column":8},"end":{"line":32,"column":10}},"12":{"start":{"line":36,"column":4},"end":{"line":41,"column":5}},"13":{"start":{"line":37,"column":8},"end":{"line":40,"column":11}},"14":{"start":{"line":47,"column":8},"end":{"line":47,"column":123}},"15":{"start":{"line":48,"column":8},"end":{"line":48,"column":127}},"16":{"start":{"line":51,"column":8},"end":{"line":51,"column":127}},"17":{"start":{"line":52,"column":8},"end":{"line":52,"column":131}},"18":{"start":{"line":54,"column":8},"end":{"line":54,"column":80}},"19":{"start":{"line":55,"column":8},"end":{"line":55,"column":82}},"20":{"start":{"line":59,"column":22},"end":{"line":59,"column":24}},"21":{"start":{"line":60,"column":18},"end":{"line":60,"column":19}},"22":{"start":{"line":62,"column":28},"end":{"line":62,"column":59}},"23":{"start":{"line":63,"column":27},"end":{"line":63,"column":58}},"24":{"start":{"line":65,"column":8},"end":{"line":68,"column":11}},"25":{"start":{"line":88,"column":19},"end":{"line":88,"column":29}},"26":{"start":{"line":89,"column":26},"end":{"line":89,"column":37}},"27":{"start":{"line":91,"column":8},"end":{"line":91,"column":51}},"28":{"start":{"line":92,"column":8},"end":{"line":92,"column":54}},"29":{"start":{"line":94,"column":35},"end":{"line":94,"column":54}},"30":{"start":{"line":95,"column":36},"end":{"line":95,"column":56}},"31":{"start":{"line":97,"column":26},"end":{"line":97,"column":62}},"32":{"start":{"line":100,"column":31},"end":{"line":100,"column":41}},"33":{"start":{"line":102,"column":33},"end":{"line":102,"column":71}},"34":{"start":{"line":104,"column":18},"end":{"line":108,"column":9}},"35":{"start":{"line":110,"column":18},"end":{"line":110,"column":34}},"36":{"start":{"line":112,"column":31},"end":{"line":112,"column":78}},"37":{"start":{"line":114,"column":28},"end":{"line":114,"column":78}},"38":{"start":{"line":117,"column":23},"end":{"line":119,"column":9}},"39":{"start":{"line":121,"column":32},"end":{"line":121,"column":57}},"40":{"start":{"line":132,"column":8},"end":{"line":149,"column":9}},"41":{"start":{"line":133,"column":12},"end":{"line":135,"column":30}},"42":{"start":{"line":138,"column":12},"end":{"line":140,"column":13}},"43":{"start":{"line":139,"column":16},"end":{"line":139,"column":43}},"44":{"start":{"line":142,"column":12},"end":{"line":142,"column":71}},"45":{"start":{"line":144,"column":12},"end":{"line":144,"column":34}},"46":{"start":{"line":145,"column":12},"end":{"line":147,"column":13}},"47":{"start":{"line":146,"column":16},"end":{"line":146,"column":43}},"48":{"start":{"line":148,"column":12},"end":{"line":148,"column":71}},"49":{"start":{"line":151,"column":30},"end":{"line":151,"column":66}},"50":{"start":{"line":153,"column":8},"end":{"line":160,"column":10}},"51":{"start":{"line":172,"column":8},"end":{"line":172,"column":57}},"52":{"start":{"line":173,"column":8},"end":{"line":173,"column":59}},"53":{"start":{"line":175,"column":8},"end":{"line":175,"column":52}},"54":{"start":{"line":175,"column":40},"end":{"line":175,"column":52}},"55":{"start":{"line":177,"column":19},"end":{"line":177,"column":29}},"56":{"start":{"line":179,"column":18},"end":{"line":179,"column":38}},"57":{"start":{"line":181,"column":33},"end":{"line":181,"column":79}},"58":{"start":{"line":183,"column":18},"end":{"line":183,"column":73}},"59":{"start":{"line":184,"column":18},"end":{"line":186,"column":30}},"60":{"start":{"line":188,"column":18},"end":{"line":188,"column":36}},"61":{"start":{"line":190,"column":41},"end":{"line":190,"column":63}},"62":{"start":{"line":192,"column":8},"end":{"line":194,"column":9}},"63":{"start":{"line":193,"column":12},"end":{"line":193,"column":24}},"64":{"start":{"line":196,"column":28},"end":{"line":199,"column":9}},"65":{"start":{"line":200,"column":23},"end":{"line":200,"column":87}},"66":{"start":{"line":202,"column":8},"end":{"line":205,"column":9}},"67":{"start":{"line":203,"column":27},"end":{"line":203,"column":58}},"68":{"start":{"line":204,"column":12},"end":{"line":204,"column":66}},"69":{"start":{"line":207,"column":8},"end":{"line":210,"column":9}},"70":{"start":{"line":208,"column":25},"end":{"line":208,"column":54}},"71":{"start":{"line":209,"column":12},"end":{"line":209,"column":36}},"72":{"start":{"line":212,"column":8},"end":{"line":212,"column":27}},"73":{"start":{"line":225,"column":8},"end":{"line":225,"column":57}},"74":{"start":{"line":226,"column":8},"end":{"line":226,"column":59}},"75":{"start":{"line":228,"column":8},"end":{"line":228,"column":52}},"76":{"start":{"line":228,"column":40},"end":{"line":228,"column":52}},"77":{"start":{"line":230,"column":19},"end":{"line":230,"column":29}},"78":{"start":{"line":233,"column":18},"end":{"line":236,"column":10}},"79":{"start":{"line":238,"column":33},"end":{"line":238,"column":79}},"80":{"start":{"line":240,"column":18},"end":{"line":240,"column":73}},"81":{"start":{"line":241,"column":18},"end":{"line":243,"column":30}},"82":{"start":{"line":245,"column":18},"end":{"line":245,"column":36}},"83":{"start":{"line":247,"column":41},"end":{"line":247,"column":63}},"84":{"start":{"line":249,"column":8},"end":{"line":251,"column":9}},"85":{"start":{"line":250,"column":12},"end":{"line":250,"column":24}},"86":{"start":{"line":253,"column":23},"end":{"line":253,"column":87}},"87":{"start":{"line":254,"column":27},"end":{"line":257,"column":9}},"88":{"start":{"line":259,"column":8},"end":{"line":259,"column":26}},"89":{"start":{"line":271,"column":23},"end":{"line":271,"column":51}},"90":{"start":{"line":274,"column":38},"end":{"line":274,"column":61}},"91":{"start":{"line":277,"column":24},"end":{"line":277,"column":58}},"92":{"start":{"line":279,"column":28},"end":{"line":279,"column":64}},"93":{"start":{"line":280,"column":25},"end":{"line":280,"column":56}},"94":{"start":{"line":282,"column":8},"end":{"line":282,"column":68}},"95":{"start":{"line":284,"column":8},"end":{"line":284,"column":55}}},"fnMap":{"0":{"name":"(anonymous_0)","decl":{"start":{"line":17,"column":23},"end":{"line":17,"column":24}},"loc":{"start":{"line":17,"column":82},"end":{"line":42,"column":1}},"line":17},"1":{"name":"(anonymous_1)","decl":{"start":{"line":45,"column":4},"end":{"line":45,"column":5}},"loc":{"start":{"line":45,"column":24},"end":{"line":56,"column":5}},"line":45},"2":{"name":"(anonymous_2)","decl":{"start":{"line":58,"column":4},"end":{"line":58,"column":5}},"loc":{"start":{"line":58,"column":30},"end":{"line":69,"column":5}},"line":58},"3":{"name":"(anonymous_3)","decl":{"start":{"line":87,"column":4},"end":{"line":87,"column":5}},"loc":{"start":{"line":87,"column":73},"end":{"line":161,"column":5}},"line":87},"4":{"name":"(anonymous_4)","decl":{"start":{"line":171,"column":4},"end":{"line":171,"column":5}},"loc":{"start":{"line":171,"column":87},"end":{"line":213,"column":5}},"line":171},"5":{"name":"(anonymous_5)","decl":{"start":{"line":224,"column":4},"end":{"line":224,"column":5}},"loc":{"start":{"line":224,"column":60},"end":{"line":260,"column":5}},"line":224},"6":{"name":"(anonymous_6)","decl":{"start":{"line":269,"column":4},"end":{"line":269,"column":5}},"loc":{"start":{"line":269,"column":27},"end":{"line":285,"column":5}},"line":269}},"branchMap":{"0":{"loc":{"start":{"line":18,"column":4},"end":{"line":20,"column":5}},"type":"if","locations":[{"start":{"line":18,"column":4},"end":{"line":20,"column":5}},{"start":{"line":18,"column":4},"end":{"line":20,"column":5}}],"line":18},"1":{"loc":{"start":{"line":23,"column":4},"end":{"line":25,"column":5}},"type":"if","locations":[{"start":{"line":23,"column":4},"end":{"line":25,"column":5}},{"start":{"line":23,"column":4},"end":{"line":25,"column":5}}],"line":23},"2":{"loc":{"start":{"line":28,"column":4},"end":{"line":33,"column":5}},"type":"if","locations":[{"start":{"line":28,"column":4},"end":{"line":33,"column":5}},{"start":{"line":28,"column":4},"end":{"line":33,"column":5}}],"line":28},"3":{"loc":{"start":{"line":36,"column":4},"end":{"line":41,"column":5}},"type":"if","locations":[{"start":{"line":36,"column":4},"end":{"line":41,"column":5}},{"start":{"line":36,"column":4},"end":{"line":41,"column":5}}],"line":36},"4":{"loc":{"start":{"line":47,"column":26},"end":{"line":47,"column":122}},"type":"cond-expr","locations":[{"start":{"line":47,"column":66},"end":{"line":47,"column":102}},{"start":{"line":47,"column":105},"end":{"line":47,"column":122}}],"line":47},"5":{"loc":{"start":{"line":48,"column":27},"end":{"line":48,"column":126}},"type":"cond-expr","locations":[{"start":{"line":48,"column":68},"end":{"line":48,"column":105}},{"start":{"line":48,"column":108},"end":{"line":48,"column":126}}],"line":48},"6":{"loc":{"start":{"line":51,"column":27},"end":{"line":51,"column":126}},"type":"cond-expr","locations":[{"start":{"line":51,"column":68},"end":{"line":51,"column":105}},{"start":{"line":51,"column":108},"end":{"line":51,"column":126}}],"line":51},"7":{"loc":{"start":{"line":52,"column":28},"end":{"line":52,"column":130}},"type":"cond-expr","locations":[{"start":{"line":52,"column":70},"end":{"line":52,"column":108}},{"start":{"line":52,"column":111},"end":{"line":52,"column":130}}],"line":52},"8":{"loc":{"start":{"line":91,"column":21},"end":{"line":91,"column":50}},"type":"binary-expr","locations":[{"start":{"line":91,"column":21},"end":{"line":91,"column":31}},{"start":{"line":91,"column":35},"end":{"line":91,"column":50}}],"line":91},"9":{"loc":{"start":{"line":92,"column":22},"end":{"line":92,"column":53}},"type":"binary-expr","locations":[{"start":{"line":92,"column":22},"end":{"line":92,"column":33}},{"start":{"line":92,"column":37},"end":{"line":92,"column":53}}],"line":92},"10":{"loc":{"start":{"line":132,"column":8},"end":{"line":149,"column":9}},"type":"if","locations":[{"start":{"line":132,"column":8},"end":{"line":149,"column":9}},{"start":{"line":132,"column":8},"end":{"line":149,"column":9}}],"line":132},"11":{"loc":{"start":{"line":138,"column":12},"end":{"line":140,"column":13}},"type":"if","locations":[{"start":{"line":138,"column":12},"end":{"line":140,"column":13}},{"start":{"line":138,"column":12},"end":{"line":140,"column":13}}],"line":138},"12":{"loc":{"start":{"line":145,"column":12},"end":{"line":147,"column":13}},"type":"if","locations":[{"start":{"line":145,"column":12},"end":{"line":147,"column":13}},{"start":{"line":145,"column":12},"end":{"line":147,"column":13}}],"line":145},"13":{"loc":{"start":{"line":175,"column":8},"end":{"line":175,"column":52}},"type":"if","locations":[{"start":{"line":175,"column":8},"end":{"line":175,"column":52}},{"start":{"line":175,"column":8},"end":{"line":175,"column":52}}],"line":175},"14":{"loc":{"start":{"line":192,"column":8},"end":{"line":194,"column":9}},"type":"if","locations":[{"start":{"line":192,"column":8},"end":{"line":194,"column":9}},{"start":{"line":192,"column":8},"end":{"line":194,"column":9}}],"line":192},"15":{"loc":{"start":{"line":202,"column":8},"end":{"line":205,"column":9}},"type":"if","locations":[{"start":{"line":202,"column":8},"end":{"line":205,"column":9}},{"start":{"line":202,"column":8},"end":{"line":205,"column":9}}],"line":202},"16":{"loc":{"start":{"line":207,"column":8},"end":{"line":210,"column":9}},"type":"if","locations":[{"start":{"line":207,"column":8},"end":{"line":210,"column":9}},{"start":{"line":207,"column":8},"end":{"line":210,"column":9}}],"line":207},"17":{"loc":{"start":{"line":228,"column":8},"end":{"line":228,"column":52}},"type":"if","locations":[{"start":{"line":228,"column":8},"end":{"line":228,"column":52}},{"start":{"line":228,"column":8},"end":{"line":228,"column":52}}],"line":228},"18":{"loc":{"start":{"line":249,"column":8},"end":{"line":251,"column":9}},"type":"if","locations":[{"start":{"line":249,"column":8},"end":{"line":251,"column":9}},{"start":{"line":249,"column":8},"end":{"line":251,"column":9}}],"line":249}},"s":{"0":0,"1":0,"2":0,"3":0,"4":0,"5":0,"6":0,"7":0,"8":0,"9":0,"10":0,"11":0,"12":0,"13":0,"14":0,"15":0,"16":0,"17":0,"18":0,"19":0,"20":0,"21":0,"22":0,"23":0,"24":0,"25":0,"26":0,"27":0,"28":0,"29":0,"30":0,"31":0,"32":0,"33":0,"34":0,"35":0,"36":0,"37":0,"38":0,"39":0,"40":0,"41":0,"42":0,"43":0,"44":0,"45":0,"46":0,"47":0,"48":0,"49":0,"50":0,"51":0,"52":0,"53":0,"54":0,"55":0,"56":0,"57":0,"58":0,"59":0,"60":0,"61":0,"62":0,"63":0,"64":0,"65":0,"66":0,"67":0,"68":0,"69":0,"70":0,"71":0,"72":0,"73":0,"74":0,"75":0,"76":0,"77":0,"78":0,"79":0,"80":0,"81":0,"82":0,"83":0,"84":0,"85":0,"86":0,"87":0,"88":0,"89":0,"90":0,"91":0,"92":0,"93":0,"94":0,"95":0},"f":{"0":0,"1":0,"2":0,"3":0,"4":0,"5":0,"6":0},"b":{"0":[0,0],"1":[0,0],"2":[0,0],"3":[0,0],"4":[0,0],"5":[0,0],"6":[0,0],"7":[0,0],"8":[0,0],"9":[0,0],"10":[0,0],"11":[0,0],"12":[0,0],"13":[0,0],"14":[0,0],"15":[0,0],"16":[0,0],"17":[0,0],"18":[0,0]}},"/home/anhnt/projects/privacyjs/src/utxo.js":{"path":"/home/anhnt/projects/privacyjs/src/utxo.js","statementMap":{"0":{"start":{"line":18,"column":11},"end":{"line":18,"column":33}},"1":{"start":{"line":20,"column":18},"end":{"line":20,"column":37}},"2":{"start":{"line":94,"column":8},"end":{"line":94,"column":42}},"3":{"start":{"line":95,"column":8},"end":{"line":95,"column":45}},"4":{"start":{"line":96,"column":8},"end":{"line":96,"column":38}},"5":{"start":{"line":97,"column":8},"end":{"line":97,"column":41}},"6":{"start":{"line":98,"column":8},"end":{"line":98,"column":48}},"7":{"start":{"line":99,"column":8},"end":{"line":99,"column":46}},"8":{"start":{"line":100,"column":8},"end":{"line":100,"column":37}},"9":{"start":{"line":101,"column":8},"end":{"line":101,"column":40}},"10":{"start":{"line":102,"column":8},"end":{"line":102,"column":31}},"11":{"start":{"line":104,"column":8},"end":{"line":107,"column":10}},"12":{"start":{"line":109,"column":8},"end":{"line":112,"column":10}},"13":{"start":{"line":114,"column":8},"end":{"line":117,"column":10}},"14":{"start":{"line":126,"column":25},"end":{"line":128,"column":10}},"15":{"start":{"line":130,"column":28},"end":{"line":135,"column":9}},"16":{"start":{"line":137,"column":8},"end":{"line":141,"column":9}},"17":{"start":{"line":138,"column":12},"end":{"line":138,"column":52}},"18":{"start":{"line":139,"column":12},"end":{"line":139,"column":48}},"19":{"start":{"line":140,"column":12},"end":{"line":140,"column":47}},"20":{"start":{"line":143,"column":8},"end":{"line":143,"column":27}},"21":{"start":{"line":152,"column":8},"end":{"line":158,"column":10}},"22":{"start":{"line":169,"column":20},"end":{"line":169,"column":56}},"23":{"start":{"line":171,"column":24},"end":{"line":171,"column":55}},"24":{"start":{"line":173,"column":26},"end":{"line":173,"column":43}},"25":{"start":{"line":178,"column":8},"end":{"line":178,"column":25}},"26":{"start":{"line":187,"column":28},"end":{"line":187,"column":64}},"27":{"start":{"line":188,"column":8},"end":{"line":188,"column":67}},"28":{"start":{"line":190,"column":8},"end":{"line":193,"column":10}}},"fnMap":{"0":{"name":"(anonymous_0)","decl":{"start":{"line":93,"column":4},"end":{"line":93,"column":5}},"loc":{"start":{"line":93,"column":32},"end":{"line":118,"column":5}},"line":93},"1":{"name":"(anonymous_1)","decl":{"start":{"line":125,"column":4},"end":{"line":125,"column":5}},"loc":{"start":{"line":125,"column":44},"end":{"line":144,"column":5}},"line":125},"2":{"name":"(anonymous_2)","decl":{"start":{"line":151,"column":4},"end":{"line":151,"column":5}},"loc":{"start":{"line":151,"column":39},"end":{"line":159,"column":5}},"line":151},"3":{"name":"(anonymous_3)","decl":{"start":{"line":167,"column":4},"end":{"line":167,"column":5}},"loc":{"start":{"line":167,"column":63},"end":{"line":179,"column":5}},"line":167},"4":{"name":"(anonymous_4)","decl":{"start":{"line":186,"column":4},"end":{"line":186,"column":5}},"loc":{"st
[...]
":23}},"loc":{"start":{"line":1078,"column":34},"end":{"line":1078,"column":51}},"line":1078},"72":{"name":"(anonymous_72)","decl":{"start":{"line":1078,"column":59},"end":{"line":1078,"column":60}},"loc":{"start":{"line":1078,"column":74},"end":{"line":1080,"column":17}},"line":1078},"73":{"name":"(anonymous_73)","decl":{"start":{"line":1089,"column":4},"end":{"line":1089,"column":5}},"loc":{"start":{"line":1089,"column":54},"end":{"line":1101,"column":5}},"line":1089},"74":{"name":"(anonymous_74)","decl":{"start":{"line":1090,"column":27},"end":{"line":1090,"column":28}},"loc":{"start":{"line":1090,"column":48},"end":{"line":1100,"column":9}},"line":1090},"75":{"name":"(anonymous_75)","decl":{"start":{"line":1097,"column":22},"end":{"line":1097,"column":23}},"loc":{"start":{"line":1097,"column":29},"end":{"line":1097,"column":41}},"line":1097},"76":{"name":"(anonymous_76)","decl":{"start":{"line":1097,"column":49},"end":{"line":1097,"column":50}},"loc":{"start":{"line":1097,"column":64},"end":{"line":1099,"column":17}},"line":1097},"77":{"name":"(anonymous_77)","decl":{"start":{"line":1111,"column":4},"end":{"line":1111,"column":5}},"loc":{"start":{"line":1111,"column":103},"end":{"line":1115,"column":5}},"line":1111},"78":{"name":"(anonymous_78)","decl":{"start":{"line":1126,"column":4},"end":{"line":1126,"column":5}},"loc":{"start":{"line":1126,"column":77},"end":{"line":1168,"column":5}},"line":1126},"79":{"name":"(anonymous_79)","decl":{"start":{"line":1133,"column":37},"end":{"line":1133,"column":38}},"loc":{"start":{"line":1133,"column":44},"end":{"line":1133,"column":57}},"line":1133},"80":{"name":"(anonymous_80)","decl":{"start":{"line":1140,"column":56},"end":{"line":1140,"column":57}},"loc":{"start":{"line":1140,"column":63},"end":{"line":1140,"column":101}},"line":1140},"81":{"name":"(anonymous_81)","decl":{"start":{"line":1177,"column":4},"end":{"line":1177,"column":5}},"loc":{"start":{"line":1177,"column":109},"end":{"line":1211,"column":5}},"line":1177},"82":{"name":"(anonymous_82)","decl":{"start":{"line":1179,"column":60},"end":{"line":1179,"column":61}},"loc":{"start":{"line":1179,"column":68},"end":{"line":1179,"column":84}},"line":1179},"83":{"name":"(anonymous_83)","decl":{"start":{"line":1218,"column":4},"end":{"line":1218,"column":5}},"loc":{"start":{"line":1218,"column":41},"end":{"line":1220,"column":5}},"line":1218},"84":{"name":"(anonymous_84)","decl":{"start":{"line":1222,"column":4},"end":{"line":1222,"column":5}},"loc":{"start":{"line":1222,"column":21},"end":{"line":1226,"column":5}},"line":1222},"85":{"name":"(anonymous_85)","decl":{"start":{"line":1228,"column":4},"end":{"line":1228,"column":5}},"loc":{"start":{"line":1228,"column":17},"end":{"line":1230,"column":5}},"line":1228},"86":{"name":"(anonymous_86)","decl":{"start":{"line":1232,"column":4},"end":{"line":1232,"column":5}},"loc":{"start":{"line":1232,"column":25},"end":{"line":1247,"column":5}},"line":1232},"87":{"name":"(anonymous_87)","decl":{"start":{"line":1249,"column":4},"end":{"line":1249,"column":5}},"loc":{"start":{"line":1249,"column":45},"end":{"line":1286,"column":5}},"line":1249},"88":{"name":"(anonymous_88)","decl":{"start":{"line":1255,"column":63},"end":{"line":1255,"column":64}},"loc":{"start":{"line":1255,"column":72},"end":{"line":1273,"column":9}},"line":1255},"89":{"name":"(anonymous_89)","decl":{"start":{"line":1276,"column":70},"end":{"line":1276,"column":71}},"loc":{"start":{"line":1276,"column":85},"end":{"line":1285,"column":9}},"line":1276},"90":{"name":"(anonymous_90)","decl":{"start":{"line":1278,"column":52},"end":{"line":1278,"column":53}},"loc":{"start":{"line":1278,"column":60},"end":{"line":1278,"column":77}},"line":1278},"91":{"name":"(anonymous_91)","decl":{"start":{"line":1280,"column":43},"end":{"line":1280,"column":44}},"loc":{"start":{"line":1280,"column":50},"end":{"line":1280,"column":63}},"line":1280}},"branchMap":{"0":{"loc":{"start":{"line":96,"column":15},"end":{"line":96,"column":78}},"type":"binary-expr","locations":[{"start":{"line":96,"column":15},"end":{"line":96,"column":25}},{"start":{"line":96,"column":29},"end":{"line":96,"column":78}}],"line":96},"1":{"loc":{"start":{"line":103,"column":31},"end":{"line":103,"column":81}},"type":"binary-expr","locations":[{"start":{"line":103,"column":31},"end":{"line":103,"column":51}},{"start":{"line":103,"column":55},"end":{"line":103,"column":81}}],"line":103},"2":{"loc":{"start":{"line":104,"column":26},"end":{"line":104,"column":65}},"type":"binary-expr","locations":[{"start":{"line":104,"column":26},"end":{"line":104,"column":41}},{"start":{"line":104,"column":45},"end":{"line":104,"column":65}}],"line":104},"3":{"loc":{"start":{"line":110,"column":27},"end":{"line":110,"column":54}},"type":"binary-expr","locations":[{"start":{"line":110,"column":27},"end":{"line":110,"column":43}},{"start":{"line":110,"column":47},"end":{"line":110,"column":54}}],"line":110},"4":{"loc":{"start":{"line":112,"column":37},"end":{"line":117,"column":9}},"type":"binary-expr","locations":[{"start":{"line":112,"column":37},"end":{"line":112,"column":63}},{"start":{"line":112,"column":67},"end":{"line":117,"column":9}}],"line":112},"5":{"loc":{"start":{"line":128,"column":8},"end":{"line":130,"column":9}},"type":"if","locations":[{"start":{"line":128,"column":8},"end":{"line":130,"column":9}},{"start":{"line":128,"column":8},"end":{"line":130,"column":9}}],"line":128},"6":{"loc":{"start":{"line":240,"column":8},"end":{"line":251,"column":9}},"type":"if","locations":[{"start":{"line":240,"column":8},"end":{"line":251,"column":9}},{"start":{"line":240,"column":8},"end":{"line":251,"column":9}}],"line":240},"7":{"loc":{"start":{"line":240,"column":12},"end":{"line":242,"column":61}},"type":"binary-expr","locations":[{"start":{"line":240,"column":12},"end":{"line":240,"column":18}},{"start":{"line":241,"column":15},"end":{"line":241,"column":65}},{"start":{"line":242,"column":15},"end":{"line":242,"column":61}}],"line":240},"8":{"loc":{"start":{"line":250,"column":19},"end":{"line":250,"column":46}},"type":"cond-expr","locations":[{"start":{"line":250,"column":25},"end":{"line":250,"column":30}},{"start":{"line":250,"column":33},"end":{"line":250,"column":46}}],"line":250},"9":{"loc":{"start":{"line":282,"column":26},"end":{"line":282,"column":54}},"type":"binary-expr","locations":[{"start":{"line":282,"column":26},"end":{"line":282,"column":35}},{"start":{"line":282,"column":39},"end":{"line":282,"column":54}}],"line":282},"10":{"loc":{"start":{"line":296,"column":16},"end":{"line":298,"column":17}},"type":"if","locations":[{"start":{"line":296,"column":16},"end":{"line":298,"column":17}},{"start":{"line":296,"column":16},"end":{"line":298,"column":17}}],"line":296},"11":{"loc":{"start":{"line":305,"column":20},"end":{"line":325,"column":21}},"type":"if","locations":[{"start":{"line":305,"column":20},"end":{"line":325,"column":21}},{"start":{"line":305,"column":20},"end":{"line":325,"column":21}}],"line":305},"12":{"loc":{"start":{"line":308,"column":24},"end":{"line":310,"column":25}},"type":"if","locations":[{"start":{"line":308,"column":24},"end":{"line":310,"column":25}},{"start":{"line":308,"column":24},"end":{"line":310,"column":25}}],"line":308},"13":{"loc":{"start":{"line":317,"column":24},"end":{"line":324,"column":25}},"type":"if","locations":[{"start":{"line":317,"column":24},"end":{"line":324,"column":25}},{"start":{"line":317,"column":24},"end":{"line":324,"column":25}}],"line":317},"14":{"loc":{"start":{"line":317,"column":28},"end":{"line":319,"column":73}},"type":"binary-expr","locations":[{"start":{"line":317,"column":28},"end":{"line":317,"column":34}},{"start":{"line":318,"column":27},"end":{"line":318,"column":77}},{"start":{"line":319,"column":27},"end":{"line":319,"column":73}}],"line":317},"15":{"loc":{"start":{"line":331,"column":16},"end":{"line":337,"column":17}},"type":"if","locations":[{"start":{"line":331,"column":16},"end":{"line":337,"column":17}},{"start":{"line":331,"column":16},"end":{"line":337,"column":17}}],"line":331},"16":{"loc":{"start":{"line":339,"column":16},"end":{"line":339,"column":59}},"type":"if","locations":[{"start":{"line":339,"column":16},"end":{"line":339,"column":59}},{"start":{"line":339,"column":16},"end":{"line":339,"column":59}}],"line":339},"17":{"loc":{"start":{"line":368,"column":8},"end":{"line":372,"column":9}},"type":"if","locations":[{"start":{"line":368,"column":8},"end":{"line":372,"column":9}},{"start":{"line":368,"column":8},"end":{"line":372,"column":9}}],"line":368},"18":{"loc":{"start":{"line":370,"column":16},"end":{"line":370,"column":31}},"type":"binary-expr","locations":[{"start":{"line":370,"column":16},"end":{"line":370,"column":23}},{"start":{"line":370,"column":27},"end":{"line":370,"column":31}}],"line":370},"19":{"loc":{"start":{"line":374,"column":8},"end":{"line":374,"column":79}},"type":"if","locations":[{"start":{"line":374,"column":8},"end":{"line":374,"column":79}},{"start":{"line":374,"column":8},"end":{"line":374,"column":79}}],"line":374},"20":{"loc":{"start":{"line":374,"column":51},"end":{"line":374,"column":76}},"type":"binary-expr","locations":[{"start":{"line":374,"column":51},"end":{"line":374,"column":70}},{"start":{"line":374,"column":74},"end":{"line":374,"column":76}}],"line":374},"21":{"loc":{"start":{"line":376,"column":8},"end":{"line":376,"column":51}},"type":"if","locations":[{"start":{"line":376,"column":8},"end":{"line":376,"column":51}},{"start":{"line":376,"column":8},"end":{"line":376,"column":51}}],"line":376},"22":{"loc":{"start":{"line":393,"column":15},"end":{"line":397,"column":30}},"type":"binary-expr","locations":[{"start":{"line":393,"column":15},"end":{"line":397,"column":13}},{"start":{"line":397,"column":17},"end":{"line":397,"column":30}}],"line":393},"23":{"loc":{"start":{"line":405,"column":12},"end":{"line":407,"column":13}},"type":"if","locations":[{"start":{"line":405,"column":12},"end":{"line":407,"column":13}},{"start":{"line":405,"column":12},"end":{"line":407,"column":13}}],"line":405},"24":{"loc":{"start":{"line":416,"column":8},"end":{"line":424,"column":9}},"type":"if","locations":[{"start":{"line":416,"column":8},"end":{"line":424,"column":9}},{"start":{"line":416,"column":8},"end":{"line":424,"column":9}}],"line":416},"25":{"loc":{"start":{"line":450,"column":12},"end":{"line":458,"column":13}},"type":"if","locations":[{"start":{"line":450,"column":12},"end":{"line":458,"column":13}},{"start":{"line":450,"column":12},"end":{"line":458,"column":13}}],"line":450},"26":{"loc":{"start":{"line":479,"column":12},"end":{"line":481,"column":13}},"type":"if","locations":[{"start":{"line":479,"column":12},"end":{"line":481,"column":13}},{"start":{"line":479,"column":12},"end":{"line":481,"column":13}}],"line":479},"27":{"loc":{"start":{"line":503,"column":8},"end":{"line":505,"column":9}},"type":"if","locations":[{"start":{"line":503,"column":8},"end":{"line":505,"column":9}},{"start":{"line":503,"column":8},"end":{"line":505,"column":9}}],"line":503},"28":{"loc":{"start":{"line":626,"column":8},"end":{"line":628,"column":9}},"type":"if","locations":[{"start":{"line":626,"column":8},"end":{"line":628,"column":9}},{"start":{"line":626,"column":8},"end":{"line":628,"column":9}}],"line":626},"29":{"loc":{"start":{"line":744,"column":21},"end":{"line":744,"column":139}},"type":"binary-expr","locations":[{"start":{"line":744,"column":22},"end":{"line":744,"column":54}},{"start":{"line":744,"column":58},"end":{"line":744,"column":86}},{"start":{"line":744,"column":91},"end":{"line":744,"column":139}}],"line":744},"30":{"loc":{"start":{"line":918,"column":8},"end":{"line":928,"column":9}},"type":"if","locations":[{"start":{"line":918,"column":8},"end":{"line":928,"column":9}},{"start":{"line":918,"column":8},"end":{"line":928,"column":9}}],"line":918},"31":{"loc":{"start":{"line":984,"column":74},"end":{"line":984,"column":87}},"type":"binary-expr","locations":[{"start":{"line":984,"column":74},"end":{"line":984,"column":81}},{"start":{"line":984,"column":85},"end":{"line":984,"column":87}}],"line":984},"32":{"loc":{"start":{"line":1027,"column":74},"end":{"line":1027,"column":87}},"type":"binary-expr","locations":[{"start":{"line":1027,"column":74},"end":{"line":1027,"column":81}},{"start":{"line":1027,"column":85},"end":{"line":1027,"column":87}}],"line":1027},"33":{"loc":{"start":{"line":1127,"column":15},"end":{"line":1127,"column":36}},"type":"binary-expr","locations":[{"start":{"line":1127,"column":15},"end":{"line":1127,"column":20}},{"start":{"line":1127,"column":24},"end":{"line":1127,"column":36}}],"line":1127},"34":{"loc":{"start":{"line":1131,"column":8},"end":{"line":1136,"column":9}},"type":"if","locations":[{"start":{"line":1131,"column":8},"end":{"line":1136,"column":9}},{"start":{"line":1131,"column":8},"end":{"line":1136,"column":9}}],"line":1131},"35":{"loc":{"start":{"line":1131,"column":12},"end":{"line":1131,"column":72}},"type":"binary-expr","locations":[{"start":{"line":1131,"column":12},"end":{"line":1131,"column":40}},{"start":{"line":1131,"column":44},"end":{"line":1131,"column":72}}],"line":1131},"36":{"loc":{"start":{"line":1153,"column":8},"end":{"line":1165,"column":9}},"type":"if","locations":[{"start":{"line":1153,"column":8},"end":{"line":1165,"column":9}},{"start":{"line":1153,"column":8},"end":{"line":1165,"column":9}}],"line":1153},"37":{"loc":{"start":{"line":1156,"column":12},"end":{"line":1158,"column":13}},"type":"if","locations":[{"start":{"line":1156,"column":12},"end":{"line":1158,"column":13}},{"start":{"line":1156,"column":12},"end":{"line":1158,"column":13}}],"line":1156},"38":{"loc":{"start":{"line":1190,"column":24},"end":{"line":1190,"column":83}},"type":"cond-expr","locations":[{"start":{"line":1190,"column":49},"end":{"line":1190,"column":57}},{"start":{"line":1190,"column":60},"end":{"line":1190,"column":83}}],"line":1190},"39":{"loc":{"start":{"line":1223,"column":15},"end":{"line":1225,"column":15}},"type":"cond-expr","locations":[{"start":{"line":1223,"column":30},"end":{"line":1225,"column":9}},{"start":{"line":1225,"column":12},"end":{"line":1225,"column":15}}],"line":1223},"40":{"loc":{"start":{"line":1229,"column":15},"end":{"line":1229,"column":103}},"type":"cond-expr","locations":[{"start":{"line":1229,"column":30},"end":{"line":1229,"column":95}},{"start":{"line":1229,"column":98},"end":{"line":1229,"column":103}}],"line":1229},"41":{"loc":{"start":{"line":1234,"column":8},"end":{"line":1240,"column":9}},"type":"if","locations":[{"start":{"line":1234,"column":8},"end":{"line":1240,"column":9}},{"start":{"line":1234,"column":8},"end":{"line":1240,"column":9}}],"line":1234},"42":{"loc":{"start":{"line":1243,"column":21},"end":{"line":1243,"column":67}},"type":"cond-expr","locations":[{"start":{"line":1243,"column":36},"end":{"line":1243,"column":61}},{"start":{"line":1243,"column":64},"end":{"line":1243,"column":67}}],"line":1243},"43":{"loc":{"start":{"line":1244,"column":23},"end":{"line":1244,"column":66}},"type":"cond-expr","locations":[{"start":{"line":1244,"column":47},"end":{"line":1244,"column":61}},{"start":{"line":1244,"column":64},"end":{"line":1244,"column":66}}],"line":1244},"44":{"loc":{"start":{"line":1259,"column":12},"end":{"line":1272,"column":13}},"type":"if","locations":[{"start":{"line":1259,"column":12},"end":{"line":1272,"column":13}},{"start":{"line":1259,"column":12},"end":{"line":1272,"column":13}}],"line":1259},"45":{"loc":{"start":{"line":1259,"column":16},"end":{"line":1259,"column":75}},"type":"binary-expr","locations":[{"start":{"line":1259,"column":16},"end":{"line":1259,"column":22}},{"start":{"line":1259,"column":26},"end":{"line":1259,"column":39}},{"start":{"line":1259,"column":43},"end":{"line":1259,"column":75}}],"line":1259},"46":{"loc":{"start":{"line":1284,"column":12},"end":{"line":1284,"column":74}},"type":"if","locations":[{"start":{"line":1284,"column":12},"end":{"line":1284,"column":74}},{"start":{"line":1284,"column":12},"end":{"line":1284,"column":74}}],"line":1284}},"s":{"0":0,"1":0,"2":0,"3":0,"4":0,"5":0,"6":0,"7":0,"8":0,"9":0,"10":0,"11":0,"12":0,"13":0,"14":0,"15":0,"16":0,"17":0,"18":0,"19":0,"20":0,"21":0,"22":0,"23":0,"24":0,"25":0,"26":0,"27":0,"28":0,"29":0,"30":0,"31":0,"32":0,"33":0,"34":0,"35":0,"36":0,"37":0,"38":0,"39":0,"40":0,"41":0,"42":0,"43":0,"44":0,"45":0,"46":0,"47":0,"48":0,"49":0,"50":0,"51":0,"52":0,"53":0,"54":0,"55":0,"56":0,"57":0,"58":0,"59":0,"60":0,"61":0,"62":0,"63":0,"64":0,"65":0,"66":0,"67":0,"68":0,"69":0,"70":0,"71":0,"72":0,"73":0,"74":0,"75":0,"76":0,"77":0,"78":0,"79":0,"80":0,"81":0,"82":0,"83":0,"84":0,"85":0,"86":0,"87":0,"88":0,"89":0,"90":0,"91":0,"92":0,"93":0,"94":0,"95":0,"96":0,"97":0,"98":0,"99":0,"100":0,"101":0,"102":0,"103":0,"104":0,"105":0,"106":0,"107":0,"108":0,"109":0,"110":0,"111":0,"112":0,"113":0,"114":0,"115":0,"116":0,"117":0,"118":0,"119":0,"120":0,"121":0,"122":0,"123":0,"124":0,"125":0,"126":0,"127":0,"128":0,"129":0,"130":0,"131":0,"132":0,"133":0,"134":0,"135":0,"136":0,"137":0,"138":0,"139":0,"140":0,"141":0,"142":0,"143":0,"144":0,"145":0,"146":0,"147":0,"148":0,"149":0,"150":0,"151":0,"152":0,"153":0,"154":0,"155":0,"156":0,"157":0,"158":0,"159":0,"160":0,"161":0,"162":0,"163":0,"164":0,"165":0,"166":0,"167":0,"168":0,"169":0,"170":0,"171":0,"172":0,"173":0,"174":0,"175":0,"176":0,"177":0,"178":0,"179":0,"180":0,"181":0,"182":0,"183":0,"184":0,"185":0,"186":0,"187":0,"188":0,"189":0,"190":0,"191":0,"192":0,"193":0,"194":0,"195":0,"196":0,"197":0,"198":0,"199":0,"200":0,"201":0,"202":0,"203":0,"204":0,"205":0,"206":0,"207":0,"208":0,"209":0,"210":0,"211":0,"212":0,"213":0,"214":0,"215":0,"216":0,"217":0,"218":0,"219":0,"220":0,"221":0,"222":0,"223":0,"224":0,"225":0,"226":0,"227":0,"228":0,"229":0,"230":0,"231":0,"232":0,"233":0,"234":0,"235":0,"236":0,"237":0,"238":0,"239":0,"240":0,"241":0,"242":0,"243":0,"244":0,"245":0,"246":0,"247":0,"248":0,"249":0,"250":0,"251":0,"252":0,"253":0,"254":0,"255":0,"256":0,"257":0,"258":0,"259":0,"260":0,"261":0,"262":0,"263":0,"264":0,"265":0,"266":0,"267":0,"268":0,"269":0,"270":0,"271":0,"272":0,"273":0,"274":0,"275":0,"276":0,"277":0,"278":0,"279":0,"280":0,"281":0,"282":0,"283":0,"284":0,"285":0,"286":0,"287":0,"288":0,"289":0,"290":0,"291":0,"292":0,"293":0,"294":0,"295":0,"296":0,"297":0,"298":0,"299":0,"300":0,"301":0,"302":0,"303":0,"304":0,"305":0,"306":0,"307":0,"308":0,"309":0,"310":0,"311":0,"312":0,"313":0,"314":0,"315":0,"316":0,"317":0,"318":0,"319":0,"320":0,"321":0,"322":0,"323":0,"324":0,"325":0,"326":0,"327":0,"328":0,"329":0,"330":0,"331":0,"332":0,"333":0,"334":0,"335":0,"336":0,"337":0,"338":0,"339":0,"340":0,"341":0,"342":0,"343":0,"344":0,"345":0,"346":0,"347":0,"348":0,"349":0,"350":0,"351":0,"352":0,"353":0,"354":0,"355":0,"356":0,"357":0,"358":0,"359":0},"f":{"0":0,"1":0,"2":0,"3":0,"4":0,"5":0,"6":0,"7":0,"8":0,"9":0,"10":0,"11":0,"12":0,"13":0,"14":0,"15":0,"16":0,"17":0,"18":0,"19":0,"20":0,"21":0,"22":0,"23":0,"24":0,"25":0,"26":0,"27":0,"28":0,"29":0,"30":0,"31":0,"32":0,"33":0,"34":0,"35":0,"36":0,"37":0,"38":0,"39":0,"40":0,"41":0,"42":0,"43":0,"44":0,"45":0,"46":0,"47":0,"48":0,"49":0,"50":0,"51":0,"52":0,"53":0,"54":0,"55":0,"56":0,"57":0,"58":0,"59":0,"60":0,"61":0,"62":0,"63":0,"64":0,"65":0,"66":0,"67":0,"68":0,"69":0,"70":0,"71":0,"72":0,"73":0,"74":0,"75":0,"76":0,"77":0,"78":0,"79":0,"80":0,"81":0,"82":0,"83":0,"84":0,"85":0,"86":0,"87":0,"88":0,"89":0,"90":0,"91":0},"b":{"0":[0,0],"1":[0,0],"2":[0,0],"3":[0,0],"4":[0,0],"5":[0,0],"6":[0,0],"7":[0,0,0],"8":[0,0],"9":[0,0],"10":[0,0],"11":[0,0],"12":[0,0],"13":[0,0],"14":[0,0,0],"15":[0,0],"16":[0,0],"17":[0,0],"18":[0,0],"19":[0,0],"20":[0,0],"21":[0,0],"22":[0,0],"23":[0,0],"24":[0,0],"25":[0,0],"26":[0,0],"27":[0,0],"28":[0,0],"29":[0,0,0],"30":[0,0],"31":[0,0],"32":[0,0],"33":[0,0],"34":[0,0],"35":[0,0],"36":[0,0],"37":[0,0],"38":[0,0],"39":[0,0],"40":[0,0],"41":[0,0],"42":[0,0],"43":[0,0],"44":[0,0],"45":[0,0,0],"46":[0,0]}}}