{"/home/anhnt/projects/privacyjs/src/address.js":{"path":"/home/anhnt/projects/privacyjs/src/address.js","statementMap":{"0":{"start":{"line":3,"column":30},"end":{"line":3,"column":86}},"1":{"start":{"line":5,"column":0},"end":{"line":7,"column":3}},"2":{"start":{"line":8,"column":0},"end":{"line":8,"column":82}},"3":{"start":{"line":10,"column":13},"end":{"line":10,"column":57}},"4":{"start":{"line":12,"column":13},"end":{"line":12,"column":28}},"5":{"start":{"line":14,"column":9},"end":{"line":14,"column":31}},"6":{"start":{"line":17,"column":16},"end":{"line":17,"column":35}},"7":{"start":{"line":24,"column":22},"end":{"line":26,"column":1}},"8":{"start":{"line":25,"column":2},"end":{"line":25,"column":79}},"9":{"start":{"line":36,"column":0},"end":{"line":36,"column":42}},"10":{"start":{"line":38,"column":22},"end":{"line":43,"column":1}},"11":{"start":{"line":39,"column":16},"end":{"line":39,"column":29}},"12":{"start":{"line":40,"column":13},"end":{"line":40,"column":37}},"13":{"start":{"line":41,"column":16},"end":{"line":41,"column":42}},"14":{"start":{"line":42,"column":2},"end":{"line":42,"column":49}},"15":{"start":{"line":52,"column":0},"end":{"line":52,"column":42}},"16":{"start":{"line":54,"column":19},"end":{"line":66,"column":1}},"17":{"start":{"line":55,"column":15},"end":{"line":55,"column":24}},"18":{"start":{"line":56,"column":15},"end":{"line":56,"column":38}},"19":{"start":{"line":57,"column":14},"end":{"line":57,"column":37}},"20":{"start":{"line":58,"column":14},"end":{"line":58,"column":37}},"21":{"start":{"line":59,"column":2},"end":{"line":65,"column":4}},"22":{"start":{"line":68,"column":0},"end":{"line":68,"column":36}}},"fnMap":{"0":{"name":"privateKeyToPub","decl":{"start":{"line":24,"column":31},"end":{"line":24,"column":46}},"loc":{"start":{"line":24,"column":56},"end":{"line":26,"column":1}},"line":24},"1":{"name":"generateAddress","decl":{"start":{"line":38,"column":31},"end":{"line":38,"column":46}},"loc":{"start":{"line":38,"column":61},"end":{"line":43,"column":1}},"line":38},"2":{"name":"generateKeys","decl":{"start":{"line":54,"column":28},"end":{"line":54,"column":40}},"loc":{"start":{"line":54,"column":52},"end":{"line":66,"column":1}},"line":54}},"branchMap":{},"s":{"0":1,"1":1,"2":1,"3":1,"4":1,"5":1,"6":1,"7":1,"8":11605,"9":1,"10":1,"11":5802,"12":5802,"13":5802,"14":5802,"15":1,"16":1,"17":5802,"18":5802,"19":5802,"20":5802,"21":5802,"22":1},"f":{"0":11605,"1":5802,"2":5802},"b":{},"_coverageSchema":"43e27e138ebf9cfc5966b082cf9a028302ed4184","hash":"a26929746c02e4167fa67c66c690d347f43fbd03","contentHash":"7bc5c35090c90c7ad8828e8b0112a538730057066f6c4641badac189463fb374"},"/home/anhnt/projects/privacyjs/src/stealth.js":{"path":"/home/anhnt/projects/privacyjs/src/stealth.js","statementMap":{"0":{"start":{"line":3,"column":30},"end":{"line":3,"column":86}},"1":{"start":{"line":5,"column":29},"end":{"line":5,"column":84}},"2":{"start":{"line":7,"column":0},"end":{"line":9,"column":3}},"3":{"start":{"line":10,"column":0},"end":{"line":10,"column":46}},"4":{"start":{"line":12,"column":23},"end":{"line":12,"column":95}},"5":{"start":{"line":14,"column":20},"end":{"line":14,"column":89}},"6":{"start":{"line":16,"column":18},"end":{"line":16,"column":65}},"7":{"start":{"line":18,"column":14},"end":{"line":18,"column":33}},"8":{"start":{"line":20,"column":18},"end":{"line":20,"column":65}},"9":{"start":{"line":22,"column":13},"end":{"line":22,"column":57}},"10":{"start":{"line":24,"column":17},"end":{"line":24,"column":34}},"11":{"start":{"line":26,"column":13},"end":{"line":26,"column":30}},"12":{"start":{"line":28,"column":11},"end":{"line":28,"column":26}},"13":{"start":{"line":30,"column":9},"end":{"line":30,"column":31}},"14":{"start":{"line":32,"column":16},"end":{"line":32,"column":35}},"15":{"start":{"line":34,"column":14},"end":{"line":53,"column":1}},"16":{"start":{"line":35,"column":2},"end":{"line":37,"column":3}},"17":{"start":{"line":36,"column":4},"end":{"line":36,"column":32}},"18":{"start":{"line":40,"column":2},"end":{"line":42,"column":3}},"19":{"start":{"line":41,"column":4},"end":{"line":41,"column":23}},"20":{"start":{"line":45,"column":2},"end":{"line":47,"column":3}},"21":{"start":{"line":46,"column":4},"end":{"line":46,"column":97}},"22":{"start":{"line":50,"column":2},"end":{"line":52,"column":3}},"23":{"start":{"line":51,"column":4},"end":{"line":51,"column":84}},"24":{"start":{"line":55,"column":0},"end":{"line":55,"column":26}},"25":{"start":{"line":59,"column":0},"end":{"line":264,"column":3}},"26":{"start":{"line":61,"column":4},"end":{"line":61,"column":52}},"27":{"start":{"line":63,"column":4},"end":{"line":63,"column":119}},"28":{"start":{"line":64,"column":4},"end":{"line":64,"column":123}},"29":{"start":{"line":66,"column":4},"end":{"line":66,"column":123}},"30":{"start":{"line":67,"column":4},"end":{"line":67,"column":127}},"31":{"start":{"line":68,"column":4},"end":{"line":68,"column":76}},"32":{"start":{"line":69,"column":4},"end":{"line":69,"column":78}},"33":{"start":{"line":72,"column":2},"end":{"line":262,"column":6}},"34":{"start":{"line":91,"column":15},"end":{"line":91,"column":33}},"35":{"start":{"line":93,"column":22},"end":{"line":93,"column":33}},"36":{"start":{"line":95,"column":6},"end":{"line":95,"column":49}},"37":{"start":{"line":96,"column":6},"end":{"line":96,"column":52}},"38":{"start":{"line":97,"column":31},"end":{"line":97,"column":50}},"39":{"start":{"line":98,"column":32},"end":{"line":98,"column":52}},"40":{"start":{"line":99,"column":22},"end":{"line":99,"column":81}},"41":{"start":{"line":101,"column":27},"end":{"line":101,"column":50}},"42":{"start":{"line":102,"column":29},"end":{"line":102,"column":67}},"43":{"start":{"line":103,"column":14},"end":{"line":103,"column":92}},"44":{"start":{"line":104,"column":14},"end":{"line":104,"column":30}},"45":{"start":{"line":105,"column":27},"end":{"line":105,"column":74}},"46":{"start":{"line":106,"column":24},"end":{"line":106,"column":74}},"47":{"start":{"line":109,"column":19},"end":{"line":109,"column":75}},"48":{"start":{"line":110,"column":28},"end":{"line":110,"column":66}},"49":{"start":{"line":120,"column":6},"end":{"line":137,"column":7}},"50":{"start":{"line":121,"column":8},"end":{"line":121,"column":85}},"51":{"start":{"line":124,"column":8},"end":{"line":126,"column":9}},"52":{"start":{"line":125,"column":10},"end":{"line":125,"column":37}},"53":{"start":{"line":128,"column":8},"end":{"line":128,"column":79}},"54":{"start":{"line":130,"column":8},"end":{"line":130,"column":30}},"55":{"start":{"line":132,"column":8},"end":{"line":134,"column":9}},"56":{"start":{"line":133,"column":10},"end":{"line":133,"column":37}},"57":{"start":{"line":136,"column":8},"end":{"line":136,"column":79}},"58":{"start":{"line":139,"column":26},"end":{"line":139,"column":75}},"59":{"start":{"line":140,"column":6},"end":{"line":147,"column":8}},"60":{"start":{"line":161,"column":6},"end":{"line":161,"column":55}},"61":{"start":{"line":162,"column":6},"end":{"line":162,"column":57}},"62":{"start":{"line":163,"column":6},"end":{"line":163,"column":50}},"63":{"start":{"line":163,"column":38},"end":{"line":163,"column":50}},"64":{"start":{"line":164,"column":15},"end":{"line":164,"column":33}},"65":{"start":{"line":165,"column":14},"end":{"line":165,"column":34}},"66":{"start":{"line":166,"column":29},"end":{"line":166,"column":75}},"67":{"start":{"line":167,"column":14},"end":{"line":167,"column":69}},"68":{"start":{"line":168,"column":14},"end":{"line":168,"column":102}},"69":{"start":{"line":169,"column":14},"end":{"line":169,"column":32}},"70":{"start":{"line":170,"column":37},"end":{"line":170,"column":59}},"71":{"start":{"line":172,"column":6},"end":{"line":174,"column":7}},"72":{"start":{"line":173,"column":8},"end":{"line":173,"column":20}},"73":{"start":{"line":176,"column":24},"end":{"line":179,"column":7}},"74":{"start":{"line":180,"column":19},"end":{"line":180,"column":96}},"75":{"start":{"line":182,"column":6},"end":{"line":185,"column":7}},"76":{"start":{"line":183,"column":21},"end":{"line":183,"column":65}},"77":{"start":{"line":184,"column":8},"end":{"line":184,"column":62}},"78":{"start":{"line":187,"column":6},"end":{"line":190,"column":7}},"79":{"start":{"line":188,"column":19},"end":{"line":188,"column":61}},"80":{"start":{"line":189,"column":8},"end":{"line":189,"column":32}},"81":{"start":{"line":192,"column":6},"end":{"line":192,"column":25}},"82":{"start":{"line":207,"column":6},"end":{"line":207,"column":55}},"83":{"start":{"line":208,"column":6},"end":{"line":208,"column":57}},"84":{"start":{"line":209,"column":6},"end":{"line":209,"column":50}},"85":{"start":{"line":209,"column":38},"end":{"line":209,"column":50}},"86":{"start":{"line":210,"column":15},"end":{"line":210,"column":33}},"87":{"start":{"line":212,"column":14},"end":{"line":212,"column":100}},"88":{"start":{"line":213,"column":29},"end":{"line":213,"column":75}},"89":{"start":{"line":214,"column":14},"end":{"line":214,"column":69}},"90":{"start":{"line":215,"column":14},"end":{"line":215,"column":102}},"91":{"start":{"line":216,"column":14},"end":{"line":216,"column":32}},"92":{"start":{"line":217,"column":37},"end":{"line":217,"column":59}},"93":{"start":{"line":219,"column":6},"end":{"line":221,"column":7}},"94":{"start":{"line":220,"column":8},"end":{"line":220,"column":20}},"95":{"start":{"line":223,"column":19},"end":{"line":223,"column":96}},"96":{"start":{"line":224,"column":23},"end":{"line":224,"column":92}},"97":{"start":{"line":225,"column":6},"end":{"line":225,"column":24}},"98":{"start":{"line":238,"column":18},"end":{"line":238,"column":20}},"99":{"start":{"line":239,"column":16},"end":{"line":239,"column":17}},"100":{"start":{"line":240,"column":24},"end":{"line":240,"column":55}},"101":{"start":{"line":241,"column":23},"end":{"line":241,"column":54}},"102":{"start":{"line":242,"column":6},"end":{"line":245,"column":9}},"103":{"start":{"line":251,"column":19},"end":{"line":251,"column":47}},"104":{"start":{"line":253,"column":34},"end":{"line":253,"column":57}},"105":{"start":{"line":255,"column":20},"end":{"line":255,"column":54}},"106":{"start":{"line":256,"column":24},"end":{"line":256,"column":60}},"107":{"start":{"line":257,"column":21},"end":{"line":257,"column":52}},"108":{"start":{"line":259,"column":6},"end":{"line":259,"column":66}},"109":{"start":{"line":260,"column":6},"end":{"line":260,"column":53}},"110":{"start":{"line":263,"column":2},"end":{"line":263,"column":17}},"111":{"start":{"line":266,"column":15},"end":{"line":266,"column":22}},"112":{"start":{"line":267,"column":0},"end":{"line":267,"column":30}}},"fnMap":{"0":{"name":"toPoint","decl":{"start":{"line":34,"column":23},"end":{"line":34,"column":30}},"loc":{"start":{"line":34,"column":37},"end":{"line":53,"column":1}},"line":34},"1":{"name":"(anonymous_1)","decl":{"start":{"line":59,"column":0},"end":{"line":59,"column":1}},"loc":{"start":{"line":59,"column":12},"end":{"line":264,"column":1}},"line":59},"2":{"name":"Stealth","decl":{"start":{"line":60,"column":11},"end":{"line":60,"column":18}},"loc":{"start":{"line":60,"column":27},"end":{"line":70,"column":3}},"line":60},"3":{"name":"genTransactionProof","decl":{"start":{"line":90,"column":20},"end":{"line":90,"column":39}},"loc":{"start":{"line":90,"column":89},"end":{"line":148,"column":5}},"line":90},"4":{"name":"checkTransactionProof","decl":{"start":{"line":160,"column":20},"end":{"line":160,"column":41}},"loc":{"start":{"line":160,"column":103},"end":{"line":193,"column":5}},"line":160},"5":{"name":"encryptedAmount","decl":{"start":{"line":206,"column":20},"end":{"line":206,"column":35}},"loc":{"start":{"line":206,"column":76},"end":{"line":226,"column":5}},"line":206},"6":{"name":"fromBuffer","decl":{"start":{"line":237,"column":20},"end":{"line":237,"column":30}},"loc":{"start":{"line":237,"column":39},"end":{"line":246,"column":5}},"line":237},"7":{"name":"fromString","decl":{"start":{"line":249,"column":20},"end":{"line":249,"column":30}},"loc":{"start":{"line":249,"column":36},"end":{"line":261,"column":5}},"line":249}},"branchMap":{"0":{"loc":{"start":{"line":35,"column":2},"end":{"line":37,"column":3}},"type":"if","locations":[{"start":{"line":35,"column":2},"end":{"line":37,"column":3}},{"start":{"line":35,"column":2},"end":{"line":37,"column":3}}],"line":35},"1":{"loc":{"start":{"line":40,"column":2},"end":{"line":42,"column":3}},"type":"if","locations":[{"start":{"line":40,"column":2},"end":{"line":42,"column":3}},{"start":{"line":40,"column":2},"end":{"line":42,"column":3}}],"line":40},"2":{"loc":{"start":{"line":45,"column":2},"end":{"line":47,"column":3}},"type":"if","locations":[{"start":{"line":45,"column":2},"end":{"line":47,"column":3}},{"start":{"line":45,"column":2},"end":{"line":47,"column":3}}],"line":45},"3":{"loc":{"start":{"line":50,"column":2},"end":{"line":52,"column":3}},"type":"if","locations":[{"start":{"line":50,"column":2},"end":{"line":52,"column":3}},{"start":{"line":50,"column":2},"end":{"line":52,"column":3}}],"line":50},"4":{"loc":{"start":{"line":63,"column":22},"end":{"line":63,"column":118}},"type":"cond-expr","locations":[{"start":{"line":63,"column":62},"end":{"line":63,"column":98}},{"start":{"line":63,"column":101},"end":{"line":63,"column":118}}],"line":63},"5":{"loc":{"start":{"line":64,"column":23},"end":{"line":64,"column":122}},"type":"cond-expr","locations":[{"start":{"line":64,"column":64},"end":{"line":64,"column":101}},{"start":{"line":64,"column":104},"end":{"line":64,"column":122}}],"line":64},"6":{"loc":{"start":{"line":66,"column":23},"end":{"line":66,"column":122}},"type":"cond-expr","locations":[{"start":{"line":66,"column":64},"end":{"line":66,"column":101}},{"start":{"line":66,"column":104},"end":{"line":66,"column":122}}],"line":66},"7":{"loc":{"start":{"line":67,"column":24},"end":{"line":67,"column":126}},"type":"cond-expr","locations":[{"start":{"line":67,"column":66},"end":{"line":67,"column":104}},{"start":{"line":67,"column":107},"end":{"line":67,"column":126}}],"line":67},"8":{"loc":{"start":{"line":95,"column":19},"end":{"line":95,"column":48}},"type":"binary-expr","locations":[{"start":{"line":95,"column":19},"end":{"line":95,"column":29}},{"start":{"line":95,"column":33},"end":{"line":95,"column":48}}],"line":95},"9":{"loc":{"start":{"line":96,"column":20},"end":{"line":96,"column":51}},"type":"binary-expr","locations":[{"start":{"line":96,"column":20},"end":{"line":96,"column":31}},{"start":{"line":96,"column":35},"end":{"line":96,"column":51}}],"line":96},"10":{"loc":{"start":{"line":120,"column":6},"end":{"line":137,"column":7}},"type":"if","locations":[{"start":{"line":120,"column":6},"end":{"line":137,"column":7}},{"start":{"line":120,"column":6},"end":{"line":137,"column":7}}],"line":120},"11":{"loc":{"start":{"line":124,"column":8},"end":{"line":126,"column":9}},"type":"if","locations":[{"start":{"line":124,"column":8},"end":{"line":126,"column":9}},{"start":{"line":124,"column":8},"end":{"line":126,"column":9}}],"line":124},"12":{"loc":{"start":{"line":132,"column":8},"end":{"line":134,"column":9}},"type":"if","locations":[{"start":{"line":132,"column":8},"end":{"line":134,"column":9}},{"start":{"line":132,"column":8},"end":{"line":134,"column":9}}],"line":132},"13":{"loc":{"start":{"line":163,"column":6},"end":{"line":163,"column":50}},"type":"if","locations":[{"start":{"line":163,"column":6},"end":{"line":163,"column":50}},{"start":{"line":163,"column":6},"end":{"line":163,"column":50}}],"line":163},"14":{"loc":{"start":{"line":172,"column":6},"end":{"line":174,"column":7}},"type":"if","locations":[{"start":{"line":172,"column":6},"end":{"line":174,"column":7}},{"start":{"line":172,"column":6},"end":{"line":174,"column":7}}],"line":172},"15":{"loc":{"start":{"line":182,"column":6},"end":{"line":185,"column":7}},"type":"if","locations":[{"start":{"line":182,"column":6},"end":{"line":185,"column":7}},{"start":{"line":182,"column":6},"end":{"line":185,"column":7}}],"line":182},"16":{"loc":{"start":{"line":187,"column":6},"end":{"line":190,"column":7}},"type":"if","locations":[{"start":{"line":187,"column":6},"end":{"line":190,"column":7}},{"start":{"line":187,"column":6},"end":{"line":190,"column":7}}],"line":187},"17":{"loc":{"start":{"line":209,"column":6},"end":{"line":209,"column":50}},"type":"if","locations":[{"start":{"line":209,"column":6},"end":{"line":209,"column":50}},{"start":{"line":209,"column":6},"end":{"line":209,"column":50}}],"line":209},"18":{"loc":{"start":{"line":219,"column":6},"end":{"line":221,"column":7}},"type":"if","locations":[{"start":{"line":219,"column":6},"end":{"line":221,"column":7}},{"start":{"line":219,"column":6},"end":{"line":221,"column":7}}],"line":219}},"s":{"0":1,"1":1,"2":1,"3":1,"4":1,"5":1,"6":1,"7":1,"8":1,"9":1,"10":1,"11":1,"12":1,"13":1,"14":1,"15":1,"16":6059,"17":336,"18":6059,"19":8,"20":6059,"21":336,"22":5723,"23":5723,"24":1,"25":1,"26":5798,"27":5798,"28":5798,"29":5798,"30":5798,"31":5798,"32":5798,"33":1,"34":168,"35":168,"36":168,"37":168,"38":168,"39":168,"40":168,"41":168,"42":168,"43":168,"44":168,"45":168,"46":168,"47":168,"48":168,"49":168,"50":142,"51":142,"52":0,"53":142,"54":26,"55":26,"56":0,"57":26,"58":168,"59":168,"60":5657,"61":5657,"62":5657,"63":0,"64":5657,"65":5657,"66":5657,"67":5657,"68":5657,"69":5657,"70":5657,"71":5657,"72":756,"73":4901,"74":4901,"75":4901,"76":4901,"77":4901,"78":4901,"79":4878,"80":4878,"81":4901,"82":1,"83":1,"84":1,"85":0,"86":1,"87":1,"88":1,"89":1,"90":1,"91":1,"92":1,"93":1,"94":0,"95":1,"96":1,"97":1,"98":14,"99":14,"100":14,"101":14,"102":14,"103":14,"104":14,"105":14,"106":14,"107":14,"108":14,"109":14,"110":1,"111":1,"112":1},"f":{"0":6059,"1":1,"2":5798,"3":168,"4":5657,"5":1,"6":14,"7":14},"b":{"0":[336,5723],"1":[8,6051],"2":[336,5723],"3":[5723,0],"4":[5784,14],"5":[5784,14],"6":[5784,14],"7":[5784,14],"8":[168,89],"9":[168,89],"10":[142,26],"11":[0,142],"12":[0,26],"13":[0,5657],"14":[756,4901],"15":[4901,0],"16":[4878,23],"17":[0,1],"18":[0,1]},"_coverageSchema":"43e27e138ebf9cfc5966b082cf9a028302ed4184","hash":"19b128d9b70d2622a501646ed506abeb24ba40d5","contentHash":"bbb97475e25ad85359c387d63f10f29e46e02507926d450d6bdcac3409affbf1"},"/home/anhnt/projects/privacyjs/src/commitment.js":{"path":"/home/anhnt/projects/privacyjs/src/commitment.js","statementMap":{"0":{"start":{"line":3,"column":29},"end":{"line":3,"column":84}},"1":{"start":{"line":5,"column":0},"end":{"line":7,"column":3}},"2":{"start":{"line":8,"column":0},"end":{"line":8,"column":28}},"3":{"start":{"line":10,"column":23},"end":{"line":10,"column":95}},"4":{"start":{"line":12,"column":20},"end":{"line":12,"column":89}},"5":{"start":{"line":14,"column":18},"end":{"line":14,"column":65}},"6":{"start":{"line":16,"column":17},"end":{"line":16,"column":39}},"7":{"start":{"line":18,"column":14},"end":{"line":18,"column":33}},"8":{"start":{"line":20,"column":9},"end":{"line":20,"column":31}},"9":{"start":{"line":22,"column":16},"end":{"line":22,"column":35}},"10":{"start":{"line":35,"column":0},"end":{"line":105,"column":3}},"11":{"start":{"line":37,"column":4},"end":{"line":37,"column":55}},"12":{"start":{"line":40,"column":2},"end":{"line":103,"column":6}},"13":{"start":{"line":53,"column":20},"end":{"line":53,"column":92}},"14":{"start":{"line":54,"column":18},"end":{"line":54,"column":29}},"15":{"start":{"line":56,"column":6},"end":{"line":58,"column":7}},"16":{"start":{"line":57,"column":8},"end":{"line":57,"column":82}},"17":{"start":{"line":60,"column":6},"end":{"line":62,"column":7}},"18":{"start":{"line":61,"column":8},"end":{"line":61,"column":121}},"19":{"start":{"line":64,"column":6},"end":{"line":64,"column":168}},"20":{"start":{"line":75,"column":21},"end":{"line":75,"column":25}},"21":{"start":{"line":77,"column":6},"end":{"line":85,"column":7}},"22":{"start":{"line":77,"column":23},"end":{"line":77,"column":24}},"23":{"start":{"line":78,"column":25},"end":{"line":78,"column":72}},"24":{"start":{"line":80,"column":8},"end":{"line":84,"column":9}},"25":{"start":{"line":81,"column":10},"end":{"line":81,"column":32}},"26":{"start":{"line":83,"column":10},"end":{"line":83,"column":46}},"27":{"start":{"line":87,"column":6},"end":{"line":87,"column":22}},"28":{"start":{"line":100,"column":25},"end":{"line":100,"column":131}},"29":{"start":{"line":101,"column":6},"end":{"line":101,"column":83}},"30":{"start":{"line":104,"column":2},"end":{"line":104,"column":20}},"31":{"start":{"line":107,"column":15},"end":{"line":107,"column":25}},"32":{"start":{"line":108,"column":0},"end":{"line":108,"column":30}}},"fnMap":{"0":{"name":"(anonymous_0)","decl":{"start":{"line":35,"column":0},"end":{"line":35,"column":1}},"loc":{"start":{"line":35,"column":12},"end":{"line":105,"column":1}},"line":35},"1":{"name":"Commitment","decl":{"start":{"line":36,"column":11},"end":{"line":36,"column":21}},"loc":{"start":{"line":36,"column":24},"end":{"line":38,"column":3}},"line":36},"2":{"name":"genCommitment","decl":{"start":{"line":52,"column":20},"end":{"line":52,"column":33}},"loc":{"start":{"line":52,"column":48},"end":{"line":65,"column":5}},"line":52},"3":{"name":"sumCommitments","decl":{"start":{"line":74,"column":20},"end":{"line":74,"column":34}},"loc":{"start":{"line":74,"column":48},"end":{"line":88,"column":5}},"line":74},"4":{"name":"verifyCommitment","decl":{"start":{"line":99,"column":20},"end":{"line":99,"column":36}},"loc":{"start":{"line":99,"column":63},"end":{"line":102,"column":5}},"line":99}},"branchMap":{"0":{"loc":{"start":{"line":53,"column":20},"end":{"line":53,"column":92}},"type":"cond-expr","locations":[{"start":{"line":53,"column":73},"end":{"line":53,"column":85}},{"start":{"line":53,"column":88},"end":{"line":53,"column":92}}],"line":53},"1":{"loc":{"start":{"line":53,"column":20},"end":{"line":53,"column":70}},"type":"binary-expr","locations":[{"start":{"line":53,"column":20},"end":{"line":53,"column":40}},{"start":{"line":53,"column":44},"end":{"line":53,"column":70}}],"line":53},"2":{"loc":{"start":{"line":56,"column":6},"end":{"line":58,"column":7}},"type":"if","locations":[{"start":{"line":56,"column":6},"end":{"line":58,"column":7}},{"start":{"line":56,"column":6},"end":{"line":58,"column":7}}],"line":56},"3":{"loc":{"start":{"line":56,"column":10},"end":{"line":56,"column":46}},"type":"binary-expr","locations":[{"start":{"line":56,"column":10},"end":{"line":56,"column":17}},{"start":{"line":56,"column":21},"end":{"line":56,"column":46}}],"line":56},"4":{"loc":{"start":{"line":60,"column":6},"end":{"line":62,"column":7}},"type":"if","locations":[{"start":{"line":60,"column":6},"end":{"line":62,"column":7}},{"start":{"line":60,"column":6},"end":{"line":62,"column":7}}],"line":60},"5":{"loc":{"start":{"line":60,"column":10},"end":{"line":60,"column":42}},"type":"binary-expr","locations":[{"start":{"line":60,"column":10},"end":{"line":60,"column":15}},{"start":{"line":60,"column":19},"end":{"line":60,"column":42}}],"line":60},"6":{"loc":{"start":{"line":80,"column":8},"end":{"line":84,"column":9}},"type":"if","locations":[{"start":{"line":80,"column":8},"end":{"line":84,"column":9}},{"start":{"line":80,"column":8},"end":{"line":84,"column":9}}],"line":80}},"s":{"0":1,"1":1,"2":1,"3":1,"4":1,"5":1,"6":1,"7":1,"8":1,"9":1,"10":1,"11":0,"12":1,"13":219,"14":219,"15":219,"16":1,"17":218,"18":26,"19":192,"20":0,"21":0,"22":0,"23":0,"24":0,"25":0,"26":0,"27":0,"28":25,"29":25,"30":1,"31":1,"32":1},"f":{"0":1,"1":0,"2":219,"3":0,"4":25},"b":{"0":[169,50],"1":[219,169],"2":[1,218],"3":[219,219],"4":[26,192],"5":[218,218],"6":[0,0]},"_coverageSchema":"43e27e138ebf9cfc5966b082cf9a028302ed4184","hash":"52d22f5a05993ab5873a4378522a77441694dad6","contentHash":"7f2bd9b7fe3f4ab3a70369e8872ad265b2e7406c89459e6c64f64e1a7945278e"},"/home/anhnt/projects/privacyjs/src/constants.js":{"path":"/home/anhnt/projects/privacyjs/src/constants.js","statementMap":{"0":{"start":{"line":3,"column":29},"end":{"line":3,"column":84}},"1":{"start":{"line":5,"column":0},"end":{"line":7,"column":3}},"2":{"start":{"line":8,"column":0},"end":{"line":8,"column":374}},"3":{"start":{"line":10,"column":18},"end":{"line":10,"column":65}},"4":{"start":{"line":12,"column":25},"end":{"line":12,"column":27}},"5":{"start":{"line":13,"column":0},"end":{"line":13,"column":48}},"6":{"start":{"line":14,"column":25},"end":{"line":14,"column":27}},"7":{"start":{"line":15,"column":0},"end":{"line":15,"column":48}},"8":{"start":{"line":16,"column":29},"end":{"line":16,"column":31}},"9":{"start":{"line":18,"column":0},"end":{"line":18,"column":56}},"10":{"start":{"line":19,"column":29},"end":{"line":19,"column":31}},"11":{"start":{"line":20,"column":0},"end":{"line":20,"column":56}},"12":{"start":{"line":21,"column":28},"end":{"line":21,"column":31}},"13":{"start":{"line":22,"column":0},"end":{"line":22,"column":54}},"14":{"start":{"line":23,"column":24},"end":{"line":23,"column":35}},"15":{"start":{"line":24,"column":0},"end":{"line":24,"column":46}},"16":{"start":{"line":25,"column":18},"end":{"line":25,"column":28}},"17":{"start":{"line":26,"column":0},"end":{"line":26,"column":34}},"18":{"start":{"line":28,"column":9},"end":{"line":28,"column":31}},"19":{"start":{"line":30,"column":16},"end":{"line":30,"column":35}},"20":{"start":{"line":31,"column":12},"end":{"line":31,"column":169}},"21":{"start":{"line":32,"column":0},"end":{"line":32,"column":22}},"22":{"start":{"line":33,"column":21},"end":{"line":33,"column":23}},"23":{"start":{"line":34,"column":0},"end":{"line":34,"column":40}},"24":{"start":{"line":35,"column":34},"end":{"line":35,"column":35}},"25":{"start":{"line":36,"column":0},"end":{"line":36,"column":66}},"26":{"start":{"line":37,"column":23},"end":{"line":37,"column":62}},"27":{"start":{"line":39,"column":0},"end":{"line":39,"column":44}},"28":{"start":{"line":40,"column":22},"end":{"line":40,"column":60}},"29":{"start":{"line":42,"column":0},"end":{"line":42,"column":42}},"30":{"start":{"line":43,"column":25},"end":{"line":43,"column":66}},"31":{"start":{"line":45,"column":0},"end":{"line":45,"column":48}}},"fnMap":{},"branchMap":{},"s":{"0":1,"1":1,"2":1,"3":1,"4":1,"5":1,"6":1,"7":1,"8":1,"9":1,"10":1,"11":1,"12":1,"13":1,"14":1,"15":1,"16":1,"17":1,"18":1,"19":1,"20":1,"21":1,"22":1,"23":1,"24":1,"25":1,"26":1,"27":1,"28":1,"29":1,"30":1,"31":1},"f":{},"b":{},"_coverageSchema":"43e27e138ebf9cfc5966b082cf9a028302ed4184","hash":"70359839f65d833ec9818dc5e7dbc23aa3e45d65","contentHash":"f36fdc8db14a890182e07ee45b88682e310953e21b6e30c7b313ddf5827039e5"},"/home/anhnt/projects/privacyjs/src/wallet.js":{"path":"/home/anhnt/projects/privacyjs/src/wallet.js","statementMap":{"0":{"start":{"line":3,"column":30},"end":{"line":3,"column":86}},"1":{"start":{"line":5,"column":29},"end":{"line":5,"column":84}},"2":{"start":{"line":7,"column":0},"end":{"line":9,"column":3}},"3":{"start":{"line":10,"column":0},"end":{"line":10,"column":28}},"4":{"start":{"line":12,"column":19},"end":{"line":12,"column":80}},"5":{"start":{"line":14,"column":26},"end":{"line":14,"column":101}},"6":{"start":{"line":16,"column":23},"end":{"line":16,"column":95}},"7":{"start":{"line":18,"column":23},"end":{"line":18,"column":95}},"8":{"start":{"line":20,"column":20},"end":{"line":20,"column":89}},"9":{"start":{"line":22,"column":34},"end":{"line":22,"column":117}},"10":{"start":{"line":24,"column":23},"end":{"line":24,"column":95}},"11":{"start":{"line":26,"column":17},"end":{"line":26,"column":83}},"12":{"start":{"line":28,"column":11},"end":{"line":28,"column":50}},"13":{"start":{"line":30,"column":20},"end":{"line":30,"column":68}},"14":{"start":{"line":32,"column":24},"end":{"line":32,"column":85}},"15":{"start":{"line":34,"column":14},"end":{"line":34,"column":55}},"16":{"start":{"line":36,"column":8},"end":{"line":36,"column":50}},"17":{"start":{"line":38,"column":18},"end":{"line":38,"column":65}},"18":{"start":{"line":40,"column":13},"end":{"line":40,"column":31}},"19":{"start":{"line":42,"column":10},"end":{"line":42,"column":49}},"20":{"start":{"line":44,"column":15},"end":{"line":44,"column":62}},"21":{"start":{"line":46,"column":14},"end":{"line":46,"column":59}},"22":{"start":{"line":48,"column":15},"end":{"line":48,"column":60}},"23":{"start":{"line":50,"column":12},"end":{"line":50,"column":53}},"24":{"start":{"line":52,"column":13},"end":{"line":52,"column":56}},"25":{"start":{"line":54,"column":20},"end":{"line":54,"column":69}},"26":{"start":{"line":56,"column":14},"end":{"line":56,"column":33}},"27":{"start":{"line":58,"column":14},"end":{"line":58,"column":33}},"28":{"start":{"line":60,"column":54},"end":{"line":60,"column":73}},"29":{"start":{"line":60,"column":75},"end":{"line":60,"column":326}},"30":{"start":{"line":60,"column":125},"end":{"line":60,"column":161}},"31":{"start":{"line":60,"column":163},"end":{"line":60,"column":292}},"32":{"start":{"line":60,"column":183},"end":{"line":60,"column":292}},"33":{"start":{"line":60,"column":225},"end":{"line":60,"column":288}},"34":{"start":{"line":60,"column":293},"end":{"line":60,"column":324}},"35":{"start":{"line":60,"column":327},"end":{"line":60,"column":339}},"36":{"start":{"line":62,"column":33},"end":{"line":62,"column":534}},"37":{"start":{"line":62,"column":46},"end":{"line":62,"column":47}},"38":{"start":{"line":62,"column":91},"end":{"line":62,"column":131}},"39":{"start":{"line":62,"column":133},"end":{"line":62,"column":532}},"40":{"start":{"line":62,"column":146},"end":{"line":62,"column":264}},"41":{"start":{"line":62,"column":201},"end":{"line":62,"column":260}},"42":{"start":{"line":62,"column":272},"end":{"line":62,"column":532}},"43":{"start":{"line":62,"column":312},"end":{"line":62,"column":386}},"44":{"start":{"line":62,"column":396},"end":{"line":62,"column":530}},"45":{"start":{"line":62,"column":445},"end":{"line":62,"column":526}},"46":{"start":{"line":62,"column":535},"end":{"line":62,"column":549}},"47":{"start":{"line":66,"column":0},"end":{"line":1400,"column":27}},"48":{"start":{"line":67,"column":2},"end":{"line":67,"column":52}},"49":{"start":{"line":82,"column":4},"end":{"line":82,"column":51}},"50":{"start":{"line":83,"column":4},"end":{"line":83,"column":115}},"51":{"start":{"line":84,"column":4},"end":{"line":84,"column":119}},"52":{"start":{"line":85,"column":4},"end":{"line":85,"column":55}},"53":{"start":{"line":86,"column":4},"end":{"line":86,"column":80}},"54":{"start":{"line":87,"column":4},"end":{"line":87,"column":26}},"55":{"start":{"line":88,"column":4},"end":{"line":88,"column":80}},"56":{"start":{"line":89,"column":4},"end":{"line":89,"column":64}},"57":{"start":{"line":90,"column":19},"end":{"line":90,"column":85}},"58":{"start":{"line":91,"column":15},"end":{"line":91,"column":44}},"59":{"start":{"line":92,"column":18},"end":{"line":92,"column":82}},"60":{"start":{"line":93,"column":4},"end":{"line":93,"column":53}},"61":{"start":{"line":94,"column":4},"end":{"line":99,"column":6}},"62":{"start":{"line":100,"column":4},"end":{"line":103,"column":7}},"63":{"start":{"line":104,"column":4},"end":{"line":104,"column":24}},"64":{"start":{"line":106,"column":4},"end":{"line":108,"column":5}},"65":{"start":{"line":107,"column":6},"end":{"line":107,"column":34}},"66":{"start":{"line":110,"column":4},"end":{"line":110,"column":17}},"67":{"start":{"line":127,"column":2},"end":{"line":1398,"column":6}},"68":{"start":{"line":130,"column":18},"end":{"line":130,"column":99}},"69":{"start":{"line":131,"column":6},"end":{"line":137,"column":8}},"70":{"start":{"line":148,"column":19},"end":{"line":148,"column":23}},"71":{"start":{"line":150,"column":6},"end":{"line":150,"column":33}},"72":{"start":{"line":151,"column":6},"end":{"line":171,"column":9}},"73":{"start":{"line":154,"column":20},"end":{"line":154,"column":153}},"74":{"start":{"line":156,"column":8},"end":{"line":170,"column":11}},"75":{"start":{"line":160,"column":10},"end":{"line":160,"column":45}},"76":{"start":{"line":162,"column":10},"end":{"line":162,"column":24}},"77":{"start":{"line":164,"column":10},"end":{"line":164,"column":56}},"78":{"start":{"line":166,"column":10},"end":{"line":169,"column":13}},"79":{"start":{"line":182,"column":19},"end":{"line":182,"column":23}},"80":{"start":{"line":184,"column":6},"end":{"line":195,"column":9}},"81":{"start":{"line":185,"column":8},"end":{"line":194,"column":11}},"82":{"start":{"line":189,"column":10},"end":{"line":191,"column":14}},"83":{"start":{"line":193,"column":10},"end":{"line":193,"column":28}},"84":{"start":{"line":206,"column":19},"end":{"line":206,"column":23}},"85":{"start":{"line":208,"column":6},"end":{"line":218,"column":9}},"86":{"start":{"line":209,"column":8},"end":{"line":217,"column":11}},"87":{"start":{"line":210,"column":10},"end":{"line":213,"column":13}},"88":{"start":{"line":211,"column":12},"end":{"line":211,"column":52}},"89":{"start":{"line":212,"column":12},"end":{"line":212,"column":23}},"90":{"start":{"line":214,"column":10},"end":{"line":214,"column":25}},"91":{"start":{"line":216,"column":10},"end":{"line":216,"column":28}},"92":{"start":{"line":224,"column":6},"end":{"line":263,"column":31}},"93":{"start":{"line":225,"column":8},"end":{"line":262,"column":9}},"94":{"start":{"line":226,"column":10},"end":{"line":261,"column":11}},"95":{"start":{"line":228,"column":14},"end":{"line":228,"column":59}},"96":{"start":{"line":229,"column":14},"end":{"line":229,"column":80}},"97":{"start":{"line":231,"column":14},"end":{"line":234,"column":15}},"98":{"start":{"line":232,"column":16},"end":{"line":232,"column":35}},"99":{"start":{"line":233,"column":16},"end":{"line":233,"column":22}},"100":{"start":{"line":236,"column":14},"end":{"line":236,"column":32}},"101":{"start":{"line":237,"column":14},"end":{"line":237,"column":32}},"102":{"start":{"line":238,"column":14},"end":{"line":238,"column":79}},"103":{"start":{"line":241,"column":14},"end":{"line":241,"column":34}},"104":{"start":{"line":242,"column":14},"end":{"line":242,"column":33}},"105":{"start":{"line":243,"column":14},"end":{"line":243,"column":20}},"106":{"start":{"line":246,"column":14},"end":{"line":246,"column":32}},"107":{"start":{"line":247,"column":14},"end":{"line":247,"column":49}},"108":{"start":{"line":248,"column":14},"end":{"line":248,"column":54}},"109":{"start":{"line":251,"column":14},"end":{"line":251,"column":76}},"110":{"start":{"line":255,"column":14},"end":{"line":255,"column":34}},"111":{"start":{"line":256,"column":14},"end":{"line":256,"column":54}},"112":{"start":{"line":260,"column":14},"end":{"line":260,"column":37}},"113":{"start":{"line":269,"column":6},"end":{"line":295,"column":31}},"114":{"start":{"line":270,"column":8},"end":{"line":294,"column":9}},"115":{"start":{"line":271,"column":10},"end":{"line":293,"column":11}},"116":{"start":{"line":273,"column":14},"end":{"line":273,"column":33}},"117":{"start":{"line":274,"column":14},"end":{"line":274,"column":33}},"118":{"start":{"line":275,"column":14},"end":{"line":277,"column":19}},"119":{"start":{"line":276,"column":16},"end":{"line":276,"column":50}},"120":{"start":{"line":280,"column":14},"end":{"line":280,"column":35}},"121":{"start":{"line":281,"column":14},"end":{"line":283,"column":18}},"122":{"start":{"line":282,"column":16},"end":{"line":282,"column":54}},"123":{"start":{"line":286,"column":14},"end":{"line":286,"column":33}},"124":{"start":{"line":287,"column":14},"end":{"line":287,"column":51}},"125":{"start":{"line":288,"column":14},"end":{"line":288,"column":52}},"126":{"start":{"line":292,"column":14},"end":{"line":292,"column":38}},"127":{"start":{"line":308,"column":19},"end":{"line":308,"column":23}},"128":{"start":{"line":312,"column":6},"end":{"line":442,"column":21}},"129":{"start":{"line":313,"column":8},"end":{"line":441,"column":9}},"130":{"start":{"line":314,"column":10},"end":{"line":440,"column":11}},"131":{"start":{"line":316,"column":14},"end":{"line":316,"column":27}},"132":{"start":{"line":317,"column":14},"end":{"line":435,"column":18}},"133":{"start":{"line":318,"column":16},"end":{"line":318,"column":45}},"134":{"start":{"line":320,"column":28},"end":{"line":320,"column":56}},"135":{"start":{"line":321,"column":32},"end":{"line":321,"column":33}},"136":{"start":{"line":323,"column":30},"end":{"line":323,"column":55}},"137":{"start":{"line":325,"column":33},"end":{"line":325,"column":38}},"138":{"start":{"line":326,"column":31},"end":{"line":326,"column":33}},"139":{"start":{"line":330,"column":18},"end":{"line":410,"column":43}},"140":{"start":{"line":331,"column":20},"end":{"line":409,"column":21}},"141":{"start":{"line":332,"column":22},"end":{"line":408,"column":23}},"142":{"start":{"line":334,"column":26},"end":{"line":334,"column":37}},"143":{"start":{"line":335,"column":26},"end":{"line":335,"column":45}},"144":{"start":{"line":336,"column":26},"end":{"line":336,"column":45}},"145":{"start":{"line":337,"column":26},"end":{"line":337,"column":99}},"146":{"start":{"line":340,"column":26},"end":{"line":340,"column":49}},"147":{"start":{"line":341,"column":26},"end":{"line":341,"column":46}},"148":{"start":{"line":342,"column":26},"end":{"line":342,"column":32}},"149":{"start":{"line":345,"column":26},"end":{"line":345,"column":45}},"150":{"start":{"line":346,"column":26},"end":{"line":346,"column":63}},"151":{"start":{"line":347,"column":26},"end":{"line":347,"column":44}},"152":{"start":{"line":350,"column":26},"end":{"line":353,"column":27}},"153":{"start":{"line":351,"column":28},"end":{"line":351,"column":48}},"154":{"start":{"line":352,"column":28},"end":{"line":352,"column":34}},"155":{"start":{"line":355,"column":26},"end":{"line":355,"column":67}},"156":{"start":{"line":359,"column":26},"end":{"line":359,"column":33}},"157":{"start":{"line":361,"column":26},"end":{"line":383,"column":27}},"158":{"start":{"line":362,"column":28},"end":{"line":362,"column":45}},"159":{"start":{"line":364,"column":28},"end":{"line":382,"column":29}},"160":{"start":{"line":365,"column":30},"end":{"line":365,"column":50}},"161":{"start":{"line":367,"column":30},"end":{"line":369,"column":31}},"162":{"start":{"line":368,"column":32},"end":{"line":368,"column":56}},"163":{"start":{"line":371,"column":30},"end":{"line":371,"column":48}},"164":{"start":{"line":373,"column":30},"end":{"line":373,"column":72}},"165":{"start":{"line":374,"column":30},"end":{"line":374,"column":97}},"166":{"start":{"line":376,"column":30},"end":{"line":381,"column":31}},"167":{"start":{"line":377,"column":32},"end":{"line":377,"column":67}},"168":{"start":{"line":378,"column":32},"end":{"line":378,"column":37}},"169":{"start":{"line":380,"column":32},"end":{"line":380,"column":52}},"170":{"start":{"line":386,"column":26},"end":{"line":386,"column":46}},"171":{"start":{"line":387,"column":26},"end":{"line":387,"column":96}},"172":{"start":{"line":390,"column":26},"end":{"line":390,"column":60}},"173":{"start":{"line":392,"column":26},"end":{"line":395,"column":27}},"174":{"start":{"line":393,"column":28},"end":{"line":393,"column":85}},"175":{"start":{"line":394,"column":28},"end":{"line":394,"column":73}},"176":{"start":{"line":397,"column":26},"end":{"line":400,"column":27}},"177":{"start":{"line":398,"column":28},"end":{"line":398,"column":48}},"178":{"start":{"line":399,"column":28},"end":{"line":399,"column":34}},"179":{"start":{"line":402,"column":26},"end":{"line":402,"column":46}},"180":{"start":{"line":403,"column":26},"end":{"line":403,"column":80}},"181":{"start":{"line":407,"column":26},"end":{"line":407,"column":50}},"182":{"start":{"line":413,"column":16},"end":{"line":434,"column":19}},"183":{"start":{"line":414,"column":18},"end":{"line":414,"column":42}},"184":{"start":{"line":415,"column":18},"end":{"line":415,"column":46}},"185":{"start":{"line":416,"column":18},"end":{"line":416,"column":41}},"186":{"start":{"line":422,"column":18},"end":{"line":422,"column":48}},"187":{"start":{"line":424,"column":18},"end":{"line":424,"column":50}},"188":{"start":{"line":426,"column":18},"end":{"line":426,"column":78}},"189":{"start":{"line":427,"column":18},"end":{"line":427,"column":64}},"190":{"start":{"line":428,"column":18},"end":{"line":431,"column":21}},"191":{"start":{"line":433,"column":18},"end":{"line":433,"column":29}},"192":{"start":{"line":439,"column":14},"end":{"line":439,"column":38}},"193":{"start":{"line":447,"column":6},"end":{"line":449,"column":7}},"194":{"start":{"line":448,"column":8},"end":{"line":448,"column":67}},"195":{"start":{"line":451,"column":6},"end":{"line":453,"column":7}},"196":{"start":{"line":452,"column":8},"end":{"line":452,"column":51}},"197":{"start":{"line":455,"column":6},"end":{"line":457,"column":7}},"198":{"start":{"line":456,"column":8},"end":{"line":456,"column":27}},"199":{"start":{"line":471,"column":26},"end":{"line":471,"column":28}},"200":{"start":{"line":472,"column":14},"end":{"line":472,"column":15}},"201":{"start":{"line":474,"column":30},"end":{"line":474,"column":55}},"202":{"start":{"line":476,"column":20},"end":{"line":476,"column":21}},"203":{"start":{"line":478,"column":6},"end":{"line":487,"column":7}},"204":{"start":{"line":479,"column":8},"end":{"line":479,"column":108}},"205":{"start":{"line":480,"column":8},"end":{"line":480,"column":42}},"206":{"start":{"line":482,"column":8},"end":{"line":484,"column":9}},"207":{"start":{"line":483,"column":10},"end":{"line":483,"column":20}},"208":{"start":{"line":486,"column":8},"end":{"line":486,"column":12}},"209":{"start":{"line":489,"column":6},"end":{"line":489,"column":72}},"210":{"start":{"line":490,"column":6},"end":{"line":490,"column":57}},"211":{"start":{"line":492,"column":6},"end":{"line":496,"column":7}},"212":{"start":{"line":493,"column":8},"end":{"line":495,"column":10}},"213":{"start":{"line":498,"column":6},"end":{"line":503,"column":8}},"214":{"start":{"line":517,"column":16},"end":{"line":517,"column":18}},"215":{"start":{"line":519,"column":23},"end":{"line":519,"column":48}},"216":{"start":{"line":521,"column":6},"end":{"line":537,"column":7}},"217":{"start":{"line":521,"column":23},"end":{"line":521,"column":24}},"218":{"start":{"line":523,"column":27},"end":{"line":523,"column":80}},"219":{"start":{"line":525,"column":29},"end":{"line":525,"column":57}},"220":{"start":{"line":527,"column":8},"end":{"line":536,"column":9}},"221":{"start":{"line":528,"column":33},"end":{"line":528,"column":92}},"222":{"start":{"line":530,"column":10},"end":{"line":534,"column":13}},"223":{"start":{"line":535,"column":10},"end":{"line":535,"column":56}},"224":{"start":{"line":539,"column":19},"end":{"line":539,"column":40}},"225":{"start":{"line":541,"column":6},"end":{"line":545,"column":9}},"226":{"start":{"line":546,"column":6},"end":{"line":546,"column":17}},"227":{"start":{"line":557,"column":19},"end":{"line":557,"column":23}},"228":{"start":{"line":559,"column":20},"end":{"line":559,"column":45}},"229":{"start":{"line":561,"column":6},"end":{"line":567,"column":9}},"230":{"start":{"line":562,"column":8},"end":{"line":564,"column":9}},"231":{"start":{"line":563,"column":10},"end":{"line":563,"column":111}},"232":{"start":{"line":566,"column":8},"end":{"line":566,"column":79}},"233":{"start":{"line":569,"column":6},"end":{"line":569,"column":21}},"234":{"start":{"line":584,"column":19},"end":{"line":584,"column":23}},"235":{"start":{"line":588,"column":6},"end":{"line":669,"column":33}},"236":{"start":{"line":589,"column":8},"end":{"line":668,"column":9}},"237":{"start":{"line":590,"column":10},"end":{"line":667,"column":11}},"238":{"start":{"line":592,"column":14},"end":{"line":592,"column":127}},"239":{"start":{"line":594,"column":14},"end":{"line":597,"column":15}},"240":{"start":{"line":595,"column":16},"end":{"line":595,"column":35}},"241":{"start":{"line":596,"column":16},"end":{"line":596,"column":22}},"242":{"start":{"line":599,"column":14},"end":{"line":599,"column":33}},"243":{"start":{"line":600,"column":14},"end":{"line":600,"column":64}},"244":{"start":{"line":603,"column":14},"end":{"line":603,"column":94}},"245":{"start":{"line":604,"column":14},"end":{"line":604,"column":96}},"246":{"start":{"line":605,"column":14},"end":{"line":605,"column":120}},"247":{"start":{"line":606,"column":14},"end":{"line":606,"column":41}},"248":{"start":{"line":607,"column":14},"end":{"line":607,"column":148}},"249":{"start":{"line":608,"column":14},"end":{"line":608,"column":79}},"250":{"start":{"line":609,"column":14},"end":{"line":613,"column":17}},"251":{"start":{"line":610,"column":27},"end":{"line":610,"column":52}},"252":{"start":{"line":611,"column":16},"end":{"line":611,"column":67}},"253":{"start":{"line":612,"column":16},"end":{"line":612,"column":28}},"254":{"start":{"line":614,"column":14},"end":{"line":614,"column":77}},"255":{"start":{"line":615,"column":14},"end":{"line":615,"column":33}},"256":{"start":{"line":616,"column":14},"end":{"line":616,"column":40}},"257":{"start":{"line":617,"column":14},"end":{"line":617,"column":28}},"258":{"start":{"line":618,"column":14},"end":{"line":618,"column":34}},"259":{"start":{"line":621,"column":14},"end":{"line":624,"column":15}},"260":{"start":{"line":622,"column":16},"end":{"line":622,"column":36}},"261":{"start":{"line":623,"column":16},"end":{"line":623,"column":22}},"262":{"start":{"line":626,"column":14},"end":{"line":626,"column":34}},"263":{"start":{"line":627,"column":14},"end":{"line":627,"column":184}},"264":{"start":{"line":630,"column":14},"end":{"line":630,"column":37}},"265":{"start":{"line":631,"column":14},"end":{"line":631,"column":34}},"266":{"start":{"line":632,"column":14},"end":{"line":632,"column":70}},"267":{"start":{"line":635,"column":14},"end":{"line":635,"column":35}},"268":{"start":{"line":636,"column":14},"end":{"line":636,"column":46}},"269":{"start":{"line":637,"column":14},"end":{"line":637,"column":26}},"270":{"start":{"line":638,"column":14},"end":{"line":638,"column":34}},"271":{"start":{"line":639,"column":14},"end":{"line":639,"column":20}},"272":{"start":{"line":642,"column":14},"end":{"line":642,"column":42}},"273":{"start":{"line":643,"column":14},"end":{"line":643,"column":34}},"274":{"start":{"line":644,"column":14},"end":{"line":644,"column":20}},"275":{"start":{"line":647,"column":14},"end":{"line":647,"column":34}},"276":{"start":{"line":648,"column":14},"end":{"line":648,"column":52}},"277":{"start":{"line":649,"column":14},"end":{"line":649,"column":60}},"278":{"start":{"line":650,"column":14},"end":{"line":650,"column":56}},"279":{"start":{"line":651,"column":14},"end":{"line":651,"column":45}},"280":{"start":{"line":652,"column":14},"end":{"line":652,"column":54}},"281":{"start":{"line":653,"column":14},"end":{"line":653,"column":33}},"282":{"start":{"line":657,"column":14},"end":{"line":657,"column":53}},"283":{"start":{"line":658,"column":14},"end":{"line":658,"column":47}},"284":{"start":{"line":659,"column":14},"end":{"line":659,"column":56}},"285":{"start":{"line":660,"column":14},"end":{"line":660,"column":42}},"286":{"start":{"line":661,"column":14},"end":{"line":661,"column":45}},"287":{"start":{"line":662,"column":14},"end":{"line":662,"column":63}},"288":{"start":{"line":666,"column":14},"end":{"line":666,"column":38}},"289":{"start":{"line":685,"column":6},"end":{"line":699,"column":7}},"290":{"start":{"line":687,"column":31},"end":{"line":687,"column":75}},"291":{"start":{"line":689,"column":23},"end":{"line":689,"column":100}},"292":{"start":{"line":690,"column":19},"end":{"line":690,"column":48}},"293":{"start":{"line":691,"column":22},"end":{"line":691,"column":84}},"294":{"start":{"line":692,"column":8},"end":{"line":692,"column":34}},"295":{"start":{"line":693,"column":8},"end":{"line":696,"column":11}},"296":{"start":{"line":698,"column":8},"end":{"line":698,"column":34}},"297":{"start":{"line":701,"column":6},"end":{"line":711,"column":9}},"298":{"start":{"line":704,"column":8},"end":{"line":710,"column":11}},"299":{"start":{"line":707,"column":10},"end":{"line":707,"column":24}},"300":{"start":{"line":709,"column":10},"end":{"line":709,"column":34}},"301":{"start":{"line":725,"column":19},"end":{"line":725,"column":23}},"302":{"start":{"line":729,"column":6},"end":{"line":808,"column":33}},"303":{"start":{"line":730,"column":8},"end":{"line":807,"column":9}},"304":{"start":{"line":731,"column":10},"end":{"line":806,"column":11}},"305":{"start":{"line":733,"column":14},"end":{"line":733,"column":108}},"306":{"start":{"line":735,"column":14},"end":{"line":738,"column":15}},"307":{"start":{"line":736,"column":16},"end":{"line":736,"column":35}},"308":{"start":{"line":737,"column":16},"end":{"line":737,"column":22}},"309":{"start":{"line":740,"column":14},"end":{"line":740,"column":33}},"310":{"start":{"line":741,"column":14},"end":{"line":741,"column":64}},"311":{"start":{"line":744,"column":14},"end":{"line":744,"column":94}},"312":{"start":{"line":745,"column":14},"end":{"line":745,"column":120}},"313":{"start":{"line":746,"column":14},"end":{"line":746,"column":96}},"314":{"start":{"line":747,"column":14},"end":{"line":747,"column":42}},"315":{"start":{"line":748,"column":14},"end":{"line":748,"column":151}},"316":{"start":{"line":749,"column":14},"end":{"line":749,"column":79}},"317":{"start":{"line":750,"column":14},"end":{"line":754,"column":17}},"318":{"start":{"line":751,"column":27},"end":{"line":751,"column":52}},"319":{"start":{"line":752,"column":16},"end":{"line":752,"column":67}},"320":{"start":{"line":753,"column":16},"end":{"line":753,"column":28}},"321":{"start":{"line":755,"column":14},"end":{"line":755,"column":77}},"322":{"start":{"line":756,"column":14},"end":{"line":756,"column":33}},"323":{"start":{"line":757,"column":14},"end":{"line":757,"column":48}},"324":{"start":{"line":758,"column":14},"end":{"line":758,"column":34}},"325":{"start":{"line":759,"column":14},"end":{"line":759,"column":26}},"326":{"start":{"line":762,"column":14},"end":{"line":765,"column":15}},"327":{"start":{"line":763,"column":16},"end":{"line":763,"column":36}},"328":{"start":{"line":764,"column":16},"end":{"line":764,"column":22}},"329":{"start":{"line":767,"column":14},"end":{"line":767,"column":34}},"330":{"start":{"line":768,"column":14},"end":{"line":768,"column":168}},"331":{"start":{"line":771,"column":14},"end":{"line":771,"column":37}},"332":{"start":{"line":772,"column":14},"end":{"line":772,"column":34}},"333":{"start":{"line":773,"column":14},"end":{"line":773,"column":74}},"334":{"start":{"line":776,"column":14},"end":{"line":776,"column":35}},"335":{"start":{"line":777,"column":14},"end":{"line":777,"column":46}},"336":{"start":{"line":778,"column":14},"end":{"line":778,"column":24}},"337":{"start":{"line":779,"column":14},"end":{"line":779,"column":34}},"338":{"start":{"line":780,"column":14},"end":{"line":780,"column":20}},"339":{"start":{"line":783,"column":14},"end":{"line":783,"column":43}},"340":{"start":{"line":784,"column":14},"end":{"line":784,"column":34}},"341":{"start":{"line":785,"column":14},"end":{"line":785,"column":20}},"342":{"start":{"line":788,"column":14},"end":{"line":788,"column":34}},"343":{"start":{"line":789,"column":14},"end":{"line":789,"column":52}},"344":{"start":{"line":790,"column":14},"end":{"line":790,"column":55}},"345":{"start":{"line":791,"column":14},"end":{"line":791,"column":60}},"346":{"start":{"line":792,"column":14},"end":{"line":792,"column":56}},"347":{"start":{"line":793,"column":14},"end":{"line":793,"column":45}},"348":{"start":{"line":794,"column":14},"end":{"line":794,"column":33}},"349":{"start":{"line":797,"column":14},"end":{"line":797,"column":47}},"350":{"start":{"line":798,"column":14},"end":{"line":798,"column":56}},"351":{"start":{"line":799,"column":14},"end":{"line":799,"column":43}},"352":{"start":{"line":800,"column":14},"end":{"line":800,"column":45}},"353":{"start":{"line":801,"column":14},"end":{"line":801,"column":63}},"354":{"start":{"line":805,"column":14},"end":{"line":805,"column":38}},"355":{"start":{"line":820,"column":29},"end":{"line":820,"column":73}},"356":{"start":{"line":822,"column":21},"end":{"line":822,"column":98}},"357":{"start":{"line":823,"column":17},"end":{"line":823,"column":46}},"358":{"start":{"line":825,"column":34},"end":{"line":825,"column":96}},"359":{"start":{"line":826,"column":20},"end":{"line":826,"column":49}},"360":{"start":{"line":828,"column":28},"end":{"line":831,"column":8}},"361":{"start":{"line":832,"column":6},"end":{"line":842,"column":9}},"362":{"start":{"line":835,"column":8},"end":{"line":841,"column":11}},"363":{"start":{"line":838,"column":10},"end":{"line":838,"column":24}},"364":{"start":{"line":840,"column":10},"end":{"line":840,"column":34}},"365":{"start":{"line":857,"column":6},"end":{"line":896,"column":21}},"366":{"start":{"line":858,"column":8},"end":{"line":895,"column":9}},"367":{"start":{"line":859,"column":10},"end":{"line":894,"column":11}},"368":{"start":{"line":862,"column":14},"end":{"line":862,"column":31}},"369":{"start":{"line":863,"column":14},"end":{"line":863,"column":47}},"370":{"start":{"line":864,"column":14},"end":{"line":864,"column":37}},"371":{"start":{"line":866,"column":14},"end":{"line":875,"column":15}},"372":{"start":{"line":867,"column":16},"end":{"line":867,"column":28}},"373":{"start":{"line":869,"column":16},"end":{"line":872,"column":145}},"374":{"start":{"line":870,"column":18},"end":{"line":870,"column":66}},"375":{"start":{"line":871,"column":18},"end":{"line":871,"column":39}},"376":{"start":{"line":874,"column":16},"end":{"line":874,"column":37}},"377":{"start":{"line":878,"column":14},"end":{"line":878,"column":33}},"378":{"start":{"line":879,"column":14},"end":{"line":879,"column":79}},"379":{"start":{"line":882,"column":14},"end":{"line":882,"column":37}},"380":{"start":{"line":883,"column":14},"end":{"line":885,"column":17}},"381":{"start":{"line":884,"column":16},"end":{"line":884,"column":49}},"382":{"start":{"line":886,"column":14},"end":{"line":889,"column":18}},"383":{"start":{"line":887,"column":16},"end":{"line":887,"column":41}},"384":{"start":{"line":888,"column":16},"end":{"line":888,"column":42}},"385":{"start":{"line":893,"column":14},"end":{"line":893,"column":38}},"386":{"start":{"line":912,"column":6},"end":{"line":986,"column":21}},"387":{"start":{"line":913,"column":8},"end":{"line":985,"column":9}},"388":{"start":{"line":914,"column":10},"end":{"line":984,"column":11}},"389":{"start":{"line":916,"column":14},"end":{"line":916,"column":50}},"390":{"start":{"line":917,"column":14},"end":{"line":917,"column":49}},"391":{"start":{"line":919,"column":14},"end":{"line":919,"column":33}},"392":{"start":{"line":920,"column":14},"end":{"line":922,"column":19}},"393":{"start":{"line":921,"column":16},"end":{"line":921,"column":34}},"394":{"start":{"line":925,"column":14},"end":{"line":925,"column":38}},"395":{"start":{"line":927,"column":14},"end":{"line":927,"column":65}},"396":{"start":{"line":928,"column":14},"end":{"line":928,"column":27}},"397":{"start":{"line":930,"column":14},"end":{"line":933,"column":17}},"398":{"start":{"line":931,"column":16},"end":{"line":931,"column":67}},"399":{"start":{"line":932,"column":16},"end":{"line":932,"column":33}},"400":{"start":{"line":935,"column":14},"end":{"line":937,"column":17}},"401":{"start":{"line":936,"column":16},"end":{"line":936,"column":46}},"402":{"start":{"line":939,"column":14},"end":{"line":939,"column":56}},"403":{"start":{"line":940,"column":14},"end":{"line":940,"column":28}},"404":{"start":{"line":942,"column":14},"end":{"line":947,"column":17}},"405":{"start":{"line":943,"column":30},"end":{"line":943,"column":34}},"406":{"start":{"line":945,"column":16},"end":{"line":945,"column":102}},"407":{"start":{"line":946,"column":16},"end":{"line":946,"column":76}},"408":{"start":{"line":949,"column":14},"end":{"line":949,"column":39}},"409":{"start":{"line":951,"column":14},"end":{"line":962,"column":103}},"410":{"start":{"line":955,"column":35},"end":{"line":955,"column":74}},"411":{"start":{"line":957,"column":16},"end":{"line":957,"column":105}},"412":{"start":{"line":958,"column":16},"end":{"line":961,"column":18}},"413":{"start":{"line":964,"column":14},"end":{"line":964,"column":37}},"414":{"start":{"line":965,"column":14},"end":{"line":969,"column":33}},"415":{"start":{"line":966,"column":16},"end":{"line":968,"column":19}},"416":{"start":{"line":967,"column":18},"end":{"line":967,"column":40}},"417":{"start":{"line":970,"column":14},"end":{"line":970,"column":96}},"418":{"start":{"line":971,"column":14},"end":{"line":971,"column":173}},"419":{"start":{"line":972,"column":14},"end":{"line":979,"column":17}},"420":{"start":{"line":975,"column":18},"end":{"line":975,"column":50}},"421":{"start":{"line":977,"column":18},"end":{"line":977,"column":53}},"422":{"start":{"line":983,"column":14},"end":{"line":983,"column":38}},"423":{"start":{"line":1001,"column":19},"end":{"line":1001,"column":89}},"424":{"start":{"line":1003,"column":6},"end":{"line":1003,"column":59}},"425":{"start":{"line":1004,"column":6},"end":{"line":1004,"column":322}},"426":{"start":{"line":1021,"column":6},"end":{"line":1027,"column":7}},"427":{"start":{"line":1023,"column":8},"end":{"line":1023,"column":97}},"428":{"start":{"line":1025,"column":8},"end":{"line":1025,"column":67}},"429":{"start":{"line":1026,"column":8},"end":{"line":1026,"column":83}},"430":{"start":{"line":1029,"column":22},"end":{"line":1029,"column":75}},"431":{"start":{"line":1030,"column":23},"end":{"line":1030,"column":112}},"432":{"start":{"line":1031,"column":6},"end":{"line":1031,"column":54}},"433":{"start":{"line":1048,"column":6},"end":{"line":1076,"column":21}},"434":{"start":{"line":1049,"column":8},"end":{"line":1075,"column":9}},"435":{"start":{"line":1050,"column":10},"end":{"line":1074,"column":11}},"436":{"start":{"line":1052,"column":14},"end":{"line":1052,"column":77}},"437":{"start":{"line":1053,"column":14},"end":{"line":1053,"column":33}},"438":{"start":{"line":1054,"column":14},"end":{"line":1054,"column":97}},"439":{"start":{"line":1057,"column":14},"end":{"line":1057,"column":36}},"440":{"start":{"line":1058,"column":14},"end":{"line":1058,"column":41}},"441":{"start":{"line":1059,"column":14},"end":{"line":1059,"column":35}},"442":{"start":{"line":1060,"column":14},"end":{"line":1069,"column":19}},"443":{"start":{"line":1062,"column":16},"end":{"line":1062,"column":35}},"444":{"start":{"line":1068,"column":16},"end":{"line":1068,"column":34}},"445":{"start":{"line":1073,"column":14},"end":{"line":1073,"column":38}},"446":{"start":{"line":1093,"column":6},"end":{"line":1120,"column":21}},"447":{"start":{"line":1094,"column":8},"end":{"line":1119,"column":9}},"448":{"start":{"line":1095,"column":10},"end":{"line":1118,"column":11}},"449":{"start":{"line":1097,"column":14},"end":{"line":1097,"column":83}},"450":{"start":{"line":1098,"column":14},"end":{"line":1098,"column":34}},"451":{"start":{"line":1099,"column":14},"end":{"line":1099,"column":97}},"452":{"start":{"line":1102,"column":14},"end":{"line":1102,"column":38}},"453":{"start":{"line":1103,"column":14},"end":{"line":1103,"column":42}},"454":{"start":{"line":1104,"column":14},"end":{"line":1104,"column":36}},"455":{"start":{"line":1105,"column":14},"end":{"line":1113,"column":19}},"456":{"start":{"line":1106,"column":16},"end":{"line":1106,"column":35}},"457":{"start":{"line":1112,"column":16},"end":{"line":1112,"column":34}},"458":{"start":{"line":1117,"column":14},"end":{"line":1117,"column":39}},"459":{"start":{"line":1131,"column":19},"end":{"line":1131,"column":23}},"460":{"start":{"line":1133,"column":23},"end":{"line":1133,"column":70}},"461":{"start":{"line":1134,"column":6},"end":{"line":1144,"column":9}},"462":{"start":{"line":1135,"column":8},"end":{"line":1143,"column":11}},"463":{"start":{"line":1136,"column":10},"end":{"line":1136,"column":28}},"464":{"start":{"line":1140,"column":10},"end":{"line":1140,"column":34}},"465":{"start":{"line":1142,"column":10},"end":{"line":1142,"column":28}},"466":{"start":{"line":1155,"column":20},"end":{"line":1155,"column":24}},"467":{"start":{"line":1157,"column":20},"end":{"line":1157,"column":47}},"468":{"start":{"line":1158,"column":6},"end":{"line":1169,"column":9}},"469":{"start":{"line":1159,"column":8},"end":{"line":1168,"column":11}},"470":{"start":{"line":1160,"column":27},"end":{"line":1160,"column":54}},"471":{"start":{"line":1161,"column":10},"end":{"line":1161,"column":152}},"472":{"start":{"line":1165,"column":10},"end":{"line":1165,"column":35}},"473":{"start":{"line":1167,"column":10},"end":{"line":1167,"column":28}},"474":{"start":{"line":1180,"column":20},"end":{"line":1180,"column":24}},"475":{"start":{"line":1182,"column":6},"end":{"line":1190,"column":9}},"476":{"start":{"line":1183,"column":8},"end":{"line":1189,"column":11}},"477":{"start":{"line":1186,"column":10},"end":{"line":1186,"column":30}},"478":{"start":{"line":1188,"column":10},"end":{"line":1188,"column":28}},"479":{"start":{"line":1204,"column":6},"end":{"line":1204,"column":84}},"480":{"start":{"line":1220,"column":6},"end":{"line":1281,"column":21}},"481":{"start":{"line":1221,"column":8},"end":{"line":1280,"column":9}},"482":{"start":{"line":1222,"column":10},"end":{"line":1279,"column":11}},"483":{"start":{"line":1224,"column":14},"end":{"line":1224,"column":83}},"484":{"start":{"line":1226,"column":14},"end":{"line":1229,"column":15}},"485":{"start":{"line":1227,"column":16},"end":{"line":1227,"column":36}},"486":{"start":{"line":1228,"column":16},"end":{"line":1228,"column":22}},"487":{"start":{"line":1231,"column":14},"end":{"line":1231,"column":34}},"488":{"start":{"line":1232,"column":14},"end":{"line":1232,"column":73}},"489":{"start":{"line":1235,"column":14},"end":{"line":1235,"column":40}},"490":{"start":{"line":1236,"column":14},"end":{"line":1238,"column":17}},"491":{"start":{"line":1237,"column":16},"end":{"line":1237,"column":49}},"492":{"start":{"line":1239,"column":14},"end":{"line":1239,"column":34}},"493":{"start":{"line":1240,"column":14},"end":{"line":1240,"column":20}},"494":{"start":{"line":1243,"column":14},"end":{"line":1243,"column":30}},"495":{"start":{"line":1247,"column":14},"end":{"line":1249,"column":27}},"496":{"start":{"line":1248,"column":16},"end":{"line":1248,"column":62}},"497":{"start":{"line":1250,"column":14},"end":{"line":1251,"column":16}},"498":{"start":{"line":1252,"column":14},"end":{"line":1252,"column":67}},"499":{"start":{"line":1253,"column":14},"end":{"line":1253,"column":81}},"500":{"start":{"line":1255,"column":14},"end":{"line":1258,"column":15}},"501":{"start":{"line":1256,"column":16},"end":{"line":1256,"column":37}},"502":{"start":{"line":1257,"column":16},"end":{"line":1257,"column":22}},"503":{"start":{"line":1260,"column":14},"end":{"line":1260,"column":53}},"504":{"start":{"line":1262,"column":14},"end":{"line":1264,"column":15}},"505":{"start":{"line":1263,"column":16},"end":{"line":1263,"column":114}},"506":{"start":{"line":1266,"column":14},"end":{"line":1271,"column":17}},"507":{"start":{"line":1274,"column":14},"end":{"line":1274,"column":55}},"508":{"start":{"line":1278,"column":14},"end":{"line":1278,"column":39}},"509":{"start":{"line":1294,"column":22},"end":{"line":1296,"column":18}},"510":{"start":{"line":1295,"column":8},"end":{"line":1295,"column":32}},"511":{"start":{"line":1298,"column":17},"end":{"line":1298,"column":381}},"512":{"start":{"line":1299,"column":24},"end":{"line":1300,"column":7}},"513":{"start":{"line":1301,"column":21},"end":{"line":1301,"column":77}},"514":{"start":{"line":1302,"column":16},"end":{"line":1302,"column":85}},"515":{"start":{"line":1303,"column":6},"end":{"line":1303,"column":17}},"516":{"start":{"line":1314,"column":6},"end":{"line":1314,"column":62}},"517":{"start":{"line":1319,"column":6},"end":{"line":1319,"column":124}},"518":{"start":{"line":1324,"column":6},"end":{"line":1324,"column":102}},"519":{"start":{"line":1330,"column":6},"end":{"line":1332,"column":7}},"520":{"start":{"line":1331,"column":8},"end":{"line":1331,"column":81}},"521":{"start":{"line":1334,"column":6},"end":{"line":1338,"column":8}},"522":{"start":{"line":1343,"column":20},"end":{"line":1343,"column":24}},"523":{"start":{"line":1345,"column":30},"end":{"line":1345,"column":102}},"524":{"start":{"line":1346,"column":23},"end":{"line":1346,"column":61}},"525":{"start":{"line":1347,"column":6},"end":{"line":1347,"column":91}},"526":{"start":{"line":1349,"column":6},"end":{"line":1366,"column":9}},"527":{"start":{"line":1350,"column":27},"end":{"line":1350,"column":65}},"528":{"start":{"line":1351,"column":21},"end":{"line":1351,"column":80}},"529":{"start":{"line":1353,"column":8},"end":{"line":1365,"column":9}},"530":{"start":{"line":1354,"column":24},"end":{"line":1356,"column":12}},"531":{"start":{"line":1358,"column":10},"end":{"line":1358,"column":38}},"532":{"start":{"line":1360,"column":10},"end":{"line":1360,"column":61}},"533":{"start":{"line":1362,"column":10},"end":{"line":1362,"column":44}},"534":{"start":{"line":1364,"column":10},"end":{"line":1364,"column":44}},"535":{"start":{"line":1368,"column":6},"end":{"line":1396,"column":9}},"536":{"start":{"line":1370,"column":8},"end":{"line":1395,"column":11}},"537":{"start":{"line":1371,"column":10},"end":{"line":1394,"column":11}},"538":{"start":{"line":1372,"column":12},"end":{"line":1393,"column":13}},"539":{"start":{"line":1374,"column":16},"end":{"line":1374,"column":33}},"540":{"start":{"line":1375,"column":16},"end":{"line":1377,"column":28}},"541":{"start":{"line":1376,"column":18},"end":{"line":1376,"column":44}},"542":{"start":{"line":1378,"column":16},"end":{"line":1378,"column":36}},"543":{"start":{"line":1379,"column":16},"end":{"line":1381,"column":47}},"544":{"start":{"line":1380,"column":18},"end":{"line":1380,"column":51}},"545":{"start":{"line":1384,"column":16},"end":{"line":1384,"column":41}},"546":{"start":{"line":1386,"column":16},"end":{"line":1388,"column":17}},"547":{"start":{"line":1387,"column":18},"end":{"line":1387,"column":58}},"548":{"start":{"line":1392,"column":16},"end":{"line":1392,"column":41}},"549":{"start":{"line":1399,"column":2},"end":{"line":1399,"column":16}},"550":{"start":{"line":1402,"column":0},"end":{"line":1402,"column":28}}},"fnMap":{"0":{"name":"ownKeys","decl":{"start":{"line":60,"column":9},"end":{"line":60,"column":16}},"loc":{"start":{"line":60,"column":41},"end":{"line":60,"column":341}},"line":60},"1":{"name":"(anonymous_1)","decl":{"start":{"line":60,"column":208},"end":{"line":60,"column":209}},"loc":{"start":{"line":60,"column":223},"end":{"line":60,"column":290}},"line":60},"2":{"name":"_objectSpread","decl":{"start":{"line":62,"column":9},"end":{"line":62,"column":22}},"loc":{"start":{"line":62,"column":31},"end":{"line":62,"column":551}},"line":62},"3":{"name":"(anonymous_3)","decl":{"start":{"line":62,"column":184},"end":{"line":62,"column":185}},"loc":{"start":{"line":62,"column":199},"end":{"line":62,"column":262}},"line":62},"4":{"name":"(anonymous_4)","decl":{"start":{"line":62,"column":428},"end":{"line":62,"column":429}},"loc":{"start":{"line":62,"column":443},"end":{"line":62,"column":528}},"line":62},"5":{"name":"(anonymous_5)","decl":{"start":{"line":66,"column":0},"end":{"line":66,"column":1}},"loc":{"start":{"line":66,"column":25},"end":{"line":1400,"column":1}},"line":66},"6":{"name":"Wallet","decl":{"start":{"line":79,"column":11},"end":{"line":79,"column":17}},"loc":{"start":{"line":79,"column":38},"end":{"line":111,"column":3}},"line":79},"7":{"name":"_genUTXOProof","decl":{"start":{"line":129,"column":20},"end":{"line":129,"column":33}},"loc":{"start":{"line":129,"column":83},"end":{"line":138,"column":5}},"line":129},"8":{"name":"deposit","decl":{"start":{"line":147,"column":20},"end":{"line":147,"column":27}},"loc":{"start":{"line":147,"column":36},"end":{"line":172,"column":5}},"line":147},"9":{"name":"(anonymous_9)","decl":{"start":{"line":151,"column":25},"end":{"line":151,"column":26}},"loc":{"start":{"line":151,"column":52},"end":{"line":171,"column":7}},"line":151},"10":{"name":"(anonymous_10)","decl":{"start":{"line":159,"column":23},"end":{"line":159,"column":24}},"loc":{"start":{"line":159,"column":40},"end":{"line":163,"column":9}},"line":159},"11":{"name":"(anonymous_11)","decl":{"start":{"line":163,"column":16},"end":{"line":163,"column":17}},"loc":{"start":{"line":163,"column":35},"end":{"line":170,"column":9}},"line":163},"12":{"name":"getUTXO","decl":{"start":{"line":181,"column":20},"end":{"line":181,"column":27}},"loc":{"start":{"line":181,"column":35},"end":{"line":196,"column":5}},"line":181},"13":{"name":"(anonymous_13)","decl":{"start":{"line":184,"column":25},"end":{"line":184,"column":26}},"loc":{"start":{"line":184,"column":52},"end":{"line":195,"column":7}},"line":184},"14":{"name":"(anonymous_14)","decl":{"start":{"line":188,"column":14},"end":{"line":188,"column":15}},"loc":{"start":{"line":188,"column":30},"end":{"line":192,"column":9}},"line":188},"15":{"name":"(anonymous_15)","decl":{"start":{"line":192,"column":20},"end":{"line":192,"column":21}},"loc":{"start":{"line":192,"column":41},"end":{"line":194,"column":9}},"line":192},"16":{"name":"getUTXOs","decl":{"start":{"line":205,"column":20},"end":{"line":205,"column":28}},"loc":{"start":{"line":205,"column":42},"end":{"line":219,"column":5}},"line":205},"17":{"name":"(anonymous_17)","decl":{"start":{"line":208,"column":25},"end":{"line":208,"column":26}},"loc":{"start":{"line":208,"column":52},"end":{"line":218,"column":7}},"line":208},"18":{"name":"(anonymous_18)","decl":{"start":{"line":209,"column":73},"end":{"line":209,"column":74}},"loc":{"start":{"line":209,"column":90},"end":{"line":215,"column":9}},"line":209},"19":{"name":"(anonymous_19)","decl":{"start":{"line":210,"column":31},"end":{"line":210,"column":32}},"loc":{"start":{"line":210,"column":53},"end":{"line":213,"column":11}},"line":210},"20":{"name":"(anonymous_20)","decl":{"start":{"line":215,"column":20},"end":{"line":215,"column":21}},"loc":{"start":{"line":215,"column":41},"end":{"line":217,"column":9}},"line":215},"21":{"name":"_verifyUsableUTXO","decl":{"start":{"line":222,"column":20},"end":{"line":222,"column":37}},"loc":{"start":{"line":222,"column":47},"end":{"line":264,"column":5}},"line":222},"22":{"name":"_verifyUsableUTXO$","decl":{"start":{"line":224,"column":52},"end":{"line":224,"column":70}},"loc":{"start":{"line":224,"column":81},"end":{"line":263,"column":7}},"line":224},"23":{"name":"_verifyUsableUTXOs","decl":{"start":{"line":267,"column":20},"end":{"line":267,"column":38}},"loc":{"start":{"line":267,"column":49},"end":{"line":296,"column":5}},"line":267},"24":{"name":"_verifyUsableUTXOs$","decl":{"start":{"line":269,"column":52},"end":{"line":269,"column":71}},"loc":{"start":{"line":269,"column":83},"end":{"line":295,"column":7}},"line":269},"25":{"name":"(anonymous_25)","decl":{"start":{"line":275,"column":81},"end":{"line":275,"column":82}},"loc":{"start":{"line":275,"column":97},"end":{"line":277,"column":15}},"line":275},"26":{"name":"(anonymous_26)","decl":{"start":{"line":281,"column":67},"end":{"line":281,"column":68}},"loc":{"start":{"line":281,"column":90},"end":{"line":283,"column":15}},"line":281},"27":{"name":"scan","decl":{"start":{"line":307,"column":20},"end":{"line":307,"column":24}},"loc":{"start":{"line":307,"column":36},"end":{"line":443,"column":5}},"line":307},"28":{"name":"scan$","decl":{"start":{"line":312,"column":52},"end":{"line":312,"column":57}},"loc":{"start":{"line":312,"column":69},"end":{"line":442,"column":7}},"line":312},"29":{"name":"(anonymous_29)","decl":{"start":{"line":317,"column":60},"end":{"line":317,"column":61}},"loc":{"start":{"line":317,"column":87},"end":{"line":435,"column":15}},"line":317},"30":{"name":"getUTXO","decl":{"start":{"line":328,"column":25},"end":{"line":328,"column":32}},"loc":{"start":{"line":328,"column":36},"end":{"line":411,"column":17}},"line":328},"31":{"name":"getUTXO$","decl":{"start":{"line":330,"column":64},"end":{"line":330,"column":72}},"loc":{"start":{"line":330,"column":84},"end":{"line":410,"column":19}},"line":330},"32":{"name":"(anonymous_32)","decl":{"start":{"line":413,"column":36},"end":{"line":413,"column":37}},"loc":{"start":{"line":413,"column":48},"end":{"line":432,"column":17}},"line":413},"33":{"name":"(anonymous_33)","decl":{"start":{"line":432,"column":28},"end":{"line":432,"column":29}},"loc":{"start":{"line":432,"column":42},"end":{"line":434,"column":17}},"line":432},"34":{"name":"_restoreWalletState","decl":{"start":{"line":446,"column":20},"end":{"line":446,"column":39}},"loc":{"start":{"line":446,"column":67},"end":{"line":458,"column":5}},"line":446},"35":{"name":"qrUTXOsData","decl":{"start":{"line":461,"column":20},"end":{"line":461,"column":31}},"loc":{"start":{"line":461,"column":34},"end":{"line":461,"column":36}},"line":461},"36":{"name":"_getSpendingUTXO","decl":{"start":{"line":470,"column":20},"end":{"line":470,"column":36}},"loc":{"start":{"line":470,"column":45},"end":{"line":504,"column":5}},"line":470},"37":{"name":"_splitTransaction","decl":{"start":{"line":516,"column":20},"end":{"line":516,"column":37}},"loc":{"start":{"line":516,"column":64},"end":{"line":547,"column":5}},"line":516},"38":{"name":"_calTotal","decl":{"start":{"line":556,"column":20},"end":{"line":556,"column":29}},"loc":{"start":{"line":556,"column":37},"end":{"line":570,"column":5}},"line":556},"39":{"name":"(anonymous_39)","decl":{"start":{"line":561,"column":20},"end":{"line":561,"column":21}},"loc":{"start":{"line":561,"column":36},"end":{"line":567,"column":7}},"line":561},"40":{"name":"send","decl":{"start":{"line":583,"column":20},"end":{"line":583,"column":24}},"loc":{"start":{"line":583,"column":58},"end":{"line":670,"column":5}},"line":583},"41":{"name":"send$","decl":{"start":{"line":588,"column":52},"end":{"line":588,"column":57}},"loc":{"start":{"line":588,"column":69},"end":{"line":669,"column":7}},"line":588},"42":{"name":"(anonymous_42)","decl":{"start":{"line":609,"column":43},"end":{"line":609,"column":44}},"loc":{"start":{"line":609,"column":58},"end":{"line":613,"column":15}},"line":609},"43":{"name":"_send","decl":{"start":{"line":681,"column":20},"end":{"line":681,"column":25}},"loc":{"start":{"line":681,"column":33},"end":{"line":712,"column":5}},"line":681},"44":{"name":"(anonymous_44)","decl":{"start":{"line":701,"column":25},"end":{"line":701,"column":26}},"loc":{"start":{"line":701,"column":52},"end":{"line":711,"column":7}},"line":701},"45":{"name":"(anonymous_45)","decl":{"start":{"line":706,"column":23},"end":{"line":706,"column":24}},"loc":{"start":{"line":706,"column":40},"end":{"line":708,"column":9}},"line":706},"46":{"name":"(anonymous_46)","decl":{"start":{"line":708,"column":16},"end":{"line":708,"column":17}},"loc":{"start":{"line":708,"column":35},"end":{"line":710,"column":9}},"line":708},"47":{"name":"withdraw","decl":{"start":{"line":724,"column":20},"end":{"line":724,"column":28}},"loc":{"start":{"line":724,"column":55},"end":{"line":809,"column":5}},"line":724},"48":{"name":"withdraw$","decl":{"start":{"line":729,"column":52},"end":{"line":729,"column":61}},"loc":{"start":{"line":729,"column":73},"end":{"line":808,"column":7}},"line":729},"49":{"name":"(anonymous_49)","decl":{"start":{"line":750,"column":43},"end":{"line":750,"column":44}},"loc":{"start":{"line":750,"column":58},"end":{"line":754,"column":15}},"line":750},"50":{"name":"_withdraw","decl":{"start":{"line":818,"column":20},"end":{"line":818,"column":29}},"loc":{"start":{"line":818,"column":37},"end":{"line":843,"column":5}},"line":818},"51":{"name":"(anonymous_51)","decl":{"start":{"line":832,"column":25},"end":{"line":832,"column":26}},"loc":{"start":{"line":832,"column":52},"end":{"line":842,"column":7}},"line":832},"52":{"name":"(anonymous_52)","decl":{"start":{"line":837,"column":23},"end":{"line":837,"column":24}},"loc":{"start":{"line":837,"column":40},"end":{"line":839,"column":9}},"line":837},"53":{"name":"(anonymous_53)","decl":{"start":{"line":839,"column":16},"end":{"line":839,"column":17}},"loc":{"start":{"line":839,"column":35},"end":{"line":841,"column":9}},"line":839},"54":{"name":"_getDecoys","decl":{"start":{"line":855,"column":20},"end":{"line":855,"column":30}},"loc":{"start":{"line":855,"column":62},"end":{"line":897,"column":5}},"line":855},"55":{"name":"_getDecoys$","decl":{"start":{"line":857,"column":52},"end":{"line":857,"column":63}},"loc":{"start":{"line":857,"column":75},"end":{"line":896,"column":7}},"line":857},"56":{"name":"(anonymous_56)","decl":{"start":{"line":883,"column":35},"end":{"line":883,"column":36}},"loc":{"start":{"line":883,"column":50},"end":{"line":885,"column":15}},"line":883},"57":{"name":"(anonymous_57)","decl":{"start":{"line":886,"column":75},"end":{"line":886,"column":76}},"loc":{"start":{"line":886,"column":87},"end":{"line":889,"column":15}},"line":886},"58":{"name":"_genRingCT","decl":{"start":{"line":909,"column":20},"end":{"line":909,"column":30}},"loc":{"start":{"line":909,"column":54},"end":{"line":987,"column":5}},"line":909},"59":{"name":"_genRingCT$","decl":{"start":{"line":912,"column":52},"end":{"line":912,"column":63}},"loc":{"start":{"line":912,"column":75},"end":{"line":986,"column":7}},"line":912},"60":{"name":"(anonymous_60)","decl":{"start":{"line":920,"column":102},"end":{"line":920,"column":103}},"loc":{"start":{"line":920,"column":118},"end":{"line":922,"column":15}},"line":920},"61":{"name":"(anonymous_61)","decl":{"start":{"line":930,"column":37},"end":{"line":930,"column":38}},"loc":{"start":{"line":930,"column":67},"end":{"line":933,"column":15}},"line":930},"62":{"name":"(anonymous_62)","decl":{"start":{"line":935,"column":40},"end":{"line":935,"column":41}},"loc":{"start":{"line":935,"column":57},"end":{"line":937,"column":15}},"line":935},"63":{"name":"(anonymous_63)","decl":{"start":{"line":942,"column":36},"end":{"line":942,"column":37}},"loc":{"start":{"line":942,"column":52},"end":{"line":947,"column":15}},"line":942},"64":{"name":"(anonymous_64)","decl":{"start":{"line":951,"column":112},"end":{"line":951,"column":113}},"loc":{"start":{"line":951,"column":129},"end":{"line":962,"column":15}},"line":951},"65":{"name":"(anonymous_65)","decl":{"start":{"line":965,"column":89},"end":{"line":965,"column":90}},"loc":{"start":{"line":965,"column":105},"end":{"line":969,"column":15}},"line":965},"66":{"name":"(anonymous_66)","decl":{"start":{"line":966,"column":35},"end":{"line":966,"column":36}},"loc":{"start":{"line":966,"column":51},"end":{"line":968,"column":17}},"line":966},"67":{"name":"(anonymous_67)","decl":{"start":{"line":974,"column":305},"end":{"line":974,"column":306}},"loc":{"start":{"line":974,"column":324},"end":{"line":976,"column":17}},"line":974},"68":{"name":"(anonymous_68)","decl":{"start":{"line":976,"column":70},"end":{"line":976,"column":71}},"loc":{"start":{"line":976,"column":89},"end":{"line":978,"column":17}},"line":976},"69":{"name":"_genRangeProof","decl":{"start":{"line":1000,"column":20},"end":{"line":1000,"column":34}},"loc":{"start":{"line":1000,"column":58},"end":{"line":1005,"column":5}},"line":1000},"70":{"name":"_genOutputProofs","decl":{"start":{"line":1017,"column":20},"end":{"line":1017,"column":36}},"loc":{"start":{"line":1017,"column":75},"end":{"line":1032,"column":5}},"line":1017},"71":{"name":"_makePrivateSendProof","decl":{"start":{"line":1045,"column":20},"end":{"line":1045,"column":41}},"loc":{"start":{"line":1045,"column":92},"end":{"line":1077,"column":5}},"line":1045},"72":{"name":"_makePrivateSendProof$","decl":{"start":{"line":1048,"column":52},"end":{"line":1048,"column":74}},"loc":{"start":{"line":1048,"column":86},"end":{"line":1076,"column":7}},"line":1048},"73":{"name":"(anonymous_73)","decl":{"start":{"line":1061,"column":39},"end":{"line":1061,"column":40}},"loc":{"start":{"line":1061,"column":56},"end":{"line":1063,"column":15}},"line":1061},"74":{"name":"(an
[...]
t":{"line":140,"column":2},"end":{"line":142,"column":3}}],"line":140},"4":{"loc":{"start":{"line":187,"column":2},"end":{"line":187,"column":26}},"type":"if","locations":[{"start":{"line":187,"column":2},"end":{"line":187,"column":26}},{"start":{"line":187,"column":2},"end":{"line":187,"column":26}}],"line":187},"5":{"loc":{"start":{"line":189,"column":2},"end":{"line":189,"column":26}},"type":"if","locations":[{"start":{"line":189,"column":2},"end":{"line":189,"column":26}},{"start":{"line":189,"column":2},"end":{"line":189,"column":26}}],"line":189},"6":{"loc":{"start":{"line":226,"column":6},"end":{"line":230,"column":7}},"type":"if","locations":[{"start":{"line":226,"column":6},"end":{"line":230,"column":7}},{"start":{"line":226,"column":6},"end":{"line":230,"column":7}}],"line":226},"7":{"loc":{"start":{"line":226,"column":10},"end":{"line":226,"column":39}},"type":"binary-expr","locations":[{"start":{"line":226,"column":10},"end":{"line":226,"column":26}},{"start":{"line":226,"column":30},"end":{"line":226,"column":39}}],"line":226},"8":{"loc":{"start":{"line":353,"column":8},"end":{"line":355,"column":9}},"type":"if","locations":[{"start":{"line":353,"column":8},"end":{"line":355,"column":9}},{"start":{"line":353,"column":8},"end":{"line":355,"column":9}}],"line":353},"9":{"loc":{"start":{"line":357,"column":8},"end":{"line":359,"column":9}},"type":"if","locations":[{"start":{"line":357,"column":8},"end":{"line":359,"column":9}},{"start":{"line":357,"column":8},"end":{"line":359,"column":9}}],"line":357},"10":{"loc":{"start":{"line":511,"column":6},"end":{"line":514,"column":7}},"type":"if","locations":[{"start":{"line":511,"column":6},"end":{"line":514,"column":7}},{"start":{"line":511,"column":6},"end":{"line":514,"column":7}}],"line":511},"11":{"loc":{"start":{"line":520,"column":6},"end":{"line":523,"column":7}},"type":"if","locations":[{"start":{"line":520,"column":6},"end":{"line":523,"column":7}},{"start":{"line":520,"column":6},"end":{"line":523,"column":7}}],"line":520},"12":{"loc":{"start":{"line":529,"column":6},"end":{"line":532,"column":7}},"type":"if","locations":[{"start":{"line":529,"column":6},"end":{"line":532,"column":7}},{"start":{"line":529,"column":6},"end":{"line":532,"column":7}}],"line":529},"13":{"loc":{"start":{"line":542,"column":8},"end":{"line":546,"column":9}},"type":"if","locations":[{"start":{"line":542,"column":8},"end":{"line":546,"column":9}},{"start":{"line":542,"column":8},"end":{"line":546,"column":9}}],"line":542},"14":{"loc":{"start":{"line":552,"column":6},"end":{"line":557,"column":7}},"type":"if","locations":[{"start":{"line":552,"column":6},"end":{"line":557,"column":7}},{"start":{"line":552,"column":6},"end":{"line":557,"column":7}}],"line":552},"15":{"loc":{"start":{"line":568,"column":8},"end":{"line":572,"column":9}},"type":"if","locations":[{"start":{"line":568,"column":8},"end":{"line":572,"column":9}},{"start":{"line":568,"column":8},"end":{"line":572,"column":9}}],"line":568},"16":{"loc":{"start":{"line":592,"column":10},"end":{"line":596,"column":11}},"type":"if","locations":[{"start":{"line":592,"column":10},"end":{"line":596,"column":11}},{"start":{"line":592,"column":10},"end":{"line":596,"column":11}}],"line":592},"17":{"loc":{"start":{"line":604,"column":6},"end":{"line":607,"column":7}},"type":"if","locations":[{"start":{"line":604,"column":6},"end":{"line":607,"column":7}},{"start":{"line":604,"column":6},"end":{"line":607,"column":7}}],"line":604}},"s":{"0":1,"1":1,"2":1,"3":1,"4":1,"5":1,"6":1,"7":1,"8":1,"9":1,"10":1,"11":1,"12":1,"13":1,"14":1,"15":1,"16":1,"17":1,"18":1,"19":1,"20":1,"21":49,"22":49,"23":49,"24":1406,"25":49,"26":0,"27":1,"28":33,"29":33,"30":33,"31":33,"32":4032,"33":4032,"34":33,"35":33,"36":1,"37":6,"38":6,"39":6,"40":704,"41":6,"42":1,"43":6,"44":6,"45":6,"46":6,"47":6,"48":6,"49":6,"50":6,"51":11,"52":11,"53":11,"54":6,"55":6,"56":1,"57":105,"58":105,"59":105,"60":103,"61":105,"62":1,"63":50,"64":50,"65":50,"66":50,"67":6272,"68":50,"69":1,"70":25,"71":3136,"72":1,"73":49,"74":3136,"75":1,"76":94,"77":94,"78":0,"79":94,"80":94,"81":0,"82":94,"83":94,"84":94,"85":4641,"86":94,"87":1,"88":3136,"89":1,"90":75,"91":9408,"92":1,"93":25,"94":3136,"95":1,"96":25,"97":25,"98":25,"99":25,"100":25,"101":25,"102":3136,"103":3136,"104":3136,"105":6592,"106":3136,"107":3136,"108":3136,"109":25,"110":25,"111":25,"112":25,"113":25,"114":25,"115":25,"116":25,"117":25,"118":25,"119":25,"120":1,"121":93,"122":1,"123":50,"124":50,"125":50,"126":6272,"127":50,"128":1,"129":25,"130":1,"131":25,"132":1,"133":25,"134":25,"135":25,"136":25,"137":25,"138":25,"139":49,"140":49,"141":25,"142":1,"143":1,"144":0,"145":1,"146":31,"147":27,"148":27,"149":27,"150":27,"151":27,"152":27,"153":27,"154":27,"155":27,"156":27,"157":27,"158":27,"159":51,"160":0,"161":51,"162":2,"163":49,"164":49,"165":49,"166":3136,"167":3136,"168":25,"169":25,"170":3136,"171":25,"172":25,"173":25,"174":25,"175":25,"176":25,"177":3136,"178":25,"179":3136,"180":25,"181":25,"182":25,"183":25,"184":49,"185":25,"186":25,"187":25,"188":25,"189":25,"190":25,"191":25,"192":25,"193":25,"194":25,"195":25,"196":25,"197":25,"198":25,"199":25,"200":25,"201":25,"202":25,"203":25,"204":25,"205":25,"206":25,"207":25,"208":25,"209":25,"210":25,"211":25,"212":25,"213":25,"214":25,"215":25,"216":25,"217":3136,"218":25,"219":25,"220":25,"221":20,"222":20,"223":39,"224":20,"225":20,"226":20,"227":20,"228":20,"229":20,"230":20,"231":20,"232":20,"233":20,"234":20,"235":139,"236":20,"237":139,"238":20,"239":20,"240":20,"241":159,"242":20,"243":6,"244":6,"245":11,"246":6,"247":6,"248":6,"249":0,"250":0,"251":6,"252":6,"253":6,"254":0,"255":0,"256":6,"257":6,"258":6,"259":0,"260":0,"261":6,"262":6,"263":6,"264":6,"265":6,"266":6,"267":11,"268":5,"269":6,"270":6,"271":6,"272":0,"273":0,"274":0,"275":0,"276":6,"277":6,"278":6,"279":6,"280":6,"281":6,"282":6,"283":704,"284":698,"285":6,"286":6,"287":6,"288":6,"289":6,"290":704,"291":704,"292":6,"293":6,"294":11,"295":11,"296":704,"297":704,"298":704,"299":704,"300":698,"301":6,"302":6,"303":6,"304":0,"305":0,"306":6,"307":1,"308":1},"f":{"0":49,"1":33,"2":6,"3":6,"4":105,"5":50,"6":25,"7":3136,"8":49,"9":3136,"10":94,"11":3136,"12":75,"13":9408,"14":25,"15":3136,"16":25,"17":93,"18":50,"19":25,"20":25,"21":25,"22":1,"23":0,"24":31,"25":3136,"26":3136,"27":3136,"28":3136,"29":3136,"30":49,"31":3136,"32":20,"33":39,"34":139,"35":139,"36":159,"37":6,"38":11},"b":{"0":[49,0],"1":[1455,0],"2":[105,0],"3":[103,2],"4":[0,94],"5":[0,94],"6":[3136,3456],"7":[6592,4864],"8":[0,51],"9":[2,49],"10":[0,6],"11":[0,6],"12":[0,6],"13":[5,6],"14":[0,6],"15":[698,6],"16":[698,6],"17":[0,6]},"_coverageSchema":"43e27e138ebf9cfc5966b082cf9a028302ed4184","hash":"0a8557928774f63383b73ff665020e10b94b3b3d","contentHash":"15317b807c9fb888b03e1c8b4dd8d195469088852614941c1f9e9557b138c15c"},"/home/anhnt/projects/privacyjs/src/inner_product.js":{"path":"/home/anhnt/projects/privacyjs/src/inner_product.js","statementMap":{"0":{"start":{"line":3,"column":30},"end":{"line":3,"column":86}},"1":{"start":{"line":5,"column":29},"end":{"line":5,"column":84}},"2":{"start":{"line":7,"column":0},"end":{"line":9,"column":3}},"3":{"start":{"line":10,"column":0},"end":{"line":10,"column":50}},"4":{"start":{"line":12,"column":26},"end":{"line":12,"column":101}},"5":{"start":{"line":14,"column":23},"end":{"line":14,"column":95}},"6":{"start":{"line":16,"column":20},"end":{"line":16,"column":89}},"7":{"start":{"line":18,"column":13},"end":{"line":18,"column":31}},"8":{"start":{"line":20,"column":14},"end":{"line":20,"column":55}},"9":{"start":{"line":22,"column":8},"end":{"line":22,"column":50}},"10":{"start":{"line":24,"column":14},"end":{"line":24,"column":33}},"11":{"start":{"line":29,"column":11},"end":{"line":29,"column":36}},"12":{"start":{"line":31,"column":9},"end":{"line":31,"column":31}},"13":{"start":{"line":33,"column":12},"end":{"line":33,"column":37}},"14":{"start":{"line":35,"column":12},"end":{"line":35,"column":37}},"15":{"start":{"line":36,"column":16},"end":{"line":36,"column":35}},"16":{"start":{"line":37,"column":12},"end":{"line":37,"column":23}},"17":{"start":{"line":39,"column":18},"end":{"line":52,"column":1}},"18":{"start":{"line":40,"column":2},"end":{"line":40,"column":103}},"19":{"start":{"line":41,"column":12},"end":{"line":41,"column":39}},"20":{"start":{"line":43,"column":2},"end":{"line":51,"column":3}},"21":{"start":{"line":44,"column":19},"end":{"line":44,"column":84}},"22":{"start":{"line":46,"column":4},"end":{"line":48,"column":5}},"23":{"start":{"line":47,"column":6},"end":{"line":47,"column":22}},"24":{"start":{"line":50,"column":4},"end":{"line":50,"column":37}},"25":{"start":{"line":54,"column":0},"end":{"line":54,"column":34}},"26":{"start":{"line":56,"column":19},"end":{"line":58,"column":1}},"27":{"start":{"line":57,"column":2},"end":{"line":57,"column":82}},"28":{"start":{"line":62,"column":15},"end":{"line":62,"column":38}},"29":{"start":{"line":63,"column":15},"end":{"line":63,"column":17}},"30":{"start":{"line":64,"column":15},"end":{"line":64,"column":17}},"31":{"start":{"line":65,"column":13},"end":{"line":65,"column":32}},"32":{"start":{"line":67,"column":2},"end":{"line":70,"column":3}},"33":{"start":{"line":67,"column":15},"end":{"line":67,"column":16}},"34":{"start":{"line":68,"column":4},"end":{"line":68,"column":59}},"35":{"start":{"line":69,"column":4},"end":{"line":69,"column":59}},"36":{"start":{"line":72,"column":11},"end":{"line":72,"column":37}},"37":{"start":{"line":73,"column":14},"end":{"line":73,"column":34}},"38":{"start":{"line":74,"column":15},"end":{"line":74,"column":49}},"39":{"start":{"line":76,"column":2},"end":{"line":80,"column":4}},"40":{"start":{"line":83,"column":22},"end":{"line":87,"column":1}},"41":{"start":{"line":84,"column":2},"end":{"line":86,"column":5}},"42":{"start":{"line":85,"column":4},"end":{"line":85,"column":57}},"43":{"start":{"line":89,"column":21},"end":{"line":93,"column":1}},"44":{"start":{"line":90,"column":2},"end":{"line":92,"column":5}},"45":{"start":{"line":91,"column":4},"end":{"line":91,"column":49}},"46":{"start":{"line":97,"column":0},"end":{"line":218,"column":3}},"47":{"start":{"line":99,"column":4},"end":{"line":99,"column":62}},"48":{"start":{"line":102,"column":2},"end":{"line":216,"column":6}},"49":{"start":{"line":105,"column":19},"end":{"line":105,"column":48}},"50":{"start":{"line":106,"column":18},"end":{"line":106,"column":20}},"51":{"start":{"line":107,"column":18},"end":{"line":107,"column":20}},"52":{"start":{"line":108,"column":25},"end":{"line":114,"column":7}},"53":{"start":{"line":116,"column":14},"end":{"line":116,"column":120}},"54":{"start":{"line":118,"column":6},"end":{"line":118,"column":55}},"55":{"start":{"line":119,"column":19},"end":{"line":119,"column":41}},"56":{"start":{"line":120,"column":15},"end":{"line":120,"column":36}},"57":{"start":{"line":121,"column":6},"end":{"line":121,"column":67}},"58":{"start":{"line":131,"column":6},"end":{"line":136,"column":7}},"59":{"start":{"line":133,"column":8},"end":{"line":133,"column":23}},"60":{"start":{"line":134,"column":8},"end":{"line":134,"column":23}},"61":{"start":{"line":135,"column":8},"end":{"line":135,"column":21}},"62":{"start":{"line":138,"column":18},"end":{"line":138,"column":51}},"63":{"start":{"line":139,"column":19},"end":{"line":139,"column":41}},"64":{"start":{"line":140,"column":15},"end":{"line":140,"column":87}},"65":{"start":{"line":141,"column":15},"end":{"line":141,"column":87}},"66":{"start":{"line":142,"column":14},"end":{"line":142,"column":163}},"67":{"start":{"line":143,"column":14},"end":{"line":143,"column":163}},"68":{"start":{"line":144,"column":6},"end":{"line":144,"column":25}},"69":{"start":{"line":145,"column":6},"end":{"line":145,"column":25}},"70":{"start":{"line":148,"column":14},"end":{"line":148,"column":203}},"71":{"start":{"line":149,"column":14},"end":{"line":149,"column":15}},"72":{"start":{"line":150,"column":6},"end":{"line":150,"column":34}},"73":{"start":{"line":152,"column":31},"end":{"line":152,"column":68}},"74":{"start":{"line":153,"column":19},"end":{"line":153,"column":44}},"75":{"start":{"line":154,"column":19},"end":{"line":154,"column":44}},"76":{"start":{"line":155,"column":19},"end":{"line":155,"column":44}},"77":{"start":{"line":157,"column":17},"end":{"line":157,"column":36}},"78":{"start":{"line":158,"column":19},"end":{"line":158,"column":122}},"79":{"start":{"line":159,"column":19},"end":{"line":159,"column":122}},"80":{"start":{"line":160,"column":6},"end":{"line":160,"column":77}},"81":{"start":{"line":166,"column":15},"end":{"line":166,"column":121}},"82":{"start":{"line":168,"column":18},"end":{"line":168,"column":20}},"83":{"start":{"line":169,"column":15},"end":{"line":169,"column":27}},"84":{"start":{"line":170,"column":18},"end":{"line":170,"column":43}},"85":{"start":{"line":172,"column":6},"end":{"line":175,"column":7}},"86":{"start":{"line":173,"column":8},"end":{"line":173,"column":59}},"87":{"start":{"line":174,"column":8},"end":{"line":174,"column":21}},"88":{"start":{"line":177,"column":6},"end":{"line":177,"column":17}},"89":{"start":{"line":178,"column":19},"end":{"line":178,"column":21}},"90":{"start":{"line":179,"column":19},"end":{"line":179,"column":21}},"91":{"start":{"line":180,"column":19},"end":{"line":180,"column":35}},"92":{"start":{"line":182,"column":6},"end":{"line":200,"column":7}},"93":{"start":{"line":183,"column":19},"end":{"line":183,"column":31}},"94":{"start":{"line":184,"column":19},"end":{"line":184,"column":31}},"95":{"start":{"line":186,"column":16},"end":{"line":186,"column":211}},"96":{"start":{"line":187,"column":20},"end":{"line":187,"column":21}},"97":{"start":{"line":189,"column":8},"end":{"line":192,"column":9}},"98":{"start":{"line":190,"column":10},"end":{"line":190,"column":84}},"99":{"start":{"line":191,"column":10},"end":{"line":191,"column":23}},"100":{"start":{"line":194,"column":34},"end":{"line":194,"column":94}},"101":{"start":{"line":196,"column":8},"end":{"line":196,"column":44}},"102":{"start":{"line":197,"column":8},"end":{"line":197,"column":44}},"103":{"start":{"line":198,"column":8},"end":{"line":198,"column":44}},"104":{"start":{"line":199,"column":8},"end":{"line":199,"column":19}},"105":{"start":{"line":203,"column":18},"end":{"line":203,"column":52}},"106":{"start":{"line":204,"column":19},"end":{"line":204,"column":39}},"107":{"start":{"line":205,"column":19},"end":{"line":205,"column":39}},"108":{"start":{"line":206,"column":19},"end":{"line":206,"column":32}},"109":{"start":{"line":207,"column":18},"end":{"line":207,"column":48}},"110":{"start":{"line":209,"column":6},"end":{"line":212,"column":7}},"111":{"start":{"line":210,"column":8},"end":{"line":210,"column":67}},"112":{"start":{"line":211,"column":8},"end":{"line":211,"column":21}},"113":{"start":{"line":214,"column":6},"end":{"line":214,"column":18}},"114":{"start":{"line":217,"column":2},"end":{"line":217,"column":27}},"115":{"start":{"line":220,"column":0},"end":{"line":220,"column":39}}},"fnMap":{"0":{"name":"hashToPoint","decl":{"start":{"line":39,"column":27},"end":{"line":39,"column":38}},"loc":{"start":{"line":39,"column":55},"end":{"line":52,"column":1}},"line":39},"1":{"name":"hashToScalar","decl":{"start":{"line":56,"column":28},"end":{"line":56,"column":40}},"loc":{"start":{"line":56,"column":47},"end":{"line":58,"column":1}},"line":56},"2":{"name":"GenerateNewParams","decl":{"start":{"line":61,"column":9},"end":{"line":61,"column":26}},"loc":{"start":{"line":61,"column":47},"end":{"line":81,"column":1}},"line":61},"3":{"name":"vectorAddVector","decl":{"start":{"line":83,"column":31},"end":{"line":83,"column":46}},"loc":{"start":{"line":83,"column":64},"end":{"line":87,"column":1}},"line":83},"4":{"name":"(anonymous_4)","decl":{"start":{"line":84,"column":23},"end":{"line":84,"column":24}},"loc":{"start":{"line":84,"column":49},"end":{"line":86,"column":3}},"line":84},"5":{"name":"scalaMulVector","decl":{"start":{"line":89,"column":30},"end":{"line":89,"column":44}},"loc":{"start":{"line":89,"column":61},"end":{"line":93,"column":1}},"line":89},"6":{"name":"(anonymous_6)","decl":{"start":{"line":90,"column":23},"end":{"line":90,"column":24}},"loc":{"start":{"line":90,"column":42},"end":{"line":92,"column":3}},"line":90},"7":{"name":"(anonymous_7)","decl":{"start":{"line":97,"column":0},"end":{"line":97,"column":1}},"loc":{"start":{"line":97,"column":12},"end":{"line":218,"column":1}},"line":97},"8":{"name":"InnerProductProof","decl":{"start":{"line":98,"column":11},"end":{"line":98,"column":28}},"loc":{"start":{"line":98,"column":31},"end":{"line":100,"column":3}},"line":98},"9":{"name":"prove","decl":{"start":{"line":104,"column":20},"end":{"line":104,"column":25}},"loc":{"start":{"line":104,"column":49},"end":{"line":122,"column":5}},"line":104},"10":{"name":"proveSub","decl":{"start":{"line":130,"column":20},"end":{"line":130,"column":28}},"loc":{"start":{"line":130,"column":56},"end":{"line":161,"column":5}},"line":130},"11":{"name":"verify","decl":{"start":{"line":164,"column":20},"end":{"line":164,"column":26}},"loc":{"start":{"line":164,"column":49},"end":{"line":215,"column":5}},"line":164}},"branchMap":{"0":{"loc":{"start":{"line":40,"column":26},"end":{"line":40,"column":65}},"type":"binary-expr","locations":[{"start":{"line":40,"column":26},"end":{"line":40,"column":40}},{"start":{"line":40,"column":44},"end":{"line":40,"column":65}}],"line":40},"1":{"loc":{"start":{"line":46,"column":4},"end":{"line":48,"column":5}},"type":"if","locations":[{"start":{"line":46,"column":4},"end":{"line":48,"column":5}},{"start":{"line":46,"column":4},"end":{"line":48,"column":5}}],"line":46},"2":{"loc":{"start":{"line":131,"column":6},"end":{"line":136,"column":7}},"type":"if","locations":[{"start":{"line":131,"column":6},"end":{"line":136,"column":7}},{"start":{"line":131,"column":6},"end":{"line":136,"column":7}}],"line":131},"3":{"loc":{"start":{"line":172,"column":6},"end":{"line":175,"column":7}},"type":"if","locations":[{"start":{"line":172,"column":6},"end":{"line":175,"column":7}},{"start":{"line":172,"column":6},"end":{"line":175,"column":7}}],"line":172},"4":{"loc":{"start":{"line":189,"column":8},"end":{"line":192,"column":9}},"type":"if","locations":[{"start":{"line":189,"column":8},"end":{"line":192,"column":9}},{"start":{"line":189,"column":8},"end":{"line":192,"column":9}}],"line":189},"5":{"loc":{"start":{"line":209,"column":6},"end":{"line":212,"column":7}},"type":"if","locations":[{"start":{"line":209,"column":6},"end":{"line":212,"column":7}},{"start":{"line":209,"column":6},"end":{"line":212,"column":7}}],"line":209}},"s":{"0":1,"1":1,"2":1,"3":1,"4":1,"5":1,"6":1,"7":1,"8":1,"9":1,"10":1,"11":1,"12":1,"13":1,"14":1,"15":1,"16":1,"17":1,"18":0,"19":0,"20":0,"21":0,"22":0,"23":0,"24":0,"25":1,"26":1,"27":288,"28":247,"29":247,"30":247,"31":247,"32":247,"33":247,"34":4205,"35":4205,"36":247,"37":247,"38":247,"39":247,"40":1,"41":380,"42":6618,"43":1,"44":760,"45":13236,"46":1,"47":0,"48":1,"49":30,"50":30,"51":30,"52":30,"53":30,"54":30,"55":30,"56":30,"57":30,"58":220,"59":30,"60":30,"61":30,"62":190,"63":190,"64":190,"65":190,"66":190,"67":190,"68":190,"69":190,"70":190,"71":190,"72":190,"73":190,"74":190,"75":190,"76":190,"77":190,"78":190,"79":190,"80":190,"81":11,"82":11,"83":11,"84":11,"85":11,"86":0,"87":0,"88":11,"89":11,"90":11,"91":11,"92":11,"93":57,"94":57,"95":57,"96":57,"97":57,"98":0,"99":0,"100":57,"101":57,"102":57,"103":57,"104":57,"105":11,"106":11,"107":11,"108":11,"109":11,"110":11,"111":0,"112":0,"113":11,"114":1,"115":1},"f":{"0":0,"1":288,"2":247,"3":380,"4":6618,"5":760,"6":13236,"7":1,"8":0,"9":30,"10":220,"11":11},"b":{"0":[0,0],"1":[0,0],"2":[30,190],"3":[0,11],"4":[0,57],"5":[0,11]},"_coverageSchema":"43e27e138ebf9cfc5966b082cf9a028302ed4184","hash":"8cdb7f973a8991a75c18111518fa2ee75e1c0bca","contentHash":"093b42081467e77d9376fea98e99fa60d1867aa763b8bddae37b29d71787856b"}}