{"/home/anhnt/projects/stealth/lib/stealth.js":{"path":"/home/anhnt/projects/stealth/lib/stealth.js","s":{"1":1,"2":1,"3":1,"4":1,"5":1,"6":1,"7":1,"8":1,"9":0,"10":0,"11":0,"12":0,"13":0,"14":0,"15":1,"16":0,"17":1,"18":0,"19":0,"20":0,"21":0,"22":0,"23":0,"24":1,"25":0,"26":0,"27":0,"28":1,"29":0,"30":0,"31":0,"32":0,"33":0,"34":0,"35":0,"36":0,"37":0,"38":0,"39":0,"40":0,"41":0,"42":0,"43":0,"44":0,"45":1,"46":0,"47":0,"48":0,"49":0,"50":0,"51":0,"52":0,"53":1,"54":0,"55":0,"56":0,"57":0,"58":0,"59":0,"60":0,"61":0,"62":0,"63":1,"64":0,"65":0,"66":0,"67":0,"68":1,"69":0,"70":0,"71":0,"72":0,"73":0,"74":0,"75":0,"76":0,"77":0,"78":0,"79":0,"80":0,"81":0,"82":0,"83":0,"84":0,"85":1,"86":0,"87":0,"88":0,"89":0,"90":0,"91":1,"92":0,"93":0,"94":0,"95":0,"96":0,"97":0,"98":1,"99":0,"100":0,"101":0,"102":1},"b":{"1":[0,0],"2":[0,0],"3":[0,0],"4":[0,0],"5":[0,0],"6":[0,0],"7":[0,0],"8":[0,0],"9":[0,0],"10":[0,0],"11":[0,0],"12":[0,0]},"f":{"1":0,"2":0,"3":0,"4":0,"5":0,"6":0,"7":0,"8":0,"9":0,"10":0,"11":0,"12":0,"13":0},"fnMap":{"1":{"name":"Stealth","line":9,"loc":{"start":{"line":9,"column":0},"end":{"line":9,"column":25}}},"2":{"name":"(anonymous_2)","line":22,"loc":{"start":{"line":22,"column":29},"end":{"line":22,"column":41}}},"3":{"name":"(anonymous_3)","line":33,"loc":{"start":{"line":33,"column":27},"end":{"line":33,"column":39}}},"4":{"name":"(anonymous_4)","line":49,"loc":{"start":{"line":49,"column":29},"end":{"line":49,"column":41}}},"5":{"name":"(anonymous_5)","line":59,"loc":{"start":{"line":59,"column":21},"end":{"line":59,"column":39}}},"6":{"name":"(anonymous_6)","line":87,"loc":{"start":{"line":87,"column":21},"end":{"line":87,"column":39}}},"7":{"name":"(anonymous_7)","line":106,"loc":{"start":{"line":106,"column":41},"end":{"line":106,"column":66}}},"8":{"name":"(anonymous_8)","line":123,"loc":{"start":{"line":123,"column":38},"end":{"line":123,"column":63}}},"9":{"name":"(anonymous_9)","line":135,"loc":{"start":{"line":135,"column":43},"end":{"line":135,"column":90}}},"10":{"name":"(anonymous_10)","line":165,"loc":{"start":{"line":165,"column":19},"end":{"line":165,"column":35}}},"11":{"name":"(anonymous_11)","line":181,"loc":{"start":{"line":181,"column":21},"end":{"line":181,"column":36}}},"12":{"name":"bconcat","line":193,"loc":{"start":{"line":193,"column":0},"end":{"line":193,"column":22}}},"13":{"name":"(anonymous_13)","line":194,"loc":{"start":{"line":194,"column":16},"end":{"line":194,"column":32}}}},"statementMap":{"1":{"start":{"line":1,"column":0},"end":{"line":1,"column":30}},"2":{"start":{"line":2,"column":0},"end":{"line":2,"column":26}},"3":{"start":{"line":3,"column":0},"end":{"line":3,"column":30}},"4":{"start":{"line":4,"column":0},"end":{"line":4,"column":32}},"5":{"start":{"line":5,"column":0},"end":{"line":5,"column":49}},"6":{"start":{"line":6,"column":0},"end":{"line":6,"column":24}},"7":{"start":{"line":7,"column":0},"end":{"line":7,"column":34}},"8":{"start":{"line":9,"column":0},"end":{"line":20,"column":1}},"9":{"start":{"line":11,"column":2},"end":{"line":11,"column":43}},"10":{"start":{"line":12,"column":2},"end":{"line":12,"column":37}},"11":{"start":{"line":15,"column":2},"end":{"line":15,"column":45}},"12":{"start":{"line":16,"column":2},"end":{"line":16,"column":39}},"13":{"start":{"line":18,"column":2},"end":{"line":18,"column":79}},"14":{"start":{"line":19,"column":2},"end":{"line":19,"column":73}},"15":{"start":{"line":22,"column":0},"end":{"line":31,"column":1}},"16":{"start":{"line":23,"column":2},"end":{"line":30,"column":4}},"17":{"start":{"line":33,"column":0},"end":{"line":47,"column":1}},"18":{"start":{"line":35,"column":2},"end":{"line":40,"column":3}},"19":{"start":{"line":43,"column":2},"end":{"line":43,"column":48}},"20":{"start":{"line":43,"column":25},"end":{"line":43,"column":48}},"21":{"start":{"line":44,"column":2},"end":{"line":44,"column":42}},"22":{"start":{"line":44,"column":22},"end":{"line":44,"column":42}},"23":{"start":{"line":46,"column":2},"end":{"line":46,"column":10}},"24":{"start":{"line":49,"column":0},"end":{"line":57,"column":1}},"25":{"start":{"line":50,"column":2},"end":{"line":50,"column":31}},"26":{"start":{"line":51,"column":2},"end":{"line":51,"column":53}},"27":{"start":{"line":53,"column":2},"end":{"line":56,"column":5}},"28":{"start":{"line":59,"column":0},"end":{"line":85,"column":1}},"29":{"start":{"line":60,"column":2},"end":{"line":60,"column":18}},"30":{"start":{"line":61,"column":2},"end":{"line":61,"column":13}},"31":{"start":{"line":62,"column":2},"end":{"line":62,"column":39}},"32":{"start":{"line":63,"column":2},"end":{"line":63,"column":26}},"33":{"start":{"line":65,"column":2},"end":{"line":65,"column":50}},"34":{"start":{"line":66,"column":2},"end":{"line":66,"column":47}},"35":{"start":{"line":68,"column":2},"end":{"line":68,"column":25}},"36":{"start":{"line":69,"column":2},"end":{"line":71,"column":3}},"37":{"start":{"line":70,"column":4},"end":{"line":70,"column":56}},"38":{"start":{"line":73,"column":2},"end":{"line":73,"column":37}},"39":{"start":{"line":74,"column":2},"end":{"line":74,"column":39}},"40":{"start":{"line":75,"column":2},"end":{"line":75,"column":51}},"41":{"start":{"line":77,"column":2},"end":{"line":77,"column":24}},"42":{"start":{"line":78,"column":2},"end":{"line":78,"column":26}},"43":{"start":{"line":79,"column":2},"end":{"line":79,"column":32}},"44":{"start":{"line":81,"column":2},"end":{"line":84,"column":4}},"45":{"start":{"line":87,"column":0},"end":{"line":103,"column":1}},"46":{"start":{"line":88,"column":2},"end":{"line":88,"column":23}},"47":{"start":{"line":89,"column":2},"end":{"line":89,"column":55}},"48":{"start":{"line":91,"column":2},"end":{"line":91,"column":42}},"49":{"start":{"line":92,"column":2},"end":{"line":92,"column":39}},"50":{"start":{"line":94,"column":2},"end":{"line":94,"column":97}},"51":{"start":{"line":95,"column":2},"end":{"line":95,"column":91}},"52":{"start":{"line":97,"column":2},"end":{"line":102,"column":4}},"53":{"start":{"line":106,"column":0},"end":{"line":121,"column":1}},"54":{"start":{"line":107,"column":2},"end":{"line":107,"column":29}},"55":{"start":{"line":109,"column":2},"end":{"line":109,"column":54}},"56":{"start":{"line":110,"column":2},"end":{"line":110,"column":56}},"57":{"start":{"line":112,"column":2},"end":{"line":112,"column":59}},"58":{"start":{"line":114,"column":2},"end":{"line":114,"column":56}},"59":{"start":{"line":115,"column":2},"end":{"line":115,"column":32}},"60":{"start":{"line":117,"column":2},"end":{"line":117,"column":18}},"61":{"start":{"line":119,"column":2},"end":{"line":119,"column":53}},"62":{"start":{"line":120,"column":2},"end":{"line":120,"column":19}},"63":{"start":{"line":123,"column":0},"end":{"line":132,"column":1}},"64":{"start":{"line":124,"column":2},"end":{"line":124,"column":59}},"65":{"start":{"line":125,"column":2},"end":{"line":125,"column":26}},"66":{"start":{"line":126,"column":2},"end":{"line":126,"column":53}},"67":{"start":{"line":128,"column":2},"end":{"line":131,"column":5}},"68":{"start":{"line":135,"column":0},"end":{"line":163,"column":1}},"69":{"start":{"line":136,"column":2},"end":{"line":136,"column":114}},"70":{"start":{"line":137,"column":2},"end":{"line":137,"column":108}},"71":{"start":{"line":139,"column":2},"end":{"line":139,"column":47}},"72":{"start":{"line":139,"column":36},"end":{"line":139,"column":47}},"73":{"start":{"line":141,"column":2},"end":{"line":141,"column":29}},"74":{"start":{"line":143,"column":2},"end":{"line":143,"column":29}},"75":{"start":{"line":144,"column":2},"end":{"line":144,"column":27}},"76":{"start":{"line":145,"column":2},"end":{"line":145,"column":52}},"77":{"start":{"line":147,"column":2},"end":{"line":147,"column":47}},"78":{"start":{"line":149,"column":2},"end":{"line":149,"column":33}},"79":{"start":{"line":150,"column":2},"end":{"line":150,"column":80}},"80":{"start":{"line":152,"column":2},"end":{"line":152,"column":32}},"81":{"start":{"line":154,"column":2},"end":{"line":154,"column":53}},"82":{"start":{"line":155,"column":2},"end":{"line":157,"column":3}},"83":{"start":{"line":156,"column":4},"end":{"line":156,"column":15}},"84":{"start":{"line":159,"column":2},"end":{"line":162,"column":3}},"85":{"start":{"line":165,"column":0},"end":{"line":179,"column":1}},"86":{"start":{"line":166,"column":2},"end":{"line":166,"column":7}},"87":{"start":{"line":167,"column":2},"end":{"line":171,"column":3}},"88":{"start":{"line":168,"column":4},"end":{"line":168,"column":24}},"89":{"start":{"line":170,"column":4},"end":{"line":170,"column":12}},"90":{"start":{"line":173,"column":2},"end":{"line":178,"column":4}},"91":{"start":{"line":181,"column":0},"end":{"line":191,"column":1}},"92":{"start":{"line":182,"column":2},"end":{"line":182,"column":43}},"93":{"start":{"line":184,"column":2},"end":{"line":184,"column":35}},"94":{"start":{"line":185,"column":2},"end":{"line":185,"column":33}},"95":{"start":{"line":186,"column":2},"end":{"line":186,"column":56}},"96":{"start":{"line":188,"column":2},"end":{"line":188,"column":61}},"97":{"start":{"line":190,"column":2},"end":{"line":190,"column":36}},"98":{"start":{"line":193,"column":0},"end":{"line":198,"column":1}},"99":{"start":{"line":194,"column":2},"end":{"line":196,"column":4}},"100":{"start":{"line":195,"column":4},"end":{"line":195,"column":60}},"101":{"start":{"line":197,"column":2},"end":{"line":197,"column":27}},"102":{"start":{"line":200,"column":0},"end":{"line":200,"column":24}}},"branchMap":{"1":{"line":36,"type":"cond-expr","locations":[{"start":{"line":36,"column":42},"end":{"line":36,"column":77}},{"start":{"line":36,"column":80},"end":{"line":36,"column":89}}]},"2":{"line":38,"type":"cond-expr","locations":[{"start":{"line":38,"column":36},"end":{"line":38,"column":68}},{"start":{"line":38,"column":71},"end":{"line":38,"column":80}}]},"3":{"line":43,"type":"if","locations":[{"start":{"line":43,"column":2},"end":{"line":43,"column":2}},{"start":{"line":43,"column":2},"end":{"line":43,"column":2}}]},"4":{"line":44,"type":"if","locations":[{"start":{"line":44,"column":2},"end":{"line":44,"column":2}},{"start":{"line":44,"column":2},"end":{"line":44,"column":2}}]},"5":{"line":88,"type":"binary-expr","locations":[{"start":{"line":88,"column":11},"end":{"line":88,"column":17}},{"start":{"line":88,"column":21},"end":{"line":88,"column":23}}]},"6":{"line":89,"type":"binary-expr","locations":[{"start":{"line":89,"column":12},"end":{"line":89,"column":22}},{"start":{"line":89,"column":26},"end":{"line":89,"column":55}}]},"7":{"line":139,"type":"if","locations":[{"start":{"line":139,"column":2},"end":{"line":139,"column":2}},{"start":{"line":139,"column":2},"end":{"line":139,"column":2}}]},"8":{"line":155,"type":"if","locations":[{"start":{"line":155,"column":2},"end":{"line":155,"column":2}},{"start":{"line":155,"column":2},"end":{"line":155,"column":2}}]},"9":{"line":167,"type":"if","locations":[{"start":{"line":167,"column":2},"end":{"line":167,"column":2}},{"start":{"line":167,"column":2},"end":{"line":167,"column":2}}]},"10":{"line":176,"type":"cond-expr","locations":[{"start":{"line":176,"column":39},"end":{"line":176,"column":74}},{"start":{"line":176,"column":77},"end":{"line":176,"column":86}}]},"11":{"line":177,"type":"cond-expr","locations":[{"start":{"line":177,"column":33},"end":{"line":177,"column":65}},{"start":{"line":177,"column":68},"end":{"line":177,"column":77}}]},"12":{"line":195,"type":"cond-expr","locations":[{"start":{"line":195,"column":35},"end":{"line":195,"column":39}},{"start":{"line":195,"column":42},"end":{"line":195,"column":60}}]}}},"/home/anhnt/projects/stealth/lib/crypto.js":{"path":"/home/anhnt/projects/stealth/lib/crypto.js","s":{"1":1,"2":1,"3":1,"4":1,"5":1,"6":0,"7":0,"8":1,"9":0,"10":1,"11":0,"12":0,"13":1},"b":{},"f":{"1":0,"2":0,"3":0},"fnMap":{"1":{"name":"hash160","line":9,"loc":{"start":{"line":9,"column":0},"end":{"line":9,"column":26}}},"2":{"name":"hmacSha256","line":14,"loc":{"start":{"line":14,"column":0},"end":{"line":14,"column":29}}},"3":{"name":"sha256x2","line":18,"loc":{"start":{"line":18,"column":0},"end":{"line":18,"column":27}}}},"statementMap":{"1":{"start":{"line":2,"column":0},"end":{"line":2,"column":30}},"2":{"start":{"line":3,"column":0},"end":{"line":3,"column":30}},"3":{"start":{"line":6,"column":0},"end":{"line":6,"column":49}},"4":{"start":{"line":7,"column":0},"end":{"line":7,"column":39}},"5":{"start":{"line":9,"column":0},"end":{"line":12,"column":1}},"6":{"start":{"line":10,"column":2},"end":{"line":10,"column":62}},"7":{"start":{"line":11,"column":2},"end":{"line":11,"column":60}},"8":{"start":{"line":14,"column":0},"end":{"line":16,"column":1}},"9":{"start":{"line":15,"column":2},"end":{"line":15,"column":76}},"10":{"start":{"line":18,"column":0},"end":{"line":21,"column":1}},"11":{"start":{"line":19,"column":2},"end":{"line":19,"column":62}},"12":{"start":{"line":20,"column":2},"end":{"line":20,"column":60}},"13":{"start":{"line":23,"column":0},"end":{"line":29,"column":1}}},"branchMap":{}},"/home/anhnt/projects/stealth/lib/address.js":{"path":"/home/anhnt/projects/stealth/lib/address.js","s":{"1":1,"2":1,"3":1,"4":1,"5":1,"6":1,"7":1,"8":3,"9":1,"10":1,"11":1,"12":1,"13":1,"14":1,"15":1,"16":1,"17":1,"18":1,"19":1,"20":1},"b":{},"f":{"1":3,"2":1,"3":1},"fnMap":{"1":{"name":"(anonymous_1)","line":14,"loc":{"start":{"line":14,"column":31},"end":{"line":14,"column":50}}},"2":{"name":"(anonymous_2)","line":27,"loc":{"start":{"line":27,"column":31},"end":{"line":27,"column":55}}},"3":{"name":"(anonymous_3)","line":39,"loc":{"start":{"line":39,"column":28},"end":{"line":39,"column":50}}}},"statementMap":{"1":{"start":{"line":1,"column":0},"end":{"line":1,"column":36}},"2":{"start":{"line":2,"column":0},"end":{"line":2,"column":22}},"3":{"start":{"line":3,"column":0},"end":{"line":3,"column":33}},"4":{"start":{"line":4,"column":0},"end":{"line":4,"column":30}},"5":{"start":{"line":5,"column":0},"end":{"line":5,"column":34}},"6":{"start":{"line":7,"column":0},"end":{"line":7,"column":21}},"7":{"start":{"line":14,"column":0},"end":{"line":17,"column":1}},"8":{"start":{"line":16,"column":4},"end":{"line":16,"column":76}},"9":{"start":{"line":27,"column":0},"end":{"line":32,"column":1}},"10":{"start":{"line":28,"column":4},"end":{"line":28,"column":31}},"11":{"start":{"line":29,"column":4},"end":{"line":29,"column":39}},"12":{"start":{"line":30,"column":4},"end":{"line":30,"column":44}},"13":{"start":{"line":31,"column":4},"end":{"line":31,"column":50}},"14":{"start":{"line":39,"column":0},"end":{"line":52,"column":1}},"15":{"start":{"line":40,"column":4},"end":{"line":40,"column":27}},"16":{"start":{"line":41,"column":4},"end":{"line":41,"column":40}},"17":{"start":{"line":42,"column":4},"end":{"line":42,"column":52}},"18":{"start":{"line":43,"column":4},"end":{"line":43,"column":52}},"19":{"start":{"line":45,"column":4},"end":{"line":51,"column":5}},"20":{"start":{"line":54,"column":0},"end":{"line":54,"column":29}}},"branchMap":{}},"/home/anhnt/projects/stealth/lib/common.js":{"path":"/home/anhnt/projects/stealth/lib/common.js","s":{"1":1,"2":1,"3":1,"4":0,"5":1,"6":1,"7":70,"8":1,"9":1,"10":1,"11":1,"12":70,"13":1,"14":1,"15":4,"16":4,"17":1,"18":4,"19":0,"20":4,"21":1},"b":{"1":[0,1],"2":[0,4],"3":[4,4]},"f":{"1":1,"2":1,"3":4,"4":4},"fnMap":{"1":{"name":"hextobin","line":8,"loc":{"start":{"line":8,"column":0},"end":{"line":8,"column":23}}},"2":{"name":"bintohex","line":22,"loc":{"start":{"line":22,"column":0},"end":{"line":22,"column":23}}},"3":{"name":"validHex","line":35,"loc":{"start":{"line":35,"column":0},"end":{"line":35,"column":23}}},"4":{"name":"fastHash","line":45,"loc":{"start":{"line":45,"column":0},"end":{"line":45,"column":25}}}},"statementMap":{"1":{"start":{"line":1,"column":0},"end":{"line":1,"column":50}},"2":{"start":{"line":8,"column":0},"end":{"line":15,"column":1}},"3":{"start":{"line":9,"column":4},"end":{"line":9,"column":69}},"4":{"start":{"line":9,"column":30},"end":{"line":9,"column":69}},"5":{"start":{"line":10,"column":4},"end":{"line":10,"column":45}},"6":{"start":{"line":11,"column":4},"end":{"line":13,"column":5}},"7":{"start":{"line":12,"column":8},"end":{"line":12,"column":59}},"8":{"start":{"line":14,"column":4},"end":{"line":14,"column":15}},"9":{"start":{"line":22,"column":0},"end":{"line":28,"column":1}},"10":{"start":{"line":23,"column":4},"end":{"line":23,"column":17}},"11":{"start":{"line":24,"column":4},"end":{"line":26,"column":5}},"12":{"start":{"line":25,"column":8},"end":{"line":25,"column":56}},"13":{"start":{"line":27,"column":4},"end":{"line":27,"column":24}},"14":{"start":{"line":35,"column":0},"end":{"line":38,"column":1}},"15":{"start":{"line":36,"column":4},"end":{"line":36,"column":60}},"16":{"start":{"line":37,"column":4},"end":{"line":37,"column":25}},"17":{"start":{"line":45,"column":0},"end":{"line":50,"column":1}},"18":{"start":{"line":46,"column":4},"end":{"line":48,"column":5}},"19":{"start":{"line":47,"column":8},"end":{"line":47,"column":30}},"20":{"start":{"line":49,"column":4},"end":{"line":49,"column":28}},"21":{"start":{"line":52,"column":0},"end":{"line":57,"column":1}}},"branchMap":{"1":{"line":9,"type":"if","locations":[{"start":{"line":9,"column":4},"end":{"line":9,"column":4}},{"start":{"line":9,"column":4},"end":{"line":9,"column":4}}]},"2":{"line":46,"type":"if","locations":[{"start":{"line":46,"column":4},"end":{"line":46,"column":4}},{"start":{"line":46,"column":4},"end":{"line":46,"column":4}}]},"3":{"line":46,"type":"binary-expr","locations":[{"start":{"line":46,"column":8},"end":{"line":46,"column":30}},{"start":{"line":46,"column":34},"end":{"line":46,"column":50}}]}}}}