TN:
SF:/home/anhnt/projects/stealth/lib/stealth.js
FN:9,Stealth
FN:22,(anonymous_2)
FN:33,(anonymous_3)
FN:49,(anonymous_4)
FN:59,(anonymous_5)
FN:87,(anonymous_6)
FN:106,(anonymous_7)
FN:123,(anonymous_8)
FN:135,(anonymous_9)
FN:165,(anonymous_10)
FN:181,(anonymous_11)
FN:193,bconcat
FN:194,(anonymous_13)
FNF:13
FNH:0
FNDA:0,Stealth
FNDA:0,(anonymous_2)
FNDA:0,(anonymous_3)
FNDA:0,(anonymous_4)
FNDA:0,(anonymous_5)
FNDA:0,(anonymous_6)
FNDA:0,(anonymous_7)
FNDA:0,(anonymous_8)
FNDA:0,(anonymous_9)
FNDA:0,(anonymous_10)
FNDA:0,(anonymous_11)
FNDA:0,bconcat
FNDA:0,(anonymous_13)
DA:1,1
DA:2,1
DA:3,1
DA:4,1
DA:5,1
DA:6,1
DA:7,1
DA:9,1
DA:11,0
DA:12,0
DA:15,0
DA:16,0
DA:18,0
DA:19,0
DA:22,1
DA:23,0
DA:33,1
DA:35,0
DA:43,0
DA:44,0
DA:46,0
DA:49,1
DA:50,0
DA:51,0
DA:53,0
DA:59,1
DA:60,0
DA:61,0
DA:62,0
DA:63,0
DA:65,0
DA:66,0
DA:68,0
DA:69,0
DA:70,0
DA:73,0
DA:74,0
DA:75,0
DA:77,0
DA:78,0
DA:79,0
DA:81,0
DA:87,1
DA:88,0
DA:89,0
DA:91,0
DA:92,0
DA:94,0
DA:95,0
DA:97,0
DA:106,1
DA:107,0
DA:109,0
DA:110,0
DA:112,0
DA:114,0
DA:115,0
DA:117,0
DA:119,0
DA:120,0
DA:123,1
DA:124,0
DA:125,0
DA:126,0
DA:128,0
DA:135,1
DA:136,0
DA:137,0
DA:139,0
DA:141,0
DA:143,0
DA:144,0
DA:145,0
DA:147,0
DA:149,0
DA:150,0
DA:152,0
DA:154,0
DA:155,0
DA:156,0
DA:159,0
DA:165,1
DA:166,0
DA:167,0
DA:168,0
DA:170,0
DA:173,0
DA:181,1
DA:182,0
DA:184,0
DA:185,0
DA:186,0
DA:188,0
DA:190,0
DA:193,1
DA:194,0
DA:195,0
DA:197,0
DA:200,1
LF:99
LH:20
BRDA:36,1,0,0
BRDA:36,1,1,0
BRDA:38,2,0,0
BRDA:38,2,1,0
BRDA:43,3,0,0
BRDA:43,3,1,0
BRDA:44,4,0,0
BRDA:44,4,1,0
BRDA:88,5,0,0
BRDA:88,5,1,0
BRDA:89,6,0,0
BRDA:89,6,1,0
BRDA:139,7,0,0
BRDA:139,7,1,0
BRDA:155,8,0,0
BRDA:155,8,1,0
BRDA:167,9,0,0
BRDA:167,9,1,0
BRDA:176,10,0,0
BRDA:176,10,1,0
BRDA:177,11,0,0
BRDA:177,11,1,0
BRDA:195,12,0,0
BRDA:195,12,1,0
BRF:24
BRH:0
end_of_record
TN:
SF:/home/anhnt/projects/stealth/lib/crypto.js
FN:9,hash160
FN:14,hmacSha256
FN:18,sha256x2
FNF:3
FNH:0
FNDA:0,hash160
FNDA:0,hmacSha256
FNDA:0,sha256x2
DA:2,1
DA:3,1
DA:6,1
DA:7,1
DA:9,1
DA:10,0
DA:11,0
DA:14,1
DA:15,0
DA:18,1
DA:19,0
DA:20,0
DA:23,1
LF:13
LH:8
BRF:0
BRH:0
end_of_record
TN:
SF:/home/anhnt/projects/stealth/lib/address.js
FN:14,(anonymous_1)
FN:27,(anonymous_2)
FN:39,(anonymous_3)
FNF:3
FNH:3
FNDA:3,(anonymous_1)
FNDA:1,(anonymous_2)
FNDA:1,(anonymous_3)
DA:1,1
DA:2,1
DA:3,1
DA:4,1
DA:5,1
DA:7,1
DA:14,1
DA:16,3
DA:27,1
DA:28,1
DA:29,1
DA:30,1
DA:31,1
DA:39,1
DA:40,1
DA:41,1
DA:42,1
DA:43,1
DA:45,1
DA:54,1
LF:20
LH:20
BRF:0
BRH:0
end_of_record
TN:
SF:/home/anhnt/projects/stealth/lib/common.js
FN:8,hextobin
FN:22,bintohex
FN:35,validHex
FN:45,fastHash
FNF:4
FNH:4
FNDA:1,hextobin
FNDA:1,bintohex
FNDA:4,validHex
FNDA:4,fastHash
DA:1,1
DA:8,1
DA:9,1
DA:10,1
DA:11,1
DA:12,70
DA:14,1
DA:22,1
DA:23,1
DA:24,1
DA:25,70
DA:27,1
DA:35,1
DA:36,4
DA:37,4
DA:45,1
DA:46,4
DA:47,0
DA:49,4
DA:52,1
LF:20
LH:19
BRDA:9,1,0,0
BRDA:9,1,1,1
BRDA:46,2,0,0
BRDA:46,2,1,4
BRDA:46,3,0,4
BRDA:46,3,1,4
BRF:6
BRH:4
end_of_record
